<?xml version="1.0" encoding="UTF-8"?>
<TestRun id="e24234c0-4f31-4384-807f-cb9f5c73ffdc" name="Gurvinder@GURVINDER-PC 2014-04-13 22:07:54" runUser="Gurvinder-PC\Gurvinder" xmlns="http://microsoft.com/schemas/VisualStudio/TeamTest/2010">
  <TestSettings name="Default Test Settings" id="59de06f3-6430-4ab7-a63c-643c11fc7434">
    <Execution>
      <TestTypeSpecific />
      <AgentRule name="Execution Agents">
      </AgentRule>
    </Execution>
    <Deployment runDeploymentRoot="Gurvinder_GURVINDER-PC 2014-04-13 22_07_54" />
    <Properties />
  </TestSettings>
  <Times creation="2014-04-13T22:07:54.2752833-04:00" queuing="2014-04-13T22:07:55.7603683-04:00" start="2014-04-13T22:07:55.9223775-04:00" finish="2014-04-13T22:08:13.2723699-04:00" />
  <ResultSummary outcome="Error">
    <Counters total="1" executed="1" error="0" failed="0" timeout="0" aborted="1" inconclusive="0" passedButRunAborted="0" notRunnable="0" notExecuted="0" disconnected="0" warning="0" passed="0" completed="0" inProgress="0" pending="0" />
    <RunInfos>
      <RunInfo computerName="GURVINDER-PC" outcome="Error" timestamp="2014-04-13T22:08:13.2713698-04:00">
        <Text>Test host process exited unexpectedly.</Text>
      </RunInfo>
    </RunInfos>
  </ResultSummary>
  <TestDefinitions>
    <WebTest name="LoginPageTest" storage="c:\users\gurvinder\documents\visual studio 2013\projects\phoenix_project\phoenix_project.tests\loginpagetest.webtest" id="713c1ccc-7504-4502-a55f-ea4340ae0014" persistedWebTest="77u/PD94bWwgdmVyc2lvbj0iMS4wIiBlbmNvZGluZz0iVVRGLTgiIHN0YW5kYWxvbmU9InllcyI/Pg0KPFdlYlRlc3QgTmFtZT0iTG9naW5QYWdlVGVzdCIgSWQ9IjcxM2MxY2NjLTc1MDQtNDUwMi1hNTVmLWVhNDM0MGFlMDAxNCIgT3duZXI9IiIgUHJpb3JpdHk9IjIxNDc0ODM2NDciIEVuYWJsZWQ9IlRydWUiIENzc1Byb2plY3RTdHJ1Y3R1cmU9IiIgQ3NzSXRlcmF0aW9uPSIiIFRpbWVvdXQ9IjAiIFdvcmtJdGVtSWRzPSIiIHhtbG5zPSJodHRwOi8vbWljcm9zb2Z0LmNvbS9zY2hlbWFzL1Zpc3VhbFN0dWRpby9UZWFtVGVzdC8yMDEwIiBEZXNjcmlwdGlvbj0iIiBDcmVkZW50aWFsVXNlck5hbWU9IiIgQ3JlZGVudGlhbFBhc3N3b3JkPSIiIFByZUF1dGhlbnRpY2F0ZT0iVHJ1ZSIgUHJveHk9ImRlZmF1bHQiIFN0b3BPbkVycm9yPSJGYWxzZSIgUmVjb3JkZWRSZXN1bHRGaWxlPSIiIFJlc3VsdHNMb2NhbGU9IiIgLz4=">
      <Execution id="17a34218-2711-4da5-b53a-dfc2b223df4f" />
    </WebTest>
  </TestDefinitions>
  <TestLists>
    <TestList name="Results Not in a List" id="8c84fa94-04c1-424b-9868-57a2d4851a1d" />
    <TestList name="All Loaded Results" id="19431567-8539-422a-85d7-44ee4e166bda" />
  </TestLists>
  <TestEntries>
    <TestEntry isTransparent="false" testId="713c1ccc-7504-4502-a55f-ea4340ae0014" executionId="17a34218-2711-4da5-b53a-dfc2b223df4f" testListId="8c84fa94-04c1-424b-9868-57a2d4851a1d" />
  </TestEntries>
  <Results>
    <WebTestResult executionId="17a34218-2711-4da5-b53a-dfc2b223df4f" testId="713c1ccc-7504-4502-a55f-ea4340ae0014" testName="LoginPageTest" computerName="GURVINDER-PC" duration="00:00:17.2449864" startTime="2014-04-13T22:07:56.0273835-04:00" endTime="2014-04-13T22:08:13.2723699-04:00" testType="4e7599fa-5ecb-43e9-a887-cd63cf72d207" outcome="Aborted" testListId="8c84fa94-04c1-424b-9868-57a2d4851a1d" relativeResultsDirectory="17a34218-2711-4da5-b53a-dfc2b223df4f">
      <TestSettings name="Default Test Settings" id="59de06f3-6430-4ab7-a63c-643c11fc7434">
        <Execution>
          <TestTypeSpecific>
            <WebTestRunConfiguration testTypeId="4e7599fa-5ecb-43e9-a887-cd63cf72d207">
              <Browser name="Internet Explorer 9.0" MaxConnections="6">
                <Headers>
                  <Header name="User-Agent" value="Mozilla/5.0 (compatible; MSIE 9.0; Windows NT 6.1; Trident/5.0)" />
                  <Header name="Accept" value="*/*" />
                  <Header name="Accept-Language" value="{{$IEAcceptLanguage}}" />
                  <Header name="Accept-Encoding" value="GZIP" />
                </Headers>
              </Browser>
            </WebTestRunConfiguration>
          </TestTypeSpecific>
          <AgentRule name="Execution Agents">
          </AgentRule>
        </Execution>
        <Deployment runDeploymentRoot="Gurvinder_GURVINDER-PC 2014-04-13 22_07_54" />
        <Properties />
      </TestSettings>
      <WebTestResultFilePath>
      </WebTestResultFilePath>
    </WebTestResult>
  </Results>
</TestRun>