<?xml version="1.0" encoding="UTF-8"?>
<TestRun id="b2d3f285-59e1-4ce0-b83f-2880363d2e7c" name="Gurvinder@GURVINDER-PC 2014-04-13 22:06:57" runUser="Gurvinder-PC\Gurvinder" xmlns="http://microsoft.com/schemas/VisualStudio/TeamTest/2010">
  <TestSettings name="Default Test Settings" id="dfbf668f-4a27-456d-a682-f522a5b287b1">
    <Deployment runDeploymentRoot="Gurvinder_GURVINDER-PC 2014-04-13 22_06_57">
      <DeploymentItem filename="C:\Users\Gurvinder\Documents\Visual Studio 2013\Projects\Phoenix_Project\packages\Microsoft.AspNet.WebApi.Client.5.0.0\lib\net45\System.Net.Http.Formatting.dll" />
      <DeploymentItem filename="C:\Users\Gurvinder\Documents\Visual Studio 2013\Projects\Phoenix_Project\packages\Microsoft.AspNet.WebPages.3.0.0\lib\net45\System.Web.WebPages.Razor.dll" />
      <DeploymentItem filename="C:\Users\Gurvinder\Documents\Visual Studio 2013\Projects\Phoenix_Project\packages\Microsoft.AspNet.WebPages.3.0.0\lib\net45\System.Web.WebPages.dll" />
      <DeploymentItem filename="C:\Users\Gurvinder\Documents\Visual Studio 2013\Projects\Phoenix_Project\packages\Microsoft.AspNet.Mvc.5.0.0\lib\net45\System.Web.Mvc.dll" />
      <DeploymentItem filename="C:\Users\Gurvinder\Documents\Visual Studio 2013\Projects\Phoenix_Project\packages\Microsoft.AspNet.WebApi.Core.5.0.0\lib\net45\System.Web.Http.dll" />
      <DeploymentItem filename="C:\Users\Gurvinder\Documents\Visual Studio 2013\Projects\Phoenix_Project\packages\Microsoft.AspNet.WebPages.3.0.0\lib\net45\System.Web.Helpers.dll" />
      <DeploymentItem filename="C:\Users\Gurvinder\Documents\Visual Studio 2013\Projects\Phoenix_Project\packages\Newtonsoft.Json.5.0.6\lib\net45\Newtonsoft.Json.dll" />
      <DeploymentItem filename="C:\Users\Gurvinder\Documents\Visual Studio 2013\Projects\Phoenix_Project\packages\Microsoft.AspNet.WebPages.3.0.0\lib\net45\System.Web.WebPages.Deployment.dll" />
      <DeploymentItem filename="C:\Users\Gurvinder\Documents\Visual Studio 2013\Projects\Phoenix_Project\packages\Microsoft.AspNet.WebApi.WebHost.5.0.0\lib\net45\System.Web.Http.WebHost.dll" />
      <DeploymentItem filename="C:\Users\Gurvinder\Documents\Visual Studio 2013\Projects\Phoenix_Project\packages\Microsoft.AspNet.Razor.3.0.0\lib\net45\System.Web.Razor.dll" />
      <DeploymentItem filename="C:\Users\Gurvinder\Documents\Visual Studio 2013\Projects\Phoenix_Project\packages\Microsoft.Web.Infrastructure.1.0.0.0\lib\net40\Microsoft.Web.Infrastructure.dll" />
      <DeploymentItem filename="C:\Users\Gurvinder\Documents\Visual Studio 2013\Projects\Phoenix_Project\packages\CodedUI.jQueryExtensions.1.0.3.0\lib\net40\CodedUI.jQueryExtensions.dll" />
      <DeploymentItem filename="C:\Users\Gurvinder\Documents\Visual Studio 2013\Projects\Phoenix_Project\Phoenix_Project\bin\Phoenix_Project.dll" />
    </Deployment>
    <Execution>
      <TestTypeSpecific />
      <AgentRule name="Execution Agents">
      </AgentRule>
    </Execution>
    <Properties />
  </TestSettings>
  <Times creation="2014-04-13T22:06:57.3860295-04:00" queuing="2014-04-13T22:06:59.3621425-04:00" start="2014-04-13T22:06:59.6671599-04:00" finish="2014-04-13T22:07:00.0921842-04:00" />
  <ResultSummary outcome="Completed">
    <Counters total="1" executed="1" passed="1" error="0" failed="0" timeout="0" aborted="0" inconclusive="0" passedButRunAborted="0" notRunnable="0" notExecuted="0" disconnected="0" warning="0" completed="0" inProgress="0" pending="0" />
  </ResultSummary>
  <TestDefinitions>
    <WebTest name="LoginPageTest" storage="c:\users\gurvinder\documents\visual studio 2013\projects\phoenix_project\phoenix_project.tests\loginpagetest.webtest" id="713c1ccc-7504-4502-a55f-ea4340ae0014" persistedWebTest="77u/PD94bWwgdmVyc2lvbj0iMS4wIiBlbmNvZGluZz0iVVRGLTgiIHN0YW5kYWxvbmU9InllcyI/Pg0KPFdlYlRlc3QgTmFtZT0iTG9naW5QYWdlVGVzdCIgSWQ9IjcxM2MxY2NjLTc1MDQtNDUwMi1hNTVmLWVhNDM0MGFlMDAxNCIgT3duZXI9IiIgUHJpb3JpdHk9IjIxNDc0ODM2NDciIEVuYWJsZWQ9IlRydWUiIENzc1Byb2plY3RTdHJ1Y3R1cmU9IiIgQ3NzSXRlcmF0aW9uPSIiIFRpbWVvdXQ9IjAiIFdvcmtJdGVtSWRzPSIiIHhtbG5zPSJodHRwOi8vbWljcm9zb2Z0LmNvbS9zY2hlbWFzL1Zpc3VhbFN0dWRpby9UZWFtVGVzdC8yMDEwIiBEZXNjcmlwdGlvbj0iIiBDcmVkZW50aWFsVXNlck5hbWU9IiIgQ3JlZGVudGlhbFBhc3N3b3JkPSIiIFByZUF1dGhlbnRpY2F0ZT0iVHJ1ZSIgUHJveHk9ImRlZmF1bHQiIFN0b3BPbkVycm9yPSJGYWxzZSIgUmVjb3JkZWRSZXN1bHRGaWxlPSIiIFJlc3VsdHNMb2NhbGU9IiIgLz4=">
      <Execution id="3c1b221c-0879-4cde-b7e2-0c23a82be4f8" />
    </WebTest>
  </TestDefinitions>
  <TestLists>
    <TestList name="Results Not in a List" id="8c84fa94-04c1-424b-9868-57a2d4851a1d" />
    <TestList name="All Loaded Results" id="19431567-8539-422a-85d7-44ee4e166bda" />
  </TestLists>
  <TestEntries>
    <TestEntry isTransparent="false" testId="713c1ccc-7504-4502-a55f-ea4340ae0014" executionId="3c1b221c-0879-4cde-b7e2-0c23a82be4f8" testListId="8c84fa94-04c1-424b-9868-57a2d4851a1d" />
  </TestEntries>
  <Results>
    <WebTestResult executionId="3c1b221c-0879-4cde-b7e2-0c23a82be4f8" testId="713c1ccc-7504-4502-a55f-ea4340ae0014" testName="LoginPageTest" computerName="GURVINDER-PC" duration="00:00:00.0086839" startTime="2014-04-13T22:06:59.7721659-04:00" endTime="2014-04-13T22:07:00.0531820-04:00" testType="4e7599fa-5ecb-43e9-a887-cd63cf72d207" outcome="Passed" testListId="8c84fa94-04c1-424b-9868-57a2d4851a1d" relativeResultsDirectory="3c1b221c-0879-4cde-b7e2-0c23a82be4f8">
      <ResultFiles>
        <ResultFile path="LoginPageTest.webtestResult" />
      </ResultFiles>
      <TestSettings name="Default Test Settings" id="dfbf668f-4a27-456d-a682-f522a5b287b1">
        <Deployment runDeploymentRoot="Gurvinder_GURVINDER-PC 2014-04-13 22_06_57">
          <DeploymentItem filename="C:\Users\Gurvinder\Documents\Visual Studio 2013\Projects\Phoenix_Project\packages\Microsoft.AspNet.WebApi.Client.5.0.0\lib\net45\System.Net.Http.Formatting.dll" />
          <DeploymentItem filename="C:\Users\Gurvinder\Documents\Visual Studio 2013\Projects\Phoenix_Project\packages\Microsoft.AspNet.WebPages.3.0.0\lib\net45\System.Web.WebPages.Razor.dll" />
          <DeploymentItem filename="C:\Users\Gurvinder\Documents\Visual Studio 2013\Projects\Phoenix_Project\packages\Microsoft.AspNet.Mvc.5.0.0\lib\net45\System.Web.Mvc.dll" />
          <DeploymentItem filename="C:\Users\Gurvinder\Documents\Visual Studio 2013\Projects\Phoenix_Project\packages\Microsoft.AspNet.WebApi.Core.5.0.0\lib\net45\System.Web.Http.dll" />
          <DeploymentItem filename="C:\Users\Gurvinder\Documents\Visual Studio 2013\Projects\Phoenix_Project\packages\Microsoft.AspNet.WebPages.3.0.0\lib\net45\System.Web.Helpers.dll" />
          <DeploymentItem filename="C:\Users\Gurvinder\Documents\Visual Studio 2013\Projects\Phoenix_Project\packages\Newtonsoft.Json.5.0.6\lib\net45\Newtonsoft.Json.dll" />
          <DeploymentItem filename="C:\Users\Gurvinder\Documents\Visual Studio 2013\Projects\Phoenix_Project\packages\Microsoft.AspNet.WebPages.3.0.0\lib\net45\System.Web.WebPages.Deployment.dll" />
          <DeploymentItem filename="C:\Users\Gurvinder\Documents\Visual Studio 2013\Projects\Phoenix_Project\packages\Microsoft.AspNet.WebApi.WebHost.5.0.0\lib\net45\System.Web.Http.WebHost.dll" />
          <DeploymentItem filename="C:\Users\Gurvinder\Documents\Visual Studio 2013\Projects\Phoenix_Project\packages\Microsoft.AspNet.Razor.3.0.0\lib\net45\System.Web.Razor.dll" />
          <DeploymentItem filename="C:\Users\Gurvinder\Documents\Visual Studio 2013\Projects\Phoenix_Project\packages\Microsoft.Web.Infrastructure.1.0.0.0\lib\net40\Microsoft.Web.Infrastructure.dll" />
          <DeploymentItem filename="C:\Users\Gurvinder\Documents\Visual Studio 2013\Projects\Phoenix_Project\Phoenix_Project\bin\Phoenix_Project.dll" />
          <DeploymentItem filename="C:\Users\Gurvinder\Documents\Visual Studio 2013\Projects\Phoenix_Project\packages\CodedUI.jQueryExtensions.1.0.3.0\lib\net40\CodedUI.jQueryExtensions.dll" />
          <DeploymentItem filename="C:\Users\Gurvinder\Documents\Visual Studio 2013\Projects\Phoenix_Project\packages\Microsoft.AspNet.WebPages.3.0.0\lib\net45\System.Web.WebPages.dll" />
        </Deployment>
        <Execution>
          <TestTypeSpecific>
            <WebTestRunConfiguration testTypeId="4e7599fa-5ecb-43e9-a887-cd63cf72d207">
              <Browser name="Internet Explorer 9.0" MaxConnections="6">
                <Headers>
                  <Header name="User-Agent" value="Mozilla/5.0 (compatible; MSIE 9.0; Windows NT 6.1; Trident/5.0)" />
                  <Header name="Accept" value="*/*" />
                  <Header name="Accept-Language" value="{{$IEAcceptLanguage}}" />
                  <Header name="Accept-Encoding" value="GZIP" />
                </Headers>
              </Browser>
            </WebTestRunConfiguration>
          </TestTypeSpecific>
          <AgentRule name="Execution Agents">
          </AgentRule>
        </Execution>
        <Properties />
      </TestSettings>
      <WebTestResultFilePath>Gurvinder_GURVINDER-PC 2014-04-13 22_06_57\In\3c1b221c-0879-4cde-b7e2-0c23a82be4f8\LoginPageTest.webtestResult</WebTestResultFilePath>
    </WebTestResult>
  </Results>
</TestRun>