<?xml version="1.0" encoding="UTF-8"?>
<TestRun id="10f20d14-e988-4fd9-8f40-a9a913e2ad21" name="Gurvinder@GURVINDER-PC 2014-04-13 21:33:54" runUser="Gurvinder-PC\Gurvinder" xmlns="http://microsoft.com/schemas/VisualStudio/TeamTest/2010">
  <TestSettings name="Default Test Settings" id="4ece04a9-51fc-41c1-a1b5-b459ca91789a">
    <Deployment runDeploymentRoot="Gurvinder_GURVINDER-PC 2014-04-13 21_33_54">
      <DeploymentItem filename="C:\Users\Gurvinder\Documents\Visual Studio 2013\Projects\Phoenix_Project\packages\Microsoft.AspNet.WebApi.Client.5.0.0\lib\net45\System.Net.Http.Formatting.dll" />
      <DeploymentItem filename="C:\Users\Gurvinder\Documents\Visual Studio 2013\Projects\Phoenix_Project\packages\Microsoft.AspNet.WebPages.3.0.0\lib\net45\System.Web.WebPages.Razor.dll" />
      <DeploymentItem filename="C:\Users\Gurvinder\Documents\Visual Studio 2013\Projects\Phoenix_Project\packages\Microsoft.AspNet.WebPages.3.0.0\lib\net45\System.Web.WebPages.dll" />
      <DeploymentItem filename="C:\Users\Gurvinder\Documents\Visual Studio 2013\Projects\Phoenix_Project\packages\Microsoft.AspNet.Mvc.5.0.0\lib\net45\System.Web.Mvc.dll" />
      <DeploymentItem filename="C:\Users\Gurvinder\Documents\Visual Studio 2013\Projects\Phoenix_Project\packages\Microsoft.AspNet.WebApi.Core.5.0.0\lib\net45\System.Web.Http.dll" />
      <DeploymentItem filename="C:\Users\Gurvinder\Documents\Visual Studio 2013\Projects\Phoenix_Project\packages\Microsoft.AspNet.WebPages.3.0.0\lib\net45\System.Web.Helpers.dll" />
      <DeploymentItem filename="C:\Users\Gurvinder\Documents\Visual Studio 2013\Projects\Phoenix_Project\packages\Newtonsoft.Json.5.0.6\lib\net45\Newtonsoft.Json.dll" />
      <DeploymentItem filename="C:\Users\Gurvinder\Documents\Visual Studio 2013\Projects\Phoenix_Project\packages\Microsoft.AspNet.WebPages.3.0.0\lib\net45\System.Web.WebPages.Deployment.dll" />
      <DeploymentItem filename="C:\Users\Gurvinder\Documents\Visual Studio 2013\Projects\Phoenix_Project\packages\Microsoft.AspNet.WebApi.WebHost.5.0.0\lib\net45\System.Web.Http.WebHost.dll" />
      <DeploymentItem filename="C:\Users\Gurvinder\Documents\Visual Studio 2013\Projects\Phoenix_Project\packages\Microsoft.AspNet.Razor.3.0.0\lib\net45\System.Web.Razor.dll" />
      <DeploymentItem filename="C:\Users\Gurvinder\Documents\Visual Studio 2013\Projects\Phoenix_Project\packages\Microsoft.Web.Infrastructure.1.0.0.0\lib\net40\Microsoft.Web.Infrastructure.dll" />
      <DeploymentItem filename="C:\Users\Gurvinder\Documents\Visual Studio 2013\Projects\Phoenix_Project\packages\CodedUI.jQueryExtensions.1.0.3.0\lib\net40\CodedUI.jQueryExtensions.dll" />
      <DeploymentItem filename="C:\Users\Gurvinder\Documents\Visual Studio 2013\Projects\Phoenix_Project\Phoenix_Project\bin\Phoenix_Project.dll" />
    </Deployment>
    <Execution>
      <TestTypeSpecific />
      <AgentRule name="Execution Agents">
      </AgentRule>
    </Execution>
    <Properties />
  </TestSettings>
  <Times creation="2014-04-13T21:33:54.7066628-04:00" queuing="2014-04-13T21:33:56.4597631-04:00" start="2014-04-13T21:33:56.7967824-04:00" finish="2014-04-13T21:33:57.1538028-04:00" />
  <ResultSummary outcome="Completed">
    <Counters total="1" executed="1" passed="1" error="0" failed="0" timeout="0" aborted="0" inconclusive="0" passedButRunAborted="0" notRunnable="0" notExecuted="0" disconnected="0" warning="0" completed="0" inProgress="0" pending="0" />
  </ResultSummary>
  <TestDefinitions>
    <WebTest name="WebTest1" storage="c:\users\gurvinder\documents\visual studio 2013\projects\phoenix_project\phoenix_project.tests\webtest1.webtest" id="e8680f35-1e8c-4c15-8a18-ceb61103708e" persistedWebTest="77u/PD94bWwgdmVyc2lvbj0iMS4wIiBlbmNvZGluZz0iVVRGLTgiIHN0YW5kYWxvbmU9InllcyI/Pg0KPFdlYlRlc3QgTmFtZT0iV2ViVGVzdDEiIElkPSJlODY4MGYzNS0xZThjLTRjMTUtOGExOC1jZWI2MTEwMzcwOGUiIE93bmVyPSIiIFByaW9yaXR5PSIyMTQ3NDgzNjQ3IiBFbmFibGVkPSJUcnVlIiBDc3NQcm9qZWN0U3RydWN0dXJlPSIiIENzc0l0ZXJhdGlvbj0iIiBUaW1lb3V0PSIwIiBXb3JrSXRlbUlkcz0iIiB4bWxucz0iaHR0cDovL21pY3Jvc29mdC5jb20vc2NoZW1hcy9WaXN1YWxTdHVkaW8vVGVhbVRlc3QvMjAxMCIgRGVzY3JpcHRpb249IiIgQ3JlZGVudGlhbFVzZXJOYW1lPSIiIENyZWRlbnRpYWxQYXNzd29yZD0iIiBQcmVBdXRoZW50aWNhdGU9IlRydWUiIFByb3h5PSJkZWZhdWx0IiBTdG9wT25FcnJvcj0iRmFsc2UiIFJlY29yZGVkUmVzdWx0RmlsZT0iIiBSZXN1bHRzTG9jYWxlPSIiIC8+">
      <Execution id="1cc17e59-036b-45d8-a803-f0505bfc63e9" />
    </WebTest>
  </TestDefinitions>
  <TestLists>
    <TestList name="Results Not in a List" id="8c84fa94-04c1-424b-9868-57a2d4851a1d" />
    <TestList name="All Loaded Results" id="19431567-8539-422a-85d7-44ee4e166bda" />
  </TestLists>
  <TestEntries>
    <TestEntry isTransparent="false" testId="e8680f35-1e8c-4c15-8a18-ceb61103708e" executionId="1cc17e59-036b-45d8-a803-f0505bfc63e9" testListId="8c84fa94-04c1-424b-9868-57a2d4851a1d" />
  </TestEntries>
  <Results>
    <WebTestResult executionId="1cc17e59-036b-45d8-a803-f0505bfc63e9" testId="e8680f35-1e8c-4c15-8a18-ceb61103708e" testName="WebTest1" computerName="GURVINDER-PC" duration="00:00:00.0063817" startTime="2014-04-13T21:33:56.9337902-04:00" endTime="2014-04-13T21:33:57.0887991-04:00" testType="4e7599fa-5ecb-43e9-a887-cd63cf72d207" outcome="Passed" testListId="8c84fa94-04c1-424b-9868-57a2d4851a1d" relativeResultsDirectory="1cc17e59-036b-45d8-a803-f0505bfc63e9">
      <ResultFiles>
        <ResultFile path="WebTest1.webtestResult" />
      </ResultFiles>
      <TestSettings name="Default Test Settings" id="4ece04a9-51fc-41c1-a1b5-b459ca91789a">
        <Deployment runDeploymentRoot="Gurvinder_GURVINDER-PC 2014-04-13 21_33_54">
          <DeploymentItem filename="C:\Users\Gurvinder\Documents\Visual Studio 2013\Projects\Phoenix_Project\packages\Microsoft.AspNet.WebApi.Client.5.0.0\lib\net45\System.Net.Http.Formatting.dll" />
          <DeploymentItem filename="C:\Users\Gurvinder\Documents\Visual Studio 2013\Projects\Phoenix_Project\packages\Microsoft.AspNet.WebPages.3.0.0\lib\net45\System.Web.WebPages.Razor.dll" />
          <DeploymentItem filename="C:\Users\Gurvinder\Documents\Visual Studio 2013\Projects\Phoenix_Project\packages\Microsoft.AspNet.Mvc.5.0.0\lib\net45\System.Web.Mvc.dll" />
          <DeploymentItem filename="C:\Users\Gurvinder\Documents\Visual Studio 2013\Projects\Phoenix_Project\packages\Microsoft.AspNet.WebApi.Core.5.0.0\lib\net45\System.Web.Http.dll" />
          <DeploymentItem filename="C:\Users\Gurvinder\Documents\Visual Studio 2013\Projects\Phoenix_Project\packages\Microsoft.AspNet.WebPages.3.0.0\lib\net45\System.Web.Helpers.dll" />
          <DeploymentItem filename="C:\Users\Gurvinder\Documents\Visual Studio 2013\Projects\Phoenix_Project\packages\Newtonsoft.Json.5.0.6\lib\net45\Newtonsoft.Json.dll" />
          <DeploymentItem filename="C:\Users\Gurvinder\Documents\Visual Studio 2013\Projects\Phoenix_Project\packages\Microsoft.AspNet.WebPages.3.0.0\lib\net45\System.Web.WebPages.Deployment.dll" />
          <DeploymentItem filename="C:\Users\Gurvinder\Documents\Visual Studio 2013\Projects\Phoenix_Project\packages\Microsoft.AspNet.WebApi.WebHost.5.0.0\lib\net45\System.Web.Http.WebHost.dll" />
          <DeploymentItem filename="C:\Users\Gurvinder\Documents\Visual Studio 2013\Projects\Phoenix_Project\packages\Microsoft.AspNet.Razor.3.0.0\lib\net45\System.Web.Razor.dll" />
          <DeploymentItem filename="C:\Users\Gurvinder\Documents\Visual Studio 2013\Projects\Phoenix_Project\packages\Microsoft.Web.Infrastructure.1.0.0.0\lib\net40\Microsoft.Web.Infrastructure.dll" />
          <DeploymentItem filename="C:\Users\Gurvinder\Documents\Visual Studio 2013\Projects\Phoenix_Project\Phoenix_Project\bin\Phoenix_Project.dll" />
          <DeploymentItem filename="C:\Users\Gurvinder\Documents\Visual Studio 2013\Projects\Phoenix_Project\packages\CodedUI.jQueryExtensions.1.0.3.0\lib\net40\CodedUI.jQueryExtensions.dll" />
          <DeploymentItem filename="C:\Users\Gurvinder\Documents\Visual Studio 2013\Projects\Phoenix_Project\packages\Microsoft.AspNet.WebPages.3.0.0\lib\net45\System.Web.WebPages.dll" />
        </Deployment>
        <Execution>
          <TestTypeSpecific>
            <WebTestRunConfiguration testTypeId="4e7599fa-5ecb-43e9-a887-cd63cf72d207">
              <Browser name="Internet Explorer 9.0" MaxConnections="6">
                <Headers>
                  <Header name="User-Agent" value="Mozilla/5.0 (compatible; MSIE 9.0; Windows NT 6.1; Trident/5.0)" />
                  <Header name="Accept" value="*/*" />
                  <Header name="Accept-Language" value="{{$IEAcceptLanguage}}" />
                  <Header name="Accept-Encoding" value="GZIP" />
                </Headers>
              </Browser>
            </WebTestRunConfiguration>
          </TestTypeSpecific>
          <AgentRule name="Execution Agents">
          </AgentRule>
        </Execution>
        <Properties />
      </TestSettings>
      <WebTestResultFilePath>Gurvinder_GURVINDER-PC 2014-04-13 21_33_54\In\1cc17e59-036b-45d8-a803-f0505bfc63e9\WebTest1.webtestResult</WebTestResultFilePath>
    </WebTestResult>
  </Results>
</TestRun>