<?xml version="1.0" encoding="UTF-8"?>
<TestRun id="0e3dec86-f08e-42c5-af14-99df537254fd" name="Gurvinder@GURVINDER-PC 2014-04-13 22:07:10" runUser="Gurvinder-PC\Gurvinder" xmlns="http://microsoft.com/schemas/VisualStudio/TeamTest/2010">
  <TestSettings name="Default Test Settings" id="ff072049-1139-4ad2-b7a1-d72d63c2e433">
    <Execution>
      <TestTypeSpecific />
      <AgentRule name="Execution Agents">
      </AgentRule>
    </Execution>
    <Deployment runDeploymentRoot="Gurvinder_GURVINDER-PC 2014-04-13 22_07_10" />
    <Properties />
  </TestSettings>
  <Times creation="2014-04-13T22:07:10.3217693-04:00" queuing="2014-04-13T22:07:10.6277868-04:00" start="2014-04-13T22:07:10.6937906-04:00" finish="2014-04-13T22:07:10.9538055-04:00" />
  <ResultSummary outcome="Completed">
    <Counters total="1" executed="1" passed="1" error="0" failed="0" timeout="0" aborted="0" inconclusive="0" passedButRunAborted="0" notRunnable="0" notExecuted="0" disconnected="0" warning="0" completed="0" inProgress="0" pending="0" />
  </ResultSummary>
  <TestDefinitions>
    <WebTest name="LoginPageTest" storage="c:\users\gurvinder\documents\visual studio 2013\projects\phoenix_project\phoenix_project.tests\loginpagetest.webtest" id="713c1ccc-7504-4502-a55f-ea4340ae0014" persistedWebTest="77u/PD94bWwgdmVyc2lvbj0iMS4wIiBlbmNvZGluZz0iVVRGLTgiIHN0YW5kYWxvbmU9InllcyI/Pg0KPFdlYlRlc3QgTmFtZT0iTG9naW5QYWdlVGVzdCIgSWQ9IjcxM2MxY2NjLTc1MDQtNDUwMi1hNTVmLWVhNDM0MGFlMDAxNCIgT3duZXI9IiIgUHJpb3JpdHk9IjIxNDc0ODM2NDciIEVuYWJsZWQ9IlRydWUiIENzc1Byb2plY3RTdHJ1Y3R1cmU9IiIgQ3NzSXRlcmF0aW9uPSIiIFRpbWVvdXQ9IjAiIFdvcmtJdGVtSWRzPSIiIHhtbG5zPSJodHRwOi8vbWljcm9zb2Z0LmNvbS9zY2hlbWFzL1Zpc3VhbFN0dWRpby9UZWFtVGVzdC8yMDEwIiBEZXNjcmlwdGlvbj0iIiBDcmVkZW50aWFsVXNlck5hbWU9IiIgQ3JlZGVudGlhbFBhc3N3b3JkPSIiIFByZUF1dGhlbnRpY2F0ZT0iVHJ1ZSIgUHJveHk9ImRlZmF1bHQiIFN0b3BPbkVycm9yPSJGYWxzZSIgUmVjb3JkZWRSZXN1bHRGaWxlPSIiIFJlc3VsdHNMb2NhbGU9IiIgLz4=">
      <Execution id="545b676a-b0e2-491a-bd40-04eb369ee65c" />
    </WebTest>
  </TestDefinitions>
  <TestLists>
    <TestList name="Results Not in a List" id="8c84fa94-04c1-424b-9868-57a2d4851a1d" />
    <TestList name="All Loaded Results" id="19431567-8539-422a-85d7-44ee4e166bda" />
  </TestLists>
  <TestEntries>
    <TestEntry isTransparent="false" testId="713c1ccc-7504-4502-a55f-ea4340ae0014" executionId="545b676a-b0e2-491a-bd40-04eb369ee65c" testListId="8c84fa94-04c1-424b-9868-57a2d4851a1d" />
  </TestEntries>
  <Results>
    <WebTestResult executionId="545b676a-b0e2-491a-bd40-04eb369ee65c" testId="713c1ccc-7504-4502-a55f-ea4340ae0014" testName="LoginPageTest" computerName="GURVINDER-PC" duration="00:00:00.0072928" startTime="2014-04-13T22:07:10.8197978-04:00" endTime="2014-04-13T22:07:10.9388046-04:00" testType="4e7599fa-5ecb-43e9-a887-cd63cf72d207" outcome="Passed" testListId="8c84fa94-04c1-424b-9868-57a2d4851a1d" relativeResultsDirectory="545b676a-b0e2-491a-bd40-04eb369ee65c">
      <ResultFiles>
        <ResultFile path="LoginPageTest.webtestResult" />
      </ResultFiles>
      <TestSettings name="Default Test Settings" id="ff072049-1139-4ad2-b7a1-d72d63c2e433">
        <Execution>
          <TestTypeSpecific>
            <WebTestRunConfiguration testTypeId="4e7599fa-5ecb-43e9-a887-cd63cf72d207">
              <Browser name="Internet Explorer 9.0" MaxConnections="6">
                <Headers>
                  <Header name="User-Agent" value="Mozilla/5.0 (compatible; MSIE 9.0; Windows NT 6.1; Trident/5.0)" />
                  <Header name="Accept" value="*/*" />
                  <Header name="Accept-Language" value="{{$IEAcceptLanguage}}" />
                  <Header name="Accept-Encoding" value="GZIP" />
                </Headers>
              </Browser>
            </WebTestRunConfiguration>
          </TestTypeSpecific>
          <AgentRule name="Execution Agents">
          </AgentRule>
        </Execution>
        <Deployment runDeploymentRoot="Gurvinder_GURVINDER-PC 2014-04-13 22_07_10" />
        <Properties />
      </TestSettings>
      <WebTestResultFilePath>Gurvinder_GURVINDER-PC 2014-04-13 22_07_10\In\545b676a-b0e2-491a-bd40-04eb369ee65c\LoginPageTest.webtestResult</WebTestResultFilePath>
    </WebTestResult>
  </Results>
</TestRun>