<?xml version="1.0" encoding="UTF-8"?>
<TestRun id="c87fac83-9e43-4e0a-b7fc-a9e2e861cfa0" name="Gurvinder@GURVINDER-PC 2014-04-13 22:42:42" runUser="Gurvinder-PC\Gurvinder" xmlns="http://microsoft.com/schemas/VisualStudio/TeamTest/2010">
  <TestSettings name="Default Test Settings" id="0420a61a-6be0-46e9-831f-6fddfe39d52d">
    <Deployment runDeploymentRoot="Gurvinder_GURVINDER-PC 2014-04-13 22_42_42">
      <DeploymentItem filename="C:\Users\Gurvinder\Documents\Visual Studio 2013\Projects\Phoenix_Project\packages\Microsoft.AspNet.WebApi.Client.5.0.0\lib\net45\System.Net.Http.Formatting.dll" />
      <DeploymentItem filename="C:\Users\Gurvinder\Documents\Visual Studio 2013\Projects\Phoenix_Project\packages\Microsoft.AspNet.WebPages.3.0.0\lib\net45\System.Web.WebPages.Razor.dll" />
      <DeploymentItem filename="C:\Users\Gurvinder\Documents\Visual Studio 2013\Projects\Phoenix_Project\packages\Microsoft.AspNet.WebPages.3.0.0\lib\net45\System.Web.WebPages.dll" />
      <DeploymentItem filename="C:\Users\Gurvinder\Documents\Visual Studio 2013\Projects\Phoenix_Project\packages\Microsoft.AspNet.Mvc.5.0.0\lib\net45\System.Web.Mvc.dll" />
      <DeploymentItem filename="C:\Users\Gurvinder\Documents\Visual Studio 2013\Projects\Phoenix_Project\packages\Microsoft.AspNet.WebApi.Core.5.0.0\lib\net45\System.Web.Http.dll" />
      <DeploymentItem filename="C:\Users\Gurvinder\Documents\Visual Studio 2013\Projects\Phoenix_Project\packages\Microsoft.AspNet.WebPages.3.0.0\lib\net45\System.Web.Helpers.dll" />
      <DeploymentItem filename="C:\Users\Gurvinder\Documents\Visual Studio 2013\Projects\Phoenix_Project\packages\Newtonsoft.Json.5.0.6\lib\net45\Newtonsoft.Json.dll" />
      <DeploymentItem filename="C:\Users\Gurvinder\Documents\Visual Studio 2013\Projects\Phoenix_Project\packages\Microsoft.AspNet.WebPages.3.0.0\lib\net45\System.Web.WebPages.Deployment.dll" />
      <DeploymentItem filename="C:\Users\Gurvinder\Documents\Visual Studio 2013\Projects\Phoenix_Project\packages\Microsoft.AspNet.WebApi.WebHost.5.0.0\lib\net45\System.Web.Http.WebHost.dll" />
      <DeploymentItem filename="C:\Users\Gurvinder\Documents\Visual Studio 2013\Projects\Phoenix_Project\packages\Microsoft.AspNet.Razor.3.0.0\lib\net45\System.Web.Razor.dll" />
      <DeploymentItem filename="C:\Users\Gurvinder\Documents\Visual Studio 2013\Projects\Phoenix_Project\packages\Microsoft.Web.Infrastructure.1.0.0.0\lib\net40\Microsoft.Web.Infrastructure.dll" />
      <DeploymentItem filename="C:\Users\Gurvinder\Documents\Visual Studio 2013\Projects\Phoenix_Project\packages\CodedUI.jQueryExtensions.1.0.3.0\lib\net40\CodedUI.jQueryExtensions.dll" />
      <DeploymentItem filename="C:\Users\Gurvinder\Documents\Visual Studio 2013\Projects\Phoenix_Project\Phoenix_Project\bin\Phoenix_Project.dll" />
    </Deployment>
    <Execution>
      <TestTypeSpecific />
      <AgentRule name="Execution Agents">
      </AgentRule>
    </Execution>
    <Properties />
  </TestSettings>
  <Times creation="2014-04-13T22:42:42.4527203-04:00" queuing="2014-04-13T22:42:44.0498116-04:00" start="2014-04-13T22:42:44.3188270-04:00" finish="2014-04-13T22:43:33.0116121-04:00" />
  <ResultSummary outcome="Failed">
    <Counters total="1" executed="1" error="0" failed="1" timeout="0" aborted="0" inconclusive="0" passedButRunAborted="0" notRunnable="0" notExecuted="0" disconnected="0" warning="0" passed="0" completed="0" inProgress="0" pending="0" />
  </ResultSummary>
  <TestDefinitions>
    <WebTest name="WebTest1" storage="c:\users\gurvinder\documents\visual studio 2013\projects\phoenix_project\phoenix_project.tests\webtest1.webtest" id="2714de8b-4e7d-4fb6-a0d1-64d8c662ac5a" persistedWebTest="77u/PD94bWwgdmVyc2lvbj0iMS4wIiBlbmNvZGluZz0iVVRGLTgiIHN0YW5kYWxvbmU9InllcyI/Pg0KPFdlYlRlc3QgTmFtZT0iV2ViVGVzdDEiIElkPSIyNzE0ZGU4Yi00ZTdkLTRmYjYtYTBkMS02NGQ4YzY2MmFjNWEiIE93bmVyPSIiIFByaW9yaXR5PSIyMTQ3NDgzNjQ3IiBFbmFibGVkPSJUcnVlIiBDc3NQcm9qZWN0U3RydWN0dXJlPSIiIENzc0l0ZXJhdGlvbj0iIiBUaW1lb3V0PSIwIiBXb3JrSXRlbUlkcz0iIiB4bWxucz0iaHR0cDovL21pY3Jvc29mdC5jb20vc2NoZW1hcy9WaXN1YWxTdHVkaW8vVGVhbVRlc3QvMjAxMCIgRGVzY3JpcHRpb249IiIgQ3JlZGVudGlhbFVzZXJOYW1lPSIiIENyZWRlbnRpYWxQYXNzd29yZD0iIiBQcmVBdXRoZW50aWNhdGU9IlRydWUiIFByb3h5PSJkZWZhdWx0IiBTdG9wT25FcnJvcj0iRmFsc2UiIFJlY29yZGVkUmVzdWx0RmlsZT0iV2ViVGVzdDEuN2VkZjg2ZWYtMDRiNi00ZTViLTg3ZjYtMGNjMDIzOTM1MmNkLnJlYy53ZWJ0ZXN0cmVzdWx0IiBSZXN1bHRzTG9jYWxlPSIiPg0KICA8SXRlbXM+DQogICAgPFJlcXVlc3QgTWV0aG9kPSJHRVQiIEd1aWQ9ImFiMDg4YjE3LTVkMWQtNGFiMS1hNmQ2LWUxOWQ4NTFlOGM1ZiIgVmVyc2lvbj0iMS4xIiBVcmw9Imh0dHA6Ly9sb2NhbGhvc3Q6NTY1NjgvIiBUaGlua1RpbWU9IjIwIiBUaW1lb3V0PSIzMDAiIFBhcnNlRGVwZW5kZW50UmVxdWVzdHM9IlRydWUiIEZvbGxvd1JlZGlyZWN0cz0iVHJ1ZSIgUmVjb3JkUmVzdWx0PSJUcnVlIiBDYWNoZT0iRmFsc2UiIFJlc3BvbnNlVGltZUdvYWw9IjAiIEVuY29kaW5nPSJ1dGYtOCIgRXhwZWN0ZWRIdHRwU3RhdHVzQ29kZT0iMCIgRXhwZWN0ZWRSZXNwb25zZVVybD0iIiBSZXBvcnRpbmdOYW1lPSIiIElnbm9yZUh0dHBTdGF0dXNDb2RlPSJGYWxzZSIgLz4NCiAgICA8UmVxdWVzdCBNZXRob2Q9IkdFVCIgR3VpZD0iMTA4MDM5ZjgtMmZmMC00ZjI3LTk4MTktMDFlM2U5ODdlNTQ2IiBWZXJzaW9uPSIxLjEiIFVybD0iaHR0cDovL2xvY2FsaG9zdDo1NjU2OC8iIFRoaW5rVGltZT0iMCIgVGltZW91dD0iMzAwIiBQYXJzZURlcGVuZGVudFJlcXVlc3RzPSJUcnVlIiBGb2xsb3dSZWRpcmVjdHM9IlRydWUiIFJlY29yZFJlc3VsdD0iVHJ1ZSIgQ2FjaGU9IkZhbHNlIiBSZXNwb25zZVRpbWVHb2FsPSIwIiBFbmNvZGluZz0idXRmLTgiIEV4cGVjdGVkSHR0cFN0YXR1c0NvZGU9IjAiIEV4cGVjdGVkUmVzcG9uc2VVcmw9IiIgUmVwb3J0aW5nTmFtZT0iIiBJZ25vcmVIdHRwU3RhdHVzQ29kZT0iRmFsc2UiIC8+DQogICAgPFJlcXVlc3QgTWV0aG9kPSJQT1NUIiBHdWlkPSI2MWFjYzMzMS1hMTE1LTQ3MDAtOWQ3YS00YTRlZWZmOGU5ZDIiIFZlcnNpb249IjEuMSIgVXJsPSJodHRwOi8vbG9jYWxob3N0OjE1ODUvZjI2NzQzOTVhM2Q5NDJjYTliOTI4NzRmODk3YWVmNGIvYXJ0ZXJ5U2lnbmFsUi9uZWdvdGlhdGUiIFRoaW5rVGltZT0iMCIgVGltZW91dD0iMzAwIiBQYXJzZURlcGVuZGVudFJlcXVlc3RzPSJUcnVlIiBGb2xsb3dSZWRpcmVjdHM9IlRydWUiIFJlY29yZFJlc3VsdD0iVHJ1ZSIgQ2FjaGU9IkZhbHNlIiBSZXNwb25zZVRpbWVHb2FsPSIwIiBFbmNvZGluZz0idXRmLTgiIEV4cGVjdGVkSHR0cFN0YXR1c0NvZGU9IjAiIEV4cGVjdGVkUmVzcG9uc2VVcmw9IiIgUmVwb3J0aW5nTmFtZT0iIiBJZ25vcmVIdHRwU3RhdHVzQ29kZT0iRmFsc2UiPg0KICAgICAgPEhlYWRlcnM+DQogICAgICAgIDxIZWFkZXIgTmFtZT0iQ29udGVudC1UeXBlIiBWYWx1ZT0iYXBwbGljYXRpb24veC13d3ctZm9ybS11cmxlbmNvZGVkOyBjaGFyc2V0PVVURi04IiAvPg0KICAgICAgICA8SGVhZGVyIE5hbWU9IkFjY2VwdCIgVmFsdWU9InRleHQvcGxhaW4sICovKjsgcT0wLjAxIiAvPg0KICAgICAgICA8SGVhZGVyIE5hbWU9IlJlZmVyZXIiIFZhbHVlPSJodHRwOi8vbG9jYWxob3N0OjU2NTY4LyIgLz4NCiAgICAgIDwvSGVhZGVycz4NCiAgICAgIDxRdWVyeVN0cmluZ1BhcmFtZXRlcnM+DQogICAgICAgIDxRdWVyeVN0cmluZ1BhcmFtZXRlciBOYW1lPSJyZXF1ZXN0VXJsIiBWYWx1ZT0iaHR0cCUzQSUyRiUyRmxvY2FsaG9zdCUzQTU2NTY4JTJGIiBSZWNvcmRlZFZhbHVlPSJodHRwJTNBJTJGJTJGbG9jYWxob3N0JTNBNTY1NjglMkYiIENvcnJlbGF0aW9uQmluZGluZz0iIiBVcmxFbmNvZGU9IkZhbHNlIiBVc2VUb0dyb3VwUmVzdWx0cz0iRmFsc2UiIC8+DQogICAgICAgIDxRdWVyeVN0cmluZ1BhcmFtZXRlciBOYW1lPSJicm93c2VyTmFtZSIgVmFsdWU9IkludGVybmV0RXhwbG9yZXIiIFJlY29yZGVkVmFsdWU9IkludGVybmV0RXhwbG9yZXIiIENvcnJlbGF0aW9uQmluZGluZz0iIiBVcmxFbmNvZGU9IkZhbHNlIiBVc2VUb0dyb3VwUmVzdWx0cz0iRmFsc2UiIC8+DQogICAgICAgIDxRdWVyeVN0cmluZ1BhcmFtZXRlciBOYW1lPSJjbGllbnRQcm90b2NvbCIgVmFsdWU9IjEuMyIgUmVjb3JkZWRWYWx1ZT0iMS4zIiBDb3JyZWxhdGlvbkJpbmRpbmc9IiIgVXJsRW5jb2RlPSJGYWxzZSIgVXNlVG9Hcm91cFJlc3VsdHM9IkZhbHNlIiAvPg0KICAgICAgICA8UXVlcnlTdHJpbmdQYXJhbWV0ZXIgTmFtZT0iXyIgVmFsdWU9IjEzOTc0NDMzMjY3MzgiIFJlY29yZGVkVmFsdWU9IjEzOTc0NDMzMjY3MzgiIENvcnJlbGF0aW9uQmluZGluZz0iIiBVcmxFbmNvZGU9IkZhbHNlIiBVc2VUb0dyb3VwUmVzdWx0cz0iRmFsc2UiIC8+DQogICAgICA8L1F1ZXJ5U3RyaW5nUGFyYW1ldGVycz4NCiAgICAgIDxGb3JtUG9zdEh0dHBCb2R5IC8+DQogICAgPC9SZXF1ZXN0Pg0KICAgIDxSZXF1ZXN0IE1ldGhvZD0iUE9TVCIgR3VpZD0iYTZkMTM2NWItMjJkNC00ZTMyLWFlMDgtNzE2Y2I5MTRlMWM2IiBWZXJzaW9uPSIxLjEiIFVybD0iaHR0cDovL2xvY2FsaG9zdDoxNTg1L2YyNjc0Mzk1YTNkOTQyY2E5YjkyODc0Zjg5N2FlZjRiL2FydGVyeVNpZ25hbFIvY29ubmVjdCIgVGhpbmtUaW1lPSIwIiBUaW1lb3V0PSIzMDAiIFBhcnNlRGVwZW5kZW50UmVxdWVzdHM9IlRydWUiIEZvbGxvd1JlZGlyZWN0cz0iVHJ1ZSIgUmVjb3JkUmVzdWx0PSJUcnVlIiBDYWNoZT0iRmFsc2UiIFJlc3BvbnNlVGltZUdvYWw9IjAiIEVuY29kaW5nPSJ1dGYtOCIgRXhwZWN0ZWRIdHRwU3RhdHVzQ29kZT0iMCIgRXhwZWN0ZWRSZXNwb25zZVVybD0iIiBSZXBvcnRpbmdOYW1lPSIiIElnbm9yZUh0dHBTdGF0dXNDb2RlPSJGYWxzZSI+DQogICAgICA8SGVhZGVycz4NCiAgICAgICAgPEhlYWRlciBOYW1lPSJDb250ZW50LVR5cGUiIFZhbHVlPSJhcHBsaWNhdGlvbi94LXd3dy1mb3JtLXVybGVuY29kZWQ7IGNoYXJzZXQ9VVRGLTgiIC8+DQogICAgICAgIDxIZWFkZXIgTmFtZT0iQWNjZXB0IiBWYWx1ZT0idGV4dC9wbGFpbiwgKi8qOyBxPTAuMDEiIC8+DQogICAgICAgIDxIZWFkZXIgTmFtZT0iUmVmZXJlciIgVmFsdWU9Imh0dHA6Ly9sb2NhbGhvc3Q6NTY1NjgvIiAvPg0KICAgICAgPC9IZWFkZXJzPg0KICAgICAgPFF1ZXJ5U3RyaW5nUGFyYW1ldGVycz4NCiAgICAgICAgPFF1ZXJ5U3RyaW5nUGFyYW1ldGVyIE5hbWU9InRyYW5zcG9ydCIgVmFsdWU9ImxvbmdQb2xsaW5nIiBSZWNvcmRlZFZhbHVlPSJsb25nUG9sbGluZyIgQ29ycmVsYXRpb25CaW5kaW5nPSIiIFVybEVuY29kZT0iRmFsc2UiIFVzZVRvR3JvdXBSZXN1bHRzPSJGYWxzZSIgLz4NCiAgICAgICAgPFF1ZXJ5U3RyaW5nUGFyYW1ldGVyIE5hbWU9ImNvbm5lY3Rpb25Ub2tlbiIgVmFsdWU9IkFRQUFBTkNNbmQ4QkZkRVJqSG9Bd0UlMkZDbCUyQnNCQUFBQWZBU3poR09OWjB1RGN0c2w2M3ZPdFFBQUFBQUNBQUFBQUFBUVpnQUFBQUVBQUNBQUFBQnNyOG1RaEo0c1V0enZBUVhGRGslMkJwSHdjRGx4VmtkMkM4Yld5S1o5RDJkUUFBQUFBT2dBQUFBQUlBQUNBQUFBQzJIbHM2M2IxVU5hTUdlZ1UxbW1DcXpKWGZDVjhaJTJGZDhsQ2lnZjh2RmVVekFBQUFDMm9oMDd2dW9uRFV0a1ZjUE84bktUOTdlU0xYbE8yZGkwMkN1JTJGOWZFd2V2dnVHT1A2MW5PVGJ0NzZaYUNFVlA1QUFBQUExa3FMcEhDbWZiRUw1dHQxQkNsYUZqb3pvMUtmZzFBaXlFU0FRVUhVazBVc2NIOHNOQ3JHTFV4RjhBcEtrQzI1R25Rc1gwQVE4WHAzMElmSWVudHl1USUzRCUzRCIgUmVjb3JkZWRWYWx1ZT0iQVFBQUFOQ01uZDhCRmRFUmpIb0F3RSUyRkNsJTJCc0JBQUFBZkFTemhHT05aMHVEY3RzbDYzdk90UUFBQUFBQ0FBQUFBQUFRWmdBQUFBRUFBQ0FBQUFCc3I4bVFoSjRzVXR6dkFRWEZEayUyQnBId2NEbHhWa2QyQzhiV3lLWjlEMmRRQUFBQUFPZ0FBQUFBSUFBQ0FBQUFDMkhsczYzYjFVTmFNR2VnVTFtbUNxekpYZkNWOFolMkZkOGxDaWdmOHZGZVV6QUFBQUMyb2gwN3Z1b25EVXRrVmNQTzhuS1Q5N2VTTFhsTzJkaTAyQ3UlMkY5ZkV3ZXZ2dUdPUDYxbk9UYnQ3NlphQ0VWUDVBQUFBQTFrcUxwSENtZmJFTDV0dDFCQ2xhRmpvem8xS2ZnMUFpeUVTQVFVSFVrMFVzY0g4c05DckdMVXhGOEFwS2tDMjVHblFzWDBBUThYcDMwSWZJZW50eXVRJTNEJTNEIiBDb3JyZWxhdGlvbkJpbmRpbmc9IiIgVXJsRW5jb2RlPSJGYWxzZSIgVXNlVG9Hcm91cFJlc3VsdHM9IkZhbHNlIiAvPg0KICAgICAgICA8UXVlcnlTdHJpbmdQYXJhbWV0ZXIgTmFtZT0icmVxdWVzdFVybCIgVmFsdWU9Imh0dHAlM0ElMkYlMkZsb2NhbGhvc3QlM0E1NjU2OCUyRiIgUmVjb3JkZWRWYWx1ZT0iaHR0cCUzQSUyRiUyRmxvY2FsaG9zdCUzQTU2NTY4JTJGIiBDb3JyZWxhdGlvbkJpbmRpbmc9IiIgVXJsRW5jb2RlPSJGYWxzZSIgVXNlVG9Hcm91cFJlc3VsdHM9IkZhbHNlIiAvPg0KICAgICAgICA8UXVlcnlTdHJpbmdQYXJhbWV0ZXIgTmFtZT0iYnJvd3Nlck5hbWUiIFZhbHVlPSJJbnRlcm5ldEV4cGxvcmVyIiBSZWNvcmRlZFZhbHVlPSJJbnRlcm5ldEV4cGxvcmVyIiBDb3JyZWxhdGlvbkJpbmRpbmc9IiIgVXJsRW5jb2RlPSJGYWxzZSIgVXNlVG9Hcm91cFJlc3VsdHM9IkZhbHNlIiAvPg0KICAgICAgICA8UXVlcnlTdHJpbmdQYXJhbWV0ZXIgTmFtZT0idGlkIiBWYWx1ZT0iNiIgUmVjb3JkZWRWYWx1ZT0iNiIgQ29ycmVsYXRpb25CaW5kaW5nPSIiIFVybEVuY29kZT0iRmFsc2UiIFVzZVRvR3JvdXBSZXN1bHRzPSJGYWxzZSIgLz4NCiAgICAgICAgPFF1ZXJ5U3RyaW5nUGFyYW1ldGVyIE5hbWU9Il8iIFZhbHVlPSIxMzk3NDQzMzI3MDA4IiBSZWNvcmRlZFZhbHVlPSIxMzk3NDQzMzI3MDA4IiBDb3JyZWxhdGlvbkJpbmRpbmc9IiIgVXJsRW5jb2RlPSJGYWxzZSIgVXNlVG9Hcm91cFJlc3VsdHM9IkZhbHNlIiAvPg0KICAgICAgPC9RdWVyeVN0cmluZ1BhcmFtZXRlcnM+DQogICAgICA8Rm9ybVBvc3RIdHRwQm9keSAvPg0KICAgIDwvUmVxdWVzdD4NCiAgICA8UmVxdWVzdCBNZXRob2Q9IlBPU1QiIEd1aWQ9IjkwZDcxOWI1LWNhYTMtNDc5Ni1iNzBmLWQ1NDVhMDMwYTY5NCIgVmVyc2lvbj0iMS4xIiBVcmw9Imh0dHA6Ly9sb2NhbGhvc3Q6MTU4NS9mMjY3NDM5NWEzZDk0MmNhOWI5Mjg3NGY4OTdhZWY0Yi9hcnRlcnlTaWduYWxSL3NlbmQiIFRoaW5rVGltZT0iMCIgVGltZW91dD0iMzAwIiBQYXJzZURlcGVuZGVudFJlcXVlc3RzPSJUcnVlIiBGb2xsb3dSZWRpcmVjdHM9IlRydWUiIFJlY29yZFJlc3VsdD0iVHJ1ZSIgQ2FjaGU9IkZhbHNlIiBSZXNwb25zZVRpbWVHb2FsPSIwIiBFbmNvZGluZz0idXRmLTgiIEV4cGVjdGVkSHR0cFN0YXR1c0NvZGU9IjAiIEV4cGVjdGVkUmVzcG9uc2VVcmw9IiIgUmVwb3J0aW5nTmFtZT0iIiBJZ25vcmVIdHRwU3RhdHVzQ29kZT0iRmFsc2UiPg0KICAgICAgPEhlYWRlcnM+DQogICAgICAgIDxIZWFkZXIgTmFtZT0iQWNjZXB0IiBWYWx1ZT0idGV4dC9wbGFpbiwgKi8qOyBxPTAuMDEiIC8+DQogICAgICAgIDxIZWFkZXIgTmFtZT0iUmVmZXJlciIgVmFsdWU9Imh0dHA6Ly9sb2NhbGhvc3Q6NTY1NjgvIiAvPg0KICAgICAgPC9IZWFkZXJzPg0KICAgICAgPFF1ZXJ5U3RyaW5nUGFyYW1ldGVycz4NCiAgICAgICAgPFF1ZXJ5U3RyaW5nUGFyYW1ldGVyIE5hbWU9InRyYW5zcG9ydCIgVmFsdWU9ImxvbmdQb2xsaW5nIiBSZWNvcmRlZFZhbHVlPSJsb25nUG9sbGluZyIgQ29ycmVsYXRpb25CaW5kaW5nPSIiIFVybEVuY29kZT0iRmFsc2UiIFVzZVRvR3JvdXBSZXN1bHRzPSJGYWxzZSIgLz4NCiAgICAgICAgPFF1ZXJ5U3RyaW5nUGFyYW1ldGVyIE5hbWU9ImNvbm5lY3Rpb25Ub2tlbiIgVmFsdWU9IkFRQUFBTkNNbmQ4QkZkRVJqSG9Bd0UlMkZDbCUyQnNCQUFBQWZBU3poR09OWjB1RGN0c2w2M3ZPdFFBQUFBQUNBQUFBQUFBUVpnQUFBQUVBQUNBQUFBQnNyOG1RaEo0c1V0enZBUVhGRGslMkJwSHdjRGx4VmtkMkM4Yld5S1o5RDJkUUFBQUFBT2dBQUFBQUlBQUNBQUFBQzJIbHM2M2IxVU5hTUdlZ1UxbW1DcXpKWGZDVjhaJTJGZDhsQ2lnZjh2RmVVekFBQUFDMm9oMDd2dW9uRFV0a1ZjUE84bktUOTdlU0xYbE8yZGkwMkN1JTJGOWZFd2V2dnVHT1A2MW5PVGJ0NzZaYUNFVlA1QUFBQUExa3FMcEhDbWZiRUw1dHQxQkNsYUZqb3pvMUtmZzFBaXlFU0FRVUhVazBVc2NIOHNOQ3JHTFV4RjhBcEtrQzI1R25Rc1gwQVE4WHAzMElmSWVudHl1USUzRCUzRCIgUmVjb3JkZWRWYWx1ZT0iQVFBQUFOQ01uZDhCRmRFUmpIb0F3RSUyRkNsJTJCc0JBQUFBZkFTemhHT05aMHVEY3RzbDYzdk90UUFBQUFBQ0FBQUFBQUFRWmdBQUFBRUFBQ0FBQUFCc3I4bVFoSjRzVXR6dkFRWEZEayUyQnBId2NEbHhWa2QyQzhiV3lLWjlEMmRRQUFBQUFPZ0FBQUFBSUFBQ0FBQUFDMkhsczYzYjFVTmFNR2VnVTFtbUNxekpYZkNWOFolMkZkOGxDaWdmOHZGZVV6QUFBQUMyb2gwN3Z1b25EVXRrVmNQTzhuS1Q5N2VTTFhsTzJkaTAyQ3UlMkY5ZkV3ZXZ2dUdPUDYxbk9UYnQ3NlphQ0VWUDVBQUFBQTFrcUxwSENtZmJFTDV0dDFCQ2xhRmpvem8xS2ZnMUFpeUVTQVFVSFVrMFVzY0g4c05DckdMVXhGOEFwS2tDMjVHblFzWDBBUThYcDMwSWZJZW50eXVRJTNEJTNEIiBDb3JyZWxhdGlvbkJpbmRpbmc9IiIgVXJsRW5jb2RlPSJGYWxzZSIgVXNlVG9Hcm91cFJlc3VsdHM9IkZhbHNlIiAvPg0KICAgICAgICA8UXVlcnlTdHJpbmdQYXJhbWV0ZXIgTmFtZT0icmVxdWVzdFVybCIgVmFsdWU9Imh0dHAlM0ElMkYlMkZsb2NhbGhvc3QlM0E1NjU2OCUyRiIgUmVjb3JkZWRWYWx1ZT0iaHR0cCUzQSUyRiUyRmxvY2FsaG9zdCUzQTU2NTY4JTJGIiBDb3JyZWxhdGlvbkJpbmRpbmc9IiIgVXJsRW5jb2RlPSJGYWxzZSIgVXNlVG9Hcm91cFJlc3VsdHM9IkZhbHNlIiAvPg0KICAgICAgICA8UXVlcnlTdHJpbmdQYXJhbWV0ZXIgTmFtZT0iYnJvd3Nlck5hbWUiIFZhbHVlPSJJbnRlcm5ldEV4cGxvcmVyIiBSZWNvcmRlZFZhbHVlPSJJbnRlcm5ldEV4cGxvcmVyIiBDb3JyZWxhdGlvbkJpbmRpbmc9IiIgVXJsRW5jb2RlPSJGYWxzZSIgVXNlVG9Hcm91cFJlc3VsdHM9IkZhbHNlIiAvPg0KICAgICAgPC9RdWVyeVN0cmluZ1BhcmFtZXRlcnM+DQogICAgICA8Rm9ybVBvc3RIdHRwQm9keSAvPg0KICAgIDwvUmVxdWVzdD4NCiAgICA8UmVxdWVzdCBNZXRob2Q9IlBPU1QiIEd1aWQ9IjExZGRkZDY0LWY4OTYtNDMzZS04NDExLTY0NjE1OGY4M2RiZSIgVmVyc2lvbj0iMS4xIiBVcmw9Imh0dHA6Ly9sb2NhbGhvc3Q6MTU4NS9mMjY3NDM5NWEzZDk0MmNhOWI5Mjg3NGY4OTdhZWY0Yi9hcnRlcnlTaWduYWxSL3BvbGwiIFRoaW5rVGltZT0iMCIgVGltZW91dD0iMzAwIiBQYXJzZURlcGVuZGVudFJlcXVlc3RzPSJUcnVlIiBGb2xsb3dSZWRpcmVjdHM9IlRydWUiIFJlY29yZFJlc3VsdD0iVHJ1ZSIgQ2FjaGU9IkZhbHNlIiBSZXNwb25zZVRpbWVHb2FsPSIwIiBFbmNvZGluZz0idXRmLTgiIEV4cGVjdGVkSHR0cFN0YXR1c0NvZGU9IjAiIEV4cGVjdGVkUmVzcG9uc2VVcmw9IiIgUmVwb3J0aW5nTmFtZT0iIiBJZ25vcmVIdHRwU3RhdHVzQ29kZT0iRmFsc2UiPg0KICAgICAgPEhlYWRlcnM+DQogICAgICAgIDxIZWFkZXIgTmFtZT0iQ29udGVudC1UeXBlIiBWYWx1ZT0iYXBwbGljYXRpb24veC13d3ctZm9ybS11cmxlbmNvZGVkOyBjaGFyc2V0PVVURi04IiAvPg0KICAgICAgICA8SGVhZGVyIE5hbWU9IkFjY2VwdCIgVmFsdWU9InRleHQvcGxhaW4sICovKjsgcT0wLjAxIiAvPg0KICAgICAgICA8SGVhZGVyIE5hbWU9IlJlZmVyZXIiIFZhbHVlPSJodHRwOi8vbG9jYWxob3N0OjU2NTY4LyIgLz4NCiAgICAgIDwvSGVhZGVycz4NCiAgICAgIDxRdWVyeVN0cmluZ1BhcmFtZXRlcnM+DQogICAgICAgIDxRdWVyeVN0cmluZ1BhcmFtZXRlciBOYW1lPSJ0cmFuc3BvcnQiIFZhbHVlPSJsb25nUG9sbGluZyIgUmVjb3JkZWRWYWx1ZT0ibG9uZ1BvbGxpbmciIENvcnJlbGF0aW9uQmluZGluZz0iIiBVcmxFbmNvZGU9IkZhbHNlIiBVc2VUb0dyb3VwUmVzdWx0cz0iRmFsc2UiIC8+DQogICAgICAgIDxRdWVyeVN0cmluZ1BhcmFtZXRlciBOYW1lPSJjb25uZWN0aW9uVG9rZW4iIFZhbHVlPSJBUUFBQU5DTW5kOEJGZEVSakhvQXdFJTJGQ2wlMkJzQkFBQUFmQVN6aEdPTlowdURjdHNsNjN2T3RRQUFBQUFDQUFBQUFBQVFaZ0FBQUFFQUFDQUFBQUJzcjhtUWhKNHNVdHp2QVFYRkRrJTJCcEh3Y0RseFZrZDJDOGJXeUtaOUQyZFFBQUFBQU9nQUFBQUFJQUFDQUFBQUMySGxzNjNiMVVOYU1HZWdVMW1tQ3F6SlhmQ1Y4WiUyRmQ4bENpZ2Y4dkZlVXpBQUFBQzJvaDA3dnVvbkRVdGtWY1BPOG5LVDk3ZVNMWGxPMmRpMDJDdSUyRjlmRXdldnZ1R09QNjFuT1RidDc2WmFDRVZQNUFBQUFBMWtxTHBIQ21mYkVMNXR0MUJDbGFGam96bzFLZmcxQWl5RVNBUVVIVWswVXNjSDhzTkNyR0xVeEY4QXBLa0MyNUduUXNYMEFROFhwMzBJZkllbnR5dVElM0QlM0QiIFJlY29yZGVkVmFsdWU9IkFRQUFBTkNNbmQ4QkZkRVJqSG9Bd0UlMkZDbCUyQnNCQUFBQWZBU3poR09OWjB1RGN0c2w2M3ZPdFFBQUFBQUNBQUFBQUFBUVpnQUFBQUVBQUNBQUFBQnNyOG1RaEo0c1V0enZBUVhGRGslMkJwSHdjRGx4VmtkMkM4Yld5S1o5RDJkUUFBQUFBT2dBQUFBQUlBQUNBQUFBQzJIbHM2M2IxVU5hTUdlZ1UxbW1DcXpKWGZDVjhaJTJGZDhsQ2lnZjh2RmVVekFBQUFDMm9oMDd2dW9uRFV0a1ZjUE84bktUOTdlU0xYbE8yZGkwMkN1JTJGOWZFd2V2dnVHT1A2MW5PVGJ0NzZaYUNFVlA1QUFBQUExa3FMcEhDbWZiRUw1dHQxQkNsYUZqb3pvMUtmZzFBaXlFU0FRVUhVazBVc2NIOHNOQ3JHTFV4RjhBcEtrQzI1R25Rc1gwQVE4WHAzMElmSWVudHl1USUzRCUzRCIgQ29ycmVsYXRpb25CaW5kaW5nPSIiIFVybEVuY29kZT0iRmFsc2UiIFVzZVRvR3JvdXBSZXN1bHRzPSJGYWxzZSIgLz4NCiAgICAgICAgPFF1ZXJ5U3RyaW5nUGFyYW1ldGVyIE5hbWU9Im1lc3NhZ2VJZCIgVmFsdWU9ImQtQzgzQUYzMjUtayUyQzAlN0NuJTJDMSU3Q28lMkMwIiBSZWNvcmRlZFZhbHVlPSJkLUM4M0FGMzI1LWslMkMwJTdDbiUyQzElN0NvJTJDMCIgQ29ycmVsYXRpb25CaW5kaW5nPSIiIFVybEVuY29kZT0iRmFsc2UiIFVzZVRvR3JvdXBSZXN1bHRzPSJGYWxzZSIgLz4NCiAgICAgICAgPFF1ZXJ5U3RyaW5nUGFyYW1ldGVyIE5hbWU9InJlcXVlc3RVcmwiIFZhbHVlPSJodHRwJTNBJTJGJTJGbG9jYWxob3N0JTNBNTY1NjglMkYiIFJlY29yZGVkVmFsdWU9Imh0dHAlM0ElMkYlMkZsb2NhbGhvc3QlM0E1NjU2OCUyRiIgQ29ycmVsYXRpb25CaW5kaW5nPSIiIFVybEVuY29kZT0iRmFsc2UiIFVzZVRvR3JvdXBSZXN1bHRzPSJGYWxzZSIgLz4NCiAgICAgICAgPFF1ZXJ5U3RyaW5nUGFyYW1ldGVyIE5hbWU9ImJyb3dzZXJOYW1lIiBWYWx1ZT0iSW50ZXJuZXRFeHBsb3JlciIgUmVjb3JkZWRWYWx1ZT0iSW50ZXJuZXRFeHBsb3JlciIgQ29ycmVsYXRpb25CaW5kaW5nPSIiIFVybEVuY29kZT0iRmFsc2UiIFVzZVRvR3JvdXBSZXN1bHRzPSJGYWxzZSIgLz4NCiAgICAgICAgPFF1ZXJ5U3RyaW5nUGFyYW1ldGVyIE5hbWU9InRpZCIgVmFsdWU9IjciIFJlY29yZGVkVmFsdWU9IjciIENvcnJlbGF0aW9uQmluZGluZz0iIiBVcmxFbmNvZGU9IkZhbHNlIiBVc2VUb0dyb3VwUmVzdWx0cz0iRmFsc2UiIC8+DQogICAgICAgIDxRdWVyeVN0cmluZ1BhcmFtZXRlciBOYW1lPSJfIiBWYWx1ZT0iMTM5NzQ0MzMyNzAyMCIgUmVjb3JkZWRWYWx1ZT0iMTM5NzQ0MzMyNzAyMCIgQ29ycmVsYXRpb25CaW5kaW5nPSIiIFVybEVuY29kZT0iRmFsc2UiIFVzZVRvR3JvdXBSZXN1bHRzPSJGYWxzZSIgLz4NCiAgICAgIDwvUXVlcnlTdHJpbmdQYXJhbWV0ZXJzPg0KICAgICAgPEZvcm1Qb3N0SHR0cEJvZHkgLz4NCiAgICA8L1JlcXVlc3Q+DQogICAgPFJlcXVlc3QgTWV0aG9kPSJQT1NUIiBHdWlkPSJlZTllNTE4Yy1hMzA5LTQ4MTMtOTc0OS0yNjAyNDA5Nzk2NzMiIFZlcnNpb249IjEuMSIgVXJsPSJodHRwOi8vbG9jYWxob3N0OjE1ODUvZjI2NzQzOTVhM2Q5NDJjYTliOTI4NzRmODk3YWVmNGIvYXJ0ZXJ5U2lnbmFsUi9wb2xsIiBUaGlua1RpbWU9IjAiIFRpbWVvdXQ9IjMwMCIgUGFyc2VEZXBlbmRlbnRSZXF1ZXN0cz0iVHJ1ZSIgRm9sbG93UmVkaXJlY3RzPSJUcnVlIiBSZWNvcmRSZXN1bHQ9IlRydWUiIENhY2hlPSJGYWxzZSIgUmVzcG9uc2VUaW1lR29hbD0iMCIgRW5jb2Rpbmc9InV0Zi04IiBFeHBlY3RlZEh0dHBTdGF0dXNDb2RlPSIwIiBFeHBlY3RlZFJlc3BvbnNlVXJsPSIiIFJlcG9ydGluZ05hbWU9IiIgSWdub3JlSHR0cFN0YXR1c0NvZGU9IkZhbHNlIj4NCiAgICAgIDxIZWFkZXJzPg0KICAgICAgICA8SGVhZGVyIE5hbWU9IkNvbnRlbnQtVHlwZSIgVmFsdWU9ImFwcGxpY2F0aW9uL3gtd3d3LWZvcm0tdXJsZW5jb2RlZDsgY2hhcnNldD1VVEYtOCIgLz4NCiAgICAgICAgPEhlYWRlciBOYW1lPSJBY2NlcHQiIFZhbHVlPSJ0ZXh0L3BsYWluLCAqLyo7IHE9MC4wMSIgLz4NCiAgICAgICAgPEhlYWRlciBOYW1lPSJSZWZlcmVyIiBWYWx1ZT0iaHR0cDovL2xvY2FsaG9zdDo1NjU2OC8iIC8+DQogICAgICA8L0hlYWRlcnM+DQogICAgICA8UXVlcnlTdHJpbmdQYXJhbWV0ZXJzPg0KICAgICAgICA8UXVlcnlTdHJpbmdQYXJhbWV0ZXIgTmFtZT0idHJhbnNwb3J0IiBWYWx1ZT0ibG9uZ1BvbGxpbmciIFJlY29yZGVkVmFsdWU9ImxvbmdQb2xsaW5nIiBDb3JyZWxhdGlvbkJpbmRpbmc9IiIgVXJsRW5jb2RlPSJGYWxzZSIgVXNlVG9Hcm91cFJlc3VsdHM9IkZhbHNlIiAvPg0KICAgICAgICA8UXVlcnlTdHJpbmdQYXJhbWV0ZXIgTmFtZT0iY29ubmVjdGlvblRva2VuIiBWYWx1ZT0iQVFBQUFOQ01uZDhCRmRFUmpIb0F3RSUyRkNsJTJCc0JBQUFBZkFTemhHT05aMHVEY3RzbDYzdk90UUFBQUFBQ0FBQUFBQUFRWmdBQUFBRUFBQ0FBQUFCc3I4bVFoSjRzVXR6dkFRWEZEayUyQnBId2NEbHhWa2QyQzhiV3lLWjlEMmRRQUFBQUFPZ0FBQUFBSUFBQ0FBQUFDMkhsczYzYjFVTmFNR2VnVTFtbUNxekpYZkNWOFolMkZkOGxDaWdmOHZGZVV6QUFBQUMyb2gwN3Z1b25EVXRrVmNQTzhuS1Q5N2VTTFhsTzJkaTAyQ3UlMkY5ZkV3ZXZ2dUdPUDYxbk9UYnQ3NlphQ0VWUDVBQUFBQTFrcUxwSENtZmJFTDV0dDFCQ2xhRmpvem8xS2ZnMUFpeUVTQVFVSFVrMFVzY0g4c05DckdMVXhGOEFwS2tDMjVHblFzWDBBUThYcDMwSWZJZW50eXVRJTNEJTNEIiBSZWNvcmRlZFZhbHVlPSJBUUFBQU5DTW5kOEJGZEVSakhvQXdFJTJGQ2wlMkJzQkFBQUFmQVN6aEdPTlowdURjdHNsNjN2T3RRQUFBQUFDQUFBQUFBQVFaZ0FBQUFFQUFDQUFBQUJzcjhtUWhKNHNVdHp2QVFYRkRrJTJCcEh3Y0RseFZrZDJDOGJXeUtaOUQyZFFBQUFBQU9nQUFBQUFJQUFDQUFBQUMySGxzNjNiMVVOYU1HZWdVMW1tQ3F6SlhmQ1Y4WiUyRmQ4bENpZ2Y4dkZlVXpBQUFBQzJvaDA3dnVvbkRVdGtWY1BPOG5LVDk3ZVNMWGxPMmRpMDJDdSUyRjlmRXdldnZ1R09QNjFuT1RidDc2WmFDRVZQNUFBQUFBMWtxTHBIQ21mYkVMNXR0MUJDbGFGam96bzFLZmcxQWl5RVNBUVVIVWswVXNjSDhzTkNyR0xVeEY4QXBLa0MyNUduUXNYMEFROFhwMzBJZkllbnR5dVElM0QlM0QiIENvcnJlbGF0aW9uQmluZGluZz0iIiBVcmxFbmNvZGU9IkZhbHNlIiBVc2VUb0dyb3VwUmVzdWx0cz0iRmFsc2UiIC8+DQogICAgICAgIDxRdWVyeVN0cmluZ1BhcmFtZXRlciBOYW1lPSJtZXNzYWdlSWQiIFZhbHVlPSJkLUM4M0FGMzI1LWslMkMwJTdDbiUyQzIlN0NvJTJDMCIgUmVjb3JkZWRWYWx1ZT0iZC1DODNBRjMyNS1rJTJDMCU3Q24lMkMyJTdDbyUyQzAiIENvcnJlbGF0aW9uQmluZGluZz0iIiBVcmxFbmNvZGU9IkZhbHNlIiBVc2VUb0dyb3VwUmVzdWx0cz0iRmFsc2UiIC8+DQogICAgICAgIDxRdWVyeVN0cmluZ1BhcmFtZXRlciBOYW1lPSJyZXF1ZXN0VXJsIiBWYWx1ZT0iaHR0cCUzQSUyRiUyRmxvY2FsaG9zdCUzQTU2NTY4JTJGIiBSZWNvcmRlZFZhbHVlPSJodHRwJTNBJTJGJTJGbG9jYWxob3N0JTNBNTY1NjglMkYiIENvcnJlbGF0aW9uQmluZGluZz0iIiBVcmxFbmNvZGU9IkZhbHNlIiBVc2VUb0dyb3VwUmVzdWx0cz0iRmFsc2UiIC8+DQogICAgICAgIDxRdWVyeVN0cmluZ1BhcmFtZXRlciBOYW1lPSJicm93c2VyTmFtZSIgVmFsdWU9IkludGVybmV0RXhwbG9yZXIiIFJlY29yZGVkVmFsdWU9IkludGVybmV0RXhwbG9yZXIiIENvcnJlbGF0aW9uQmluZGluZz0iIiBVcmxFbmNvZGU9IkZhbHNlIiBVc2VUb0dyb3VwUmVzdWx0cz0iRmFsc2UiIC8+DQogICAgICAgIDxRdWVyeVN0cmluZ1BhcmFtZXRlciBOYW1lPSJ0aWQiIFZhbHVlPSI2IiBSZWNvcmRlZFZhbHVlPSI2IiBDb3JyZWxhdGlvbkJpbmRpbmc9IiIgVXJsRW5jb2RlPSJGYWxzZSIgVXNlVG9Hcm91cFJlc3VsdHM9IkZhbHNlIiAvPg0KICAgICAgICA8UXVlcnlTdHJpbmdQYXJhbWV0ZXIgTmFtZT0iXyIgVmFsdWU9IjEzOTc0NDMzMjcwMjkiIFJlY29yZGVkVmFsdWU9IjEzOTc0NDMzMjcwMjkiIENvcnJlbGF0aW9uQmluZGluZz0iIiBVcmxFbmNvZGU9IkZhbHNlIiBVc2VUb0dyb3VwUmVzdWx0cz0iRmFsc2UiIC8+DQogICAgICA8L1F1ZXJ5U3RyaW5nUGFyYW1ldGVycz4NCiAgICAgIDxGb3JtUG9zdEh0dHBCb2R5IC8+DQogICAgPC9SZXF1ZXN0Pg0KICAgIDxSZXF1ZXN0IE1ldGhvZD0iR0VUIiBHdWlkPSI0NjE2NmE4Yy01MDU2LTRmNDgtYTdjNy03MTg3Mzg4OTRjMmYiIFZlcnNpb249IjEuMSIgVXJsPSJodHRwOi8vbG9jYWxob3N0OjU2NTY4L0xvZ2luIiBUaGlua1RpbWU9IjAiIFRpbWVvdXQ9IjMwMCIgUGFyc2VEZXBlbmRlbnRSZXF1ZXN0cz0iVHJ1ZSIgRm9sbG93UmVkaXJlY3RzPSJUcnVlIiBSZWNvcmRSZXN1bHQ9IlRydWUiIENhY2hlPSJGYWxzZSIgUmVzcG9uc2VUaW1lR29hbD0iMCIgRW5jb2Rpbmc9InV0Zi04IiBFeHBlY3RlZEh0dHBTdGF0dXNDb2RlPSIwIiBFeHBlY3RlZFJlc3BvbnNlVXJsPSIiIFJlcG9ydGluZ05hbWU9IiIgSWdub3JlSHR0cFN0YXR1c0NvZGU9IkZhbHNlIj4NCiAgICAgIDxIZWFkZXJzPg0KICAgICAgICA8SGVhZGVyIE5hbWU9IlJlZmVyZXIiIFZhbHVlPSJodHRwOi8vbG9jYWxob3N0OjU2NTY4LyIgLz4NCiAgICAgIDwvSGVhZGVycz4NCiAgICAgIDxFeHRyYWN0aW9uUnVsZXM+DQogICAgICAgIDxFeHRyYWN0aW9uUnVsZSBDbGFzc25hbWU9Ik1pY3Jvc29mdC5WaXN1YWxTdHVkaW8uVGVzdFRvb2xzLldlYlRlc3RpbmcuUnVsZXMuRXh0cmFjdEhpZGRlbkZpZWxkcywgTWljcm9zb2Z0LlZpc3VhbFN0dWRpby5RdWFsaXR5VG9vbHMuV2ViVGVzdEZyYW1ld29yaywgVmVyc2lvbj0xMC4wLjAuMCwgQ3VsdHVyZT1uZXV0cmFsLCBQdWJsaWNLZXlUb2tlbj1iMDNmNWY3ZjExZDUwYTNhIiBWYXJpYWJsZU5hbWU9IjEiIERpc3BsYXlOYW1lPSJFeHRyYWN0IEhpZGRlbiBGaWVsZHMiIERlc2NyaXB0aW9uPSJFeHRyYWN0IGFsbCBoaWRkZW4gZmllbGRzIGZyb20gdGhlIHJlc3BvbnNlIGFuZCBwbGFjZSB0aGVtIGludG8gdGhlIHRlc3QgY29udGV4dC4iPg0KICAgICAgICAgIDxSdWxlUGFyYW1ldGVycz4NCiAgICAgICAgICAgIDxSdWxlUGFyYW1ldGVyIE5hbWU9IlJlcXVpcmVkIiBWYWx1ZT0iVHJ1ZSIgLz4NCiAgICAgICAgICAgIDxSdWxlUGFyYW1ldGVyIE5hbWU9Ikh0bWxEZWNvZGUiIFZhbHVlPSJUcnVlIiAvPg0KICAgICAgICAgIDwvUnVsZVBhcmFtZXRlcnM+DQogICAgICAgIDwvRXh0cmFjdGlvblJ1bGU+DQogICAgICA8L0V4dHJhY3Rpb25SdWxlcz4NCiAgICA8L1JlcXVlc3Q+DQogICAgPFJlcXVlc3QgTWV0aG9kPSJQT1NUIiBHdWlkPSI5YzAxZTM3Ny01MmNiLTQ4ZTYtYjc2YS0xMGI5MTA3NmIzZDUiIFZlcnNpb249IjEuMSIgVXJsPSJodHRwOi8vbG9jYWxob3N0OjE1ODUvZjI2NzQzOTVhM2Q5NDJjYTliOTI4NzRmODk3YWVmNGIvYXJ0ZXJ5U2lnbmFsUi9hYm9ydCIgVGhpbmtUaW1lPSIwIiBUaW1lb3V0PSIzMDAiIFBhcnNlRGVwZW5kZW50UmVxdWVzdHM9IlRydWUiIEZvbGxvd1JlZGlyZWN0cz0iVHJ1ZSIgUmVjb3JkUmVzdWx0PSJUcnVlIiBDYWNoZT0iRmFsc2UiIFJlc3BvbnNlVGltZUdvYWw9IjAiIEVuY29kaW5nPSJ1dGYtOCIgRXhwZWN0ZWRIdHRwU3RhdHVzQ29kZT0iMCIgRXhwZWN0ZWRSZXNwb25zZVVybD0iIiBSZXBvcnRpbmdOYW1lPSIiIElnbm9yZUh0dHBTdGF0dXNDb2RlPSJGYWxzZSI+DQogICAgICA8SGVhZGVycz4NCiAgICAgICAgPEhlYWRlciBOYW1lPSJBY2NlcHQiIFZhbHVlPSJ0ZXh0L3BsYWluLCAqLyo7IHE9MC4wMSIgLz4NCiAgICAgICAgPEhlYWRlciBOYW1lPSJSZWZlcmVyIiBWYWx1ZT0iaHR0cDovL2xvY2FsaG9zdDo1NjU2OC8iIC8+DQogICAgICA8L0hlYWRlcnM+DQogICAgICA8UXVlcnlTdHJpbmdQYXJhbWV0ZXJzPg0KICAgICAgICA8UXVlcnlTdHJpbmdQYXJhbWV0ZXIgTmFtZT0idHJhbnNwb3J0IiBWYWx1ZT0ibG9uZ1BvbGxpbmciIFJlY29yZGVkVmFsdWU9ImxvbmdQb2xsaW5nIiBDb3JyZWxhdGlvbkJpbmRpbmc9IiIgVXJsRW5jb2RlPSJGYWxzZSIgVXNlVG9Hcm91cFJlc3VsdHM9IkZhbHNlIiAvPg0KICAgICAgICA8UXVlcnlTdHJpbmdQYXJhbWV0ZXIgTmFtZT0iY29ubmVjdGlvblRva2VuIiBWYWx1ZT0iQVFBQUFOQ01uZDhCRmRFUmpIb0F3RSUyRkNsJTJCc0JBQUFBZkFTemhHT05aMHVEY3RzbDYzdk90UUFBQUFBQ0FBQUFBQUFRWmdBQUFBRUFBQ0FBQUFCc3I4bVFoSjRzVXR6dkFRWEZEayUyQnBId2NEbHhWa2QyQzhiV3lLWjlEMmRRQUFBQUFPZ0FBQUFBSUFBQ0FBQUFDMkhsczYzYjFVTmFNR2VnVTFtbUNxekpYZkNWOFolMkZkOGxDaWdmOHZGZVV6QUFBQUMyb2gwN3Z1b25EVXRrVmNQTzhuS1Q5N2VTTFhsTzJkaTAyQ3UlMkY5ZkV3ZXZ2dUdPUDYxbk9UYnQ3NlphQ0VWUDVBQUFBQTFrcUxwSENtZmJFTDV0dDFCQ2xhRmpvem8xS2ZnMUFpeUVTQVFVSFVrMFVzY0g4c05DckdMVXhGOEFwS2tDMjVHblFzWDBBUThYcDMwSWZJZW50eXVRJTNEJTNEIiBSZWNvcmRlZFZhbHVlPSJBUUFBQU5DTW5kOEJGZEVSakhvQXdFJTJGQ2wlMkJzQkFBQUFmQVN6aEdPTlowdURjdHNsNjN2T3RRQUFBQUFDQUFBQUFBQVFaZ0FBQUFFQUFDQUFBQUJzcjhtUWhKNHNVdHp2QVFYRkRrJTJCcEh3Y0RseFZrZDJDOGJXeUtaOUQyZFFBQUFBQU9nQUFBQUFJQUFDQUFBQUMySGxzNjNiMVVOYU1HZWdVMW1tQ3F6SlhmQ1Y4WiUyRmQ4bENpZ2Y4dkZlVXpBQUFBQzJvaDA3dnVvbkRVdGtWY1BPOG5LVDk3ZVNMWGxPMmRpMDJDdSUyRjlmRXdldnZ1R09QNjFuT1RidDc2WmFDRVZQNUFBQUFBMWtxTHBIQ21mYkVMNXR0MUJDbGFGam96bzFLZmcxQWl5RVNBUVVIVWswVXNjSDhzTkNyR0xVeEY4QXBLa0MyNUduUXNYMEFROFhwMzBJZkllbnR5dVElM0QlM0QiIENvcnJlbGF0aW9uQmluZGluZz0iIiBVcmxFbmNvZGU9IkZhbHNlIiBVc2VUb0dyb3VwUmVzdWx0cz0iRmFsc2UiIC8+DQogICAgICAgIDxRdWVyeVN0cmluZ1BhcmFtZXRlciBOYW1lPSJyZXF1ZXN0VXJsIiBWYWx1ZT0iaHR0cCUzQSUyRiUyRmxvY2FsaG9zdCUzQTU2NTY4JTJGIiBSZWNvcmRlZFZhbHVlPSJodHRwJTNBJTJGJTJGbG9jYWxob3N0JTNBNTY1NjglMkYiIENvcnJlbGF0aW9uQmluZGluZz0iIiBVcmxFbmNvZGU9IkZhbHNlIiBVc2VUb0dyb3VwUmVzdWx0cz0iRmFsc2UiIC8+DQogICAgICAgIDxRdWVyeVN0cmluZ1BhcmFtZXRlciBOYW1lPSJicm93c2VyTmFtZSIgVmFsdWU9IkludGVybmV0RXhwbG9yZXIiIFJlY29yZGVkVmFsdWU9IkludGVybmV0RXhwbG9yZXIiIENvcnJlbGF0aW9uQmluZGluZz0iIiBVcmxFbmNvZGU9IkZhbHNlIiBVc2VUb0dyb3VwUmVzdWx0cz0iRmFsc2UiIC8+DQogICAgICA8L1F1ZXJ5U3RyaW5nUGFyYW1ldGVycz4NCiAgICAgIDxGb3JtUG9zdEh0dHBCb2R5IC8+DQogICAgPC9SZXF1ZXN0Pg0KICAgIDxSZXF1ZXN0IE1ldGhvZD0iUE9TVCIgR3VpZD0iNGI5YTQzMWYtNWRjOS00MmY2LWJmOTgtNmEwNmE1MDBhNDU2IiBWZXJzaW9uPSIxLjEiIFVybD0iaHR0cDovL2xvY2FsaG9zdDoxNTg1L2YyNjc0Mzk1YTNkOTQyY2E5YjkyODc0Zjg5N2FlZjRiL2FydGVyeVNpZ25hbFIvbmVnb3RpYXRlIiBUaGlua1RpbWU9IjAiIFRpbWVvdXQ9IjMwMCIgUGFyc2VEZXBlbmRlbnRSZXF1ZXN0cz0iVHJ1ZSIgRm9sbG93UmVkaXJlY3RzPSJUcnVlIiBSZWNvcmRSZXN1bHQ9IlRydWUiIENhY2hlPSJGYWxzZSIgUmVzcG9uc2VUaW1lR29hbD0iMCIgRW5jb2Rpbmc9InV0Zi04IiBFeHBlY3RlZEh0dHBTdGF0dXNDb2RlPSIwIiBFeHBlY3RlZFJlc3BvbnNlVXJsPSIiIFJlcG9ydGluZ05hbWU9IiIgSWdub3JlSHR0cFN0YXR1c0NvZGU9IkZhbHNlIj4NCiAgICAgIDxIZWFkZXJzPg0KICAgICAgICA8SGVhZGVyIE5hbWU9IkNvbnRlbnQtVHlwZSIgVmFsdWU9ImFwcGxpY2F0aW9uL3gtd3d3LWZvcm0tdXJsZW5jb2RlZDsgY2hhcnNldD1VVEYtOCIgLz4NCiAgICAgICAgPEhlYWRlciBOYW1lPSJBY2NlcHQiIFZhbHVlPSJ0ZXh0L3BsYWluLCAqLyo7IHE9MC4wMSIgLz4NCiAgICAgICAgPEhlYWRlciBOYW1lPSJSZWZlcmVyIiBWYWx1ZT0iaHR0cDovL2xvY2FsaG9zdDo1NjU2OC9Mb2dpbiIgLz4NCiAgICAgIDwvSGVhZGVycz4NCiAgICAgIDxRdWVyeVN0cmluZ1BhcmFtZXRlcnM+DQogICAgICAgIDxRdWVyeVN0cmluZ1BhcmFtZXRlciBOYW1lPSJyZXF1ZXN0VXJsIiBWYWx1ZT0iaHR0cCUzQSUyRiUyRmxvY2FsaG9zdCUzQTU2NTY4JTJGTG9naW4iIFJlY29yZGVkVmFsdWU9Imh0dHAlM0ElMkYlMkZsb2NhbGhvc3QlM0E1NjU2OCUyRkxvZ2luIiBDb3JyZWxhdGlvbkJpbmRpbmc9IiIgVXJsRW5jb2RlPSJGYWxzZSIgVXNlVG9Hcm91cFJlc3VsdHM9IkZhbHNlIiAvPg0KICAgICAgICA8UXVlcnlTdHJpbmdQYXJhbWV0ZXIgTmFtZT0iYnJvd3Nlck5hbWUiIFZhbHVlPSJJbnRlcm5ldEV4cGxvcmVyIiBSZWNvcmRlZFZhbHVlPSJJbnRlcm5ldEV4cGxvcmVyIiBDb3JyZWxhdGlvbkJpbmRpbmc9IiIgVXJsRW5jb2RlPSJGYWxzZSIgVXNlVG9Hcm91cFJlc3VsdHM9IkZhbHNlIiAvPg0KICAgICAgICA8UXVlcnlTdHJpbmdQYXJhbWV0ZXIgTmFtZT0iY2xpZW50UHJvdG9jb2wiIFZhbHVlPSIxLjMiIFJlY29yZGVkVmFsdWU9IjEuMyIgQ29ycmVsYXRpb25CaW5kaW5nPSIiIFVybEVuY29kZT0iRmFsc2UiIFVzZVRvR3JvdXBSZXN1bHRzPSJGYWxzZSIgLz4NCiAgICAgICAgPFF1ZXJ5U3RyaW5nUGFyYW1ldGVyIE5hbWU9Il8iIFZhbHVlPSIxMzk3NDQzMzM0Njg1IiBSZWNvcmRlZFZhbHVlPSIxMzk3NDQzMzM0Njg1IiBDb3JyZWxhdGlvbkJpbmRpbmc9IiIgVXJsRW5jb2RlPSJGYWxzZSIgVXNlVG9Hcm91cFJlc3VsdHM9IkZhbHNlIiAvPg0KICAgICAgPC9RdWVyeVN0cmluZ1BhcmFtZXRlcnM+DQogICAgICA8Rm9ybVBvc3RIdHRwQm9keSAvPg0KICAgIDwvUmVxdWVzdD4NCiAgICA8UmVxdWVzdCBNZXRob2Q9IlBPU1QiIEd1aWQ9ImY3MDEyOGUyLTY5NjctNDMxNS05ZGNhLTBjYjQyMWNmZTcyNyIgVmVyc2lvbj0iMS4xIiBVcmw9Imh0dHA6Ly9sb2NhbGhvc3Q6MTU4NS9mMjY3NDM5NWEzZDk0MmNhOWI5Mjg3NGY4OTdhZWY0Yi9hcnRlcnlTaWduYWxSL2Nvbm5lY3QiIFRoaW5rVGltZT0iMCIgVGltZW91dD0iMzAwIiBQYXJzZURlcGVuZGVudFJlcXVlc3RzPSJUcnVlIiBGb2xsb3dSZWRpcmVjdHM9IlRydWUiIFJlY29yZFJlc3VsdD0iVHJ1ZSIgQ2FjaGU9IkZhbHNlIiBSZXNwb25zZVRpbWVHb2FsPSIwIiBFbmNvZGluZz0idXRmLTgiIEV4cGVjdGVkSHR0cFN0YXR1c0NvZGU9IjAiIEV4cGVjdGVkUmVzcG9uc2VVcmw9IiIgUmVwb3J0aW5nTmFtZT0iIiBJZ25vcmVIdHRwU3RhdHVzQ29kZT0iRmFsc2UiPg0KICAgICAgPEhlYWRlcnM+DQogICAgICAgIDxIZWFkZXIgTmFtZT0iQ29udGVudC1UeXBlIiBWYWx1ZT0iYXBwbGljYXRpb24veC13d3ctZm9ybS11cmxlbmNvZGVkOyBjaGFyc2V0PVVURi04IiAvPg0KICAgICAgICA8SGVhZGVyIE5hbWU9IkFjY2VwdCIgVmFsdWU9InRleHQvcGxhaW4sICovKjsgcT0wLjAxIiAvPg0KICAgICAgICA8SGVhZGVyIE5hbWU9IlJlZmVyZXIiIFZhbHVlPSJodHRwOi8vbG9jYWxob3N0OjU2NTY4L0xvZ2luIiAvPg0KICAgICAgPC9IZWFkZXJzPg0KICAgICAgPFF1ZXJ5U3RyaW5nUGFyYW1ldGVycz4NCiAgICAgICAgPFF1ZXJ5U3RyaW5nUGFyYW1ldGVyIE5hbWU9InRyYW5zcG9ydCIgVmFsdWU9ImxvbmdQb2xsaW5nIiBSZWNvcmRlZFZhbHVlPSJsb25nUG9sbGluZyIgQ29ycmVsYXRpb25CaW5kaW5nPSIiIFVybEVuY29kZT0iRmFsc2UiIFVzZVRvR3JvdXBSZXN1bHRzPSJGYWxzZSIgLz4NCiAgICAgICAgPFF1ZXJ5U3RyaW5nUGFyYW1ldGVyIE5hbWU9ImNvbm5lY3Rpb25Ub2tlbiIgVmFsdWU9IkFRQUFBTkNNbmQ4QkZkRVJqSG9Bd0UlMkZDbCUyQnNCQUFBQWZBU3poR09OWjB1RGN0c2w2M3ZPdFFBQUFBQUNBQUFBQUFBUVpnQUFBQUVBQUNBQUFBQ0FaVGZOald5cFU0MGo1UVZkMVl2djIwaDdETXBkV3UxaUJFeWhKTEszZGdBQUFBQU9nQUFBQUFJQUFDQUFBQUE2V3VoZSUyRmlZcG80bDBqUTdJbVE1NzhKZnVHWWtlQmt5SDhzOUQ4bk9IOHpBQUFBQWo2S2luWGt3VDBpZnI1MUh2MTdzTmFsZ0FPQVRNRVpMb1VHQzdoeWNadDFTRHNTVHVzSXc2RmVxdmpQMHlEb0JBQUFBQVg4Sk5MYUNZVVJGNXBZTGlvRGQ4STl2MHJkY3ZUMFJyVUV6cHJPQzRkUk1VVzVxNWpEaHBvdVZjdm91cUFQdnJ1ZjVRcnMyaHpDcXVUOXBOR3BpWUR3JTNEJTNEIiBSZWNvcmRlZFZhbHVlPSJBUUFBQU5DTW5kOEJGZEVSakhvQXdFJTJGQ2wlMkJzQkFBQUFmQVN6aEdPTlowdURjdHNsNjN2T3RRQUFBQUFDQUFBQUFBQVFaZ0FBQUFFQUFDQUFBQUNBWlRmTmpXeXBVNDBqNVFWZDFZdnYyMGg3RE1wZFd1MWlCRXloSkxLM2RnQUFBQUFPZ0FBQUFBSUFBQ0FBQUFBNld1aGUlMkZpWXBvNGwwalE3SW1RNTc4SmZ1R1lrZUJreUg4czlEOG5PSDh6QUFBQUFqNktpblhrd1QwaWZyNTFIdjE3c05hbGdBT0FUTUVaTG9VR0M3aHljWnQxU0RzU1R1c0l3NkZlcXZqUDB5RG9CQUFBQUFYOEpOTGFDWVVSRjVwWUxpb0RkOEk5djByZGN2VDBSclVFenByT0M0ZFJNVVc1cTVqRGhwb3VWY3ZvdXFBUHZydWY1UXJzMmh6Q3F1VDlwTkdwaVlEdyUzRCUzRCIgQ29ycmVsYXRpb25CaW5kaW5nPSIiIFVybEVuY29kZT0iRmFsc2UiIFVzZVRvR3JvdXBSZXN1bHRzPSJGYWxzZSIgLz4NCiAgICAgICAgPFF1ZXJ5U3RyaW5nUGFyYW1ldGVyIE5hbWU9InJlcXVlc3RVcmwiIFZhbHVlPSJodHRwJTNBJTJGJTJGbG9jYWxob3N0JTNBNTY1NjglMkZMb2dpbiIgUmVjb3JkZWRWYWx1ZT0iaHR0cCUzQSUyRiUyRmxvY2FsaG9zdCUzQTU2NTY4JTJGTG9naW4iIENvcnJlbGF0aW9uQmluZGluZz0iIiBVcmxFbmNvZGU9IkZhbHNlIiBVc2VUb0dyb3VwUmVzdWx0cz0iRmFsc2UiIC8+DQogICAgICAgIDxRdWVyeVN0cmluZ1BhcmFtZXRlciBOYW1lPSJicm93c2VyTmFtZSIgVmFsdWU9IkludGVybmV0RXhwbG9yZXIiIFJlY29yZGVkVmFsdWU9IkludGVybmV0RXhwbG9yZXIiIENvcnJlbGF0aW9uQmluZGluZz0iIiBVcmxFbmNvZGU9IkZhbHNlIiBVc2VUb0dyb3VwUmVzdWx0cz0iRmFsc2UiIC8+DQogICAgICAgIDxRdWVyeVN0cmluZ1BhcmFtZXRlciBOYW1lPSJ0aWQiIFZhbHVlPSI0IiBSZWNvcmRlZFZhbHVlPSI0IiBDb3JyZWxhdGlvbkJpbmRpbmc9IiIgVXJsRW5jb2RlPSJGYWxzZSIgVXNlVG9Hcm91cFJlc3VsdHM9IkZhbHNlIiAvPg0KICAgICAgICA8UXVlcnlTdHJpbmdQYXJhbWV0ZXIgTmFtZT0iXyIgVmFsdWU9IjEzOTc0NDMzMzQ5NTkiIFJlY29yZGVkVmFsdWU9IjEzOTc0NDMzMzQ5NTkiIENvcnJlbGF0aW9uQmluZGluZz0iIiBVcmxFbmNvZGU9IkZhbHNlIiBVc2VUb0dyb3VwUmVzdWx0cz0iRmFsc2UiIC8+DQogICAgICA8L1F1ZXJ5U3RyaW5nUGFyYW1ldGVycz4NCiAgICAgIDxGb3JtUG9zdEh0dHBCb2R5IC8+DQogICAgPC9SZXF1ZXN0Pg0KICAgIDxSZXF1ZXN0IE1ldGhvZD0iUE9TVCIgR3VpZD0iNDdkNTdlMzQtZjE4Mi00NzBjLWFjMWYtNDg1YmViMzA3ZGIwIiBWZXJzaW9uPSIxLjEiIFVybD0iaHR0cDovL2xvY2FsaG9zdDoxNTg1L2YyNjc0Mzk1YTNkOTQyY2E5YjkyODc0Zjg5N2FlZjRiL2FydGVyeVNpZ25hbFIvc2VuZCIgVGhpbmtUaW1lPSIwIiBUaW1lb3V0PSIzMDAiIFBhcnNlRGVwZW5kZW50UmVxdWVzdHM9IlRydWUiIEZvbGxvd1JlZGlyZWN0cz0iVHJ1ZSIgUmVjb3JkUmVzdWx0PSJUcnVlIiBDYWNoZT0iRmFsc2UiIFJlc3BvbnNlVGltZUdvYWw9IjAiIEVuY29kaW5nPSJ1dGYtOCIgRXhwZWN0ZWRIdHRwU3RhdHVzQ29kZT0iMCIgRXhwZWN0ZWRSZXNwb25zZVVybD0iIiBSZXBvcnRpbmdOYW1lPSIiIElnbm9yZUh0dHBTdGF0dXNDb2RlPSJGYWxzZSI+DQogICAgICA8SGVhZGVycz4NCiAgICAgICAgPEhlYWRlciBOYW1lPSJBY2NlcHQiIFZhbHVlPSJ0ZXh0L3BsYWluLCAqLyo7IHE9MC4wMSIgLz4NCiAgICAgICAgPEhlYWRlciBOYW1lPSJSZWZlcmVyIiBWYWx1ZT0iaHR0cDovL2xvY2FsaG9zdDo1NjU2OC9Mb2dpbiIgLz4NCiAgICAgIDwvSGVhZGVycz4NCiAgICAgIDxRdWVyeVN0cmluZ1BhcmFtZXRlcnM+DQogICAgICAgIDxRdWVyeVN0cmluZ1BhcmFtZXRlciBOYW1lPSJ0cmFuc3BvcnQiIFZhbHVlPSJsb25nUG9sbGluZyIgUmVjb3JkZWRWYWx1ZT0ibG9uZ1BvbGxpbmciIENvcnJlbGF0aW9uQmluZGluZz0iIiBVcmxFbmNvZGU9IkZhbHNlIiBVc2VUb0dyb3VwUmVzdWx0cz0iRmFsc2UiIC8+DQogICAgICAgIDxRdWVyeVN0cmluZ1BhcmFtZXRlciBOYW1lPSJjb25uZWN0aW9uVG9rZW4iIFZhbHVlPSJBUUFBQU5DTW5kOEJGZEVSakhvQXdFJTJGQ2wlMkJzQkFBQUFmQVN6aEdPTlowdURjdHNsNjN2T3RRQUFBQUFDQUFBQUFBQVFaZ0FBQUFFQUFDQUFBQUNBWlRmTmpXeXBVNDBqNVFWZDFZdnYyMGg3RE1wZFd1MWlCRXloSkxLM2RnQUFBQUFPZ0FBQUFBSUFBQ0FBQUFBNld1aGUlMkZpWXBvNGwwalE3SW1RNTc4SmZ1R1lrZUJreUg4czlEOG5PSDh6QUFBQUFqNktpblhrd1QwaWZyNTFIdjE3c05hbGdBT0FUTUVaTG9VR0M3aHljWnQxU0RzU1R1c0l3NkZlcXZqUDB5RG9CQUFBQUFYOEpOTGFDWVVSRjVwWUxpb0RkOEk5djByZGN2VDBSclVFenByT0M0ZFJNVVc1cTVqRGhwb3VWY3ZvdXFBUHZydWY1UXJzMmh6Q3F1VDlwTkdwaVlEdyUzRCUzRCIgUmVjb3JkZWRWYWx1ZT0iQVFBQUFOQ01uZDhCRmRFUmpIb0F3RSUyRkNsJTJCc0JBQUFBZkFTemhHT05aMHVEY3RzbDYzdk90UUFBQUFBQ0FBQUFBQUFRWmdBQUFBRUFBQ0FBQUFDQVpUZk5qV3lwVTQwajVRVmQxWXZ2MjBoN0RNcGRXdTFpQkV5aEpMSzNkZ0FBQUFBT2dBQUFBQUlBQUNBQUFBQTZXdWhlJTJGaVlwbzRsMGpRN0ltUTU3OEpmdUdZa2VCa3lIOHM5RDhuT0g4ekFBQUFBajZLaW5Ya3dUMGlmcjUxSHYxN3NOYWxnQU9BVE1FWkxvVUdDN2h5Y1p0MVNEc1NUdXNJdzZGZXF2alAweURvQkFBQUFBWDhKTkxhQ1lVUkY1cFlMaW9EZDhJOXYwcmRjdlQwUnJVRXpwck9DNGRSTVVXNXE1akRocG91VmN2b3VxQVB2cnVmNVFyczJoekNxdVQ5cE5HcGlZRHclM0QlM0QiIENvcnJlbGF0aW9uQmluZGluZz0iIiBVcmxFbmNvZGU9IkZhbHNlIiBVc2VUb0dyb3VwUmVzdWx0cz0iRmFsc2UiIC8+DQogICAgICAgIDxRdWVyeVN0cmluZ1BhcmFtZXRlciBOYW1lPSJyZXF1ZXN0VXJsIiBWYWx1ZT0iaHR0cCUzQSUyRiUyRmxvY2FsaG9zdCUzQTU2NTY4JTJGTG9naW4iIFJlY29yZGVkVmFsdWU9Imh0dHAlM0ElMkYlMkZsb2NhbGhvc3QlM0E1NjU2OCUyRkxvZ2luIiBDb3JyZWxhdGlvbkJpbmRpbmc9IiIgVXJsRW5jb2RlPSJGYWxzZSIgVXNlVG9Hcm91cFJlc3VsdHM9IkZhbHNlIiAvPg0KICAgICAgICA8UXVlcnlTdHJpbmdQYXJhbWV0ZXIgTmFtZT0iYnJvd3Nlck5hbWUiIFZhbHVlPSJJbnRlcm5ldEV4cGxvcmVyIiBSZWNvcmRlZFZhbHVlPSJJbnRlcm5ldEV4cGxvcmVyIiBDb3JyZWxhdGlvbkJpbmRpbmc9IiIgVXJsRW5jb2RlPSJGYWxzZSIgVXNlVG9Hcm91cFJlc3VsdHM9IkZhbHNlIiAvPg0KICAgICAgPC9RdWVyeVN0cmluZ1BhcmFtZXRlcnM+DQogICAgICA8Rm9ybVBvc3RIdHRwQm9keSAvPg0KICAgIDwvUmVxdWVzdD4NCiAgICA8UmVxdWVzdCBNZXRob2Q9IlBPU1QiIEd1aWQ9Ijc4ZmQxN2FlLWI5YzgtNGMwNy04MDQ3LThjYzZmODdjZjBlMyIgVmVyc2lvbj0iMS4xIiBVcmw9Imh0dHA6Ly9sb2NhbGhvc3Q6MTU4NS9mMjY3NDM5NWEzZDk0MmNhOWI5Mjg3NGY4OTdhZWY0Yi9hcnRlcnlTaWduYWxSL3BvbGwiIFRoaW5rVGltZT0iMCIgVGltZW91dD0iMzAwIiBQYXJzZURlcGVuZGVudFJlcXVlc3RzPSJUcnVlIiBGb2xsb3dSZWRpcmVjdHM9IlRydWUiIFJlY29yZFJlc3VsdD0iVHJ1ZSIgQ2FjaGU9IkZhbHNlIiBSZXNwb25zZVRpbWVHb2FsPSIwIiBFbmNvZGluZz0idXRmLTgiIEV4cGVjdGVkSHR0cFN0YXR1c0NvZGU9IjAiIEV4cGVjdGVkUmVzcG9uc2VVcmw9IiIgUmVwb3J0aW5nTmFtZT0iIiBJZ25vcmVIdHRwU3RhdHVzQ29kZT0iRmFsc2UiPg0KICAgICAgPEhlYWRlcnM+DQogICAgICAgIDxIZWFkZXIgTmFtZT0iQ29udGVudC1UeXBlIiBWYWx1ZT0iYXBwbGljYXRpb24veC13d3ctZm9ybS11cmxlbmNvZGVkOyBjaGFyc2V0PVVURi04IiAvPg0KICAgICAgICA8SGVhZGVyIE5hbWU9IkFjY2VwdCIgVmFsdWU9InRleHQvcGxhaW4sICovKjsgcT0wLjAxIiAvPg0KICAgICAgICA8SGVhZGVyIE5hbWU9IlJlZmVyZXIiIFZhbHVlPSJodHRwOi8vbG9jYWxob3N0OjU2NTY4L0xvZ2luIiAvPg0KICAgICAgPC9IZWFkZXJzPg0KICAgICAgPFF1ZXJ5U3RyaW5nUGFyYW1ldGVycz4NCiAgICAgICAgPFF1ZXJ5U3RyaW5nUGFyYW1ldGVyIE5hbWU9InRyYW5zcG9ydCIgVmFsdWU9ImxvbmdQb2xsaW5nIiBSZWNvcmRlZFZhbHVlPSJsb25nUG9sbGluZyIgQ29ycmVsYXRpb25CaW5kaW5nPSIiIFVybEVuY29kZT0iRmFsc2UiIFVzZVRvR3JvdXBSZXN1bHRzPSJGYWxzZSIgLz4NCiAgICAgICAgPFF1ZXJ5U3RyaW5nUGFyYW1ldGVyIE5hbWU9ImNvbm5lY3Rpb25Ub2tlbiIgVmFsdWU9IkFRQUFBTkNNbmQ4QkZkRVJqSG9Bd0UlMkZDbCUyQnNCQUFBQWZBU3poR09OWjB1RGN0c2w2M3ZPdFFBQUFBQUNBQUFBQUFBUVpnQUFBQUVBQUNBQUFBQ0FaVGZOald5cFU0MGo1UVZkMVl2djIwaDdETXBkV3UxaUJFeWhKTEszZGdBQUFBQU9nQUFBQUFJQUFDQUFBQUE2V3VoZSUyRmlZcG80bDBqUTdJbVE1NzhKZnVHWWtlQmt5SDhzOUQ4bk9IOHpBQUFBQWo2S2luWGt3VDBpZnI1MUh2MTdzTmFsZ0FPQVRNRVpMb1VHQzdoeWNadDFTRHNTVHVzSXc2RmVxdmpQMHlEb0JBQUFBQVg4Sk5MYUNZVVJGNXBZTGlvRGQ4STl2MHJkY3ZUMFJyVUV6cHJPQzRkUk1VVzVxNWpEaHBvdVZjdm91cUFQdnJ1ZjVRcnMyaHpDcXVUOXBOR3BpWUR3JTNEJTNEIiBSZWNvcmRlZFZhbHVlPSJBUUFBQU5DTW5kOEJGZEVSakhvQXdFJTJGQ2wlMkJzQkFBQUFmQVN6aEdPTlowdURjdHNsNjN2T3RRQUFBQUFDQUFBQUFBQVFaZ0FBQUFFQUFDQUFBQUNBWlRmTmpXeXBVNDBqNVFWZDFZdnYyMGg3RE1wZFd1MWlCRXloSkxLM2RnQUFBQUFPZ0FBQUFBSUFBQ0FBQUFBNld1aGUlMkZpWXBvNGwwalE3SW1RNTc4SmZ1R1lrZUJreUg4czlEOG5PSDh6QUFBQUFqNktpblhrd1QwaWZyNTFIdjE3c05hbGdBT0FUTUVaTG9VR0M3aHljWnQxU0RzU1R1c0l3NkZlcXZqUDB5RG9CQUFBQUFYOEpOTGFDWVVSRjVwWUxpb0RkOEk5djByZGN2VDBSclVFenByT0M0ZFJNVVc1cTVqRGhwb3VWY3ZvdXFBUHZydWY1UXJzMmh6Q3F1VDlwTkdwaVlEdyUzRCUzRCIgQ29ycmVsYXRpb25CaW5kaW5nPSIiIFVybEVuY29kZT0iRmFsc2UiIFVzZVRvR3JvdXBSZXN1bHRzPSJGYWxzZSIgLz4NCiAgICAgICAgPFF1ZXJ5U3RyaW5nUGFyYW1ldGVyIE5hbWU9Im1lc3NhZ2VJZCIgVmFsdWU9ImQtQzgzQUYzMjUtayUyQzAlN0NwJTJDMSU3Q3ElMkMwIiBSZWNvcmRlZFZhbHVlPSJkLUM4M0FGMzI1LWslMkMwJTdDcCUyQzElN0NxJTJDMCIgQ29ycmVsYXRpb25CaW5kaW5nPSIiIFVybEVuY29kZT0iRmFsc2UiIFVzZVRvR3JvdXBSZXN1bHRzPSJGYWxzZSIgLz4NCiAgICAgICAgPFF1ZXJ5U3RyaW5nUGFyYW1ldGVyIE5hbWU9InJlcXVlc3RVcmwiIFZhbHVlPSJodHRwJTNBJTJGJTJGbG9jYWxob3N0JTNBNTY1NjglMkZMb2dpbiIgUmVjb3JkZWRWYWx1ZT0iaHR0cCUzQSUyRiUyRmxvY2FsaG9zdCUzQTU2NTY4JTJGTG9naW4iIENvcnJlbGF0aW9uQmluZGluZz0iIiBVcmxFbmNvZGU9IkZhbHNlIiBVc2VUb0dyb3VwUmVzdWx0cz0iRmFsc2UiIC8+DQogICAgICAgIDxRdWVyeVN0cmluZ1BhcmFtZXRlciBOYW1lPSJicm93c2VyTmFtZSIgVmFsdWU9IkludGVybmV0RXhwbG9yZXIiIFJlY29yZGVkVmFsdWU9IkludGVybmV0RXhwbG9yZXIiIENvcnJlbGF0aW9uQmluZGluZz0iIiBVcmxFbmNvZGU9IkZhbHNlIiBVc2VUb0dyb3VwUmVzdWx0cz0iRmFsc2UiIC8+DQogICAgICAgIDxRdWVyeVN0cmluZ1BhcmFtZXRlciBOYW1lPSJ0aWQiIFZhbHVlPSI1IiBSZWNvcmRlZFZhbHVlPSI1IiBDb3JyZWxhdGlvbkJpbmRpbmc9IiIgVXJsRW5jb2RlPSJGYWxzZSIgVXNlVG9Hcm91cFJlc3VsdHM9IkZhbHNlIiAvPg0KICAgICAgICA8UXVlcnlTdHJpbmdQYXJhbWV0ZXIgTmFtZT0iXyIgVmFsdWU9IjEzOTc0NDMzMzQ5NjkiIFJlY29yZGVkVmFsdWU9IjEzOTc0NDMzMzQ5NjkiIENvcnJlbGF0aW9uQmluZGluZz0iIiBVcmxFbmNvZGU9IkZhbHNlIiBVc2VUb0dyb3VwUmVzdWx0cz0iRmFsc2UiIC8+DQogICAgICA8L1F1ZXJ5U3RyaW5nUGFyYW1ldGVycz4NCiAgICAgIDxGb3JtUG9zdEh0dHBCb2R5IC8+DQogICAgPC9SZXF1ZXN0Pg0KICAgIDxSZXF1ZXN0IE1ldGhvZD0iUE9TVCIgR3VpZD0iYjhjOTlkNjItNjc5OC00ZGM0LWJhNDYtNDZhMTM2ZTZmMWE5IiBWZXJzaW9uPSIxLjEiIFVybD0iaHR0cDovL2xvY2FsaG9zdDoxNTg1L2YyNjc0Mzk1YTNkOTQyY2E5YjkyODc0Zjg5N2FlZjRiL2FydGVyeVNpZ25hbFIvcG9sbCIgVGhpbmtUaW1lPSIwIiBUaW1lb3V0PSIzMDAiIFBhcnNlRGVwZW5kZW50UmVxdWVzdHM9IlRydWUiIEZvbGxvd1JlZGlyZWN0cz0iVHJ1ZSIgUmVjb3JkUmVzdWx0PSJUcnVlIiBDYWNoZT0iRmFsc2UiIFJlc3BvbnNlVGltZUdvYWw9IjAiIEVuY29kaW5nPSJ1dGYtOCIgRXhwZWN0ZWRIdHRwU3RhdHVzQ29kZT0iMCIgRXhwZWN0ZWRSZXNwb25zZVVybD0iIiBSZXBvcnRpbmdOYW1lPSIiIElnbm9yZUh0dHBTdGF0dXNDb2RlPSJGYWxzZSI+DQogICAgICA8SGVhZGVycz4NCiAgICAgICAgPEhlYWRlciBOYW1lPSJDb250ZW50LVR5cGUiIFZhbHVlPSJhcHBsaWNhdGlvbi94LXd3dy1mb3JtLXVybGVuY29kZWQ7IGNoYXJzZXQ9VVRGLTgiIC8+DQogICAgICAgIDxIZWFkZXIgTmFtZT0iQWNjZXB0IiBWYWx1ZT0idGV4dC9wbGFpbiwgKi8qOyBxPTAuMDEiIC8+DQogICAgICAgIDxIZWFkZXIgTmFtZT0iUmVmZXJlciIgVmFsdWU9Imh0dHA6Ly9sb2NhbGhvc3Q6NTY1NjgvTG9naW4iIC8+DQogICAgICA8L0hlYWRlcnM+DQogICAgICA8UXVlcnlTdHJpbmdQYXJhbWV0ZXJzPg0KICAgICAgICA8UXVlcnlTdHJpbmdQYXJhbWV0ZXIgTmFtZT0idHJhbnNwb3J0IiBWYWx1ZT0ibG9uZ1BvbGxpbmciIFJlY29yZGVkVmFsdWU9ImxvbmdQb2xsaW5nIiBDb3JyZWxhdGlvbkJpbmRpbmc9IiIgVXJsRW5jb2RlPSJGYWxzZSIgVXNlVG9Hcm91cFJlc3VsdHM9IkZhbHNlIiAvPg0KICAgICAgICA8UXVlcnlTdHJpbmdQYXJhbWV0ZXIgTmFtZT0iY29ubmVjdGlvblRva2VuIiBWYWx1ZT0iQVFBQUFOQ01uZDhCRmRFUmpIb0F3RSUyRkNsJTJCc0JBQUFBZkFTemhHT05aMHVEY3RzbDYzdk90UUFBQUFBQ0FBQUFBQUFRWmdBQUFBRUFBQ0FBQUFDQVpUZk5qV3lwVTQwajVRVmQxWXZ2MjBoN0RNcGRXdTFpQkV5aEpMSzNkZ0FBQUFBT2dBQUFBQUlBQUNBQUFBQTZXdWhlJTJGaVlwbzRsMGpRN0ltUTU3OEpmdUdZa2VCa3lIOHM5RDhuT0g4ekFBQUFBajZLaW5Ya3dUMGlmcjUxSHYxN3NOYWxnQU9BVE1FWkxvVUdDN2h5Y1p0MVNEc1NUdXNJdzZGZXF2alAweURvQkFBQUFBWDhKTkxhQ1lVUkY1cFlMaW9EZDhJOXYwcmRjdlQwUnJVRXpwck9DNGRSTVVXNXE1akRocG91VmN2b3VxQVB2cnVmNVFyczJoekNxdVQ5cE5HcGlZRHclM0QlM0QiIFJlY29yZGVkVmFsdWU9IkFRQUFBTkNNbmQ4QkZkRVJqSG9Bd0UlMkZDbCUyQnNCQUFBQWZBU3poR09OWjB1RGN0c2w2M3ZPdFFBQUFBQUNBQUFBQUFBUVpnQUFBQUVBQUNBQUFBQ0FaVGZOald5cFU0MGo1UVZkMVl2djIwaDdETXBkV3UxaUJFeWhKTEszZGdBQUFBQU9nQUFBQUFJQUFDQUFBQUE2V3VoZSUyRmlZcG80bDBqUTdJbVE1NzhKZnVHWWtlQmt5SDhzOUQ4bk9IOHpBQUFBQWo2S2luWGt3VDBpZnI1MUh2MTdzTmFsZ0FPQVRNRVpMb1VHQzdoeWNadDFTRHNTVHVzSXc2RmVxdmpQMHlEb0JBQUFBQVg4Sk5MYUNZVVJGNXBZTGlvRGQ4STl2MHJkY3ZUMFJyVUV6cHJPQzRkUk1VVzVxNWpEaHBvdVZjdm91cUFQdnJ1ZjVRcnMyaHpDcXVUOXBOR3BpWUR3JTNEJTNEIiBDb3JyZWxhdGlvbkJpbmRpbmc9IiIgVXJsRW5jb2RlPSJGYWxzZSIgVXNlVG9Hcm91cFJlc3VsdHM9IkZhbHNlIiAvPg0KICAgICAgICA8UXVlcnlTdHJpbmdQYXJhbWV0ZXIgTmFtZT0ibWVzc2FnZUlkIiBWYWx1ZT0iZC1DODNBRjMyNS1rJTJDMCU3Q3AlMkMyJTdDcSUyQzAiIFJlY29yZGVkVmFsdWU9ImQtQzgzQUYzMjUtayUyQzAlN0NwJTJDMiU3Q3ElMkMwIiBDb3JyZWxhdGlvbkJpbmRpbmc9IiIgVXJsRW5jb2RlPSJGYWxzZSIgVXNlVG9Hcm91cFJlc3VsdHM9IkZhbHNlIiAvPg0KICAgICAgICA8UXVlcnlTdHJpbmdQYXJhbWV0ZXIgTmFtZT0icmVxdWVzdFVybCIgVmFsdWU9Imh0dHAlM0ElMkYlMkZsb2NhbGhvc3QlM0E1NjU2OCUyRkxvZ2luIiBSZWNvcmRlZFZhbHVlPSJodHRwJTNBJTJGJTJGbG9jYWxob3N0JTNBNTY1NjglMkZMb2dpbiIgQ29ycmVsYXRpb25CaW5kaW5nPSIiIFVybEVuY29kZT0iRmFsc2UiIFVzZVRvR3JvdXBSZXN1bHRzPSJGYWxzZSIgLz4NCiAgICAgICAgPFF1ZXJ5U3RyaW5nUGFyYW1ldGVyIE5hbWU9ImJyb3dzZXJOYW1lIiBWYWx1ZT0iSW50ZXJuZXRFeHBsb3JlciIgUmVjb3JkZWRWYWx1ZT0iSW50ZXJuZXRFeHBsb3JlciIgQ29ycmVsYXRpb25CaW5kaW5nPSIiIFVybEVuY29kZT0iRmFsc2UiIFVzZVRvR3JvdXBSZXN1bHRzPSJGYWxzZSIgLz4NCiAgICAgICAgPFF1ZXJ5U3RyaW5nUGFyYW1ldGVyIE5hbWU9InRpZCIgVmFsdWU9IjkiIFJlY29yZGVkVmFsdWU9IjkiIENvcnJlbGF0aW9uQmluZGluZz0iIiBVcmxFbmNvZGU9IkZhbHNlIiBVc2VUb0dyb3VwUmVzdWx0cz0iRmFsc2UiIC8+DQogICAgICAgIDxRdWVyeVN0cmluZ1BhcmFtZXRlciBOYW1lPSJfIiBWYWx1ZT0iMTM5NzQ0MzMzNDk4MyIgUmVjb3JkZWRWYWx1ZT0iMTM5NzQ0MzMzNDk4MyIgQ29ycmVsYXRpb25CaW5kaW5nPSIiIFVybEVuY29kZT0iRmFsc2UiIFVzZVRvR3JvdXBSZXN1bHRzPSJGYWxzZSIgLz4NCiAgICAgIDwvUXVlcnlTdHJpbmdQYXJhbWV0ZXJzPg0KICAgICAgPEZvcm1Qb3N0SHR0cEJvZHkgLz4NCiAgICA8L1JlcXVlc3Q+DQogICAgPFJlcXVlc3QgTWV0aG9kPSJQT1NUIiBHdWlkPSIzNTUwYzhmNi02MDUzLTQ2NDYtYTE1ZC1hN2IzOWM0NDhiZjMiIFZlcnNpb249IjEuMSIgVXJsPSJodHRwOi8vbG9jYWxob3N0OjE1ODUvZjI2NzQzOTVhM2Q5NDJjYTliOTI4NzRmODk3YWVmNGIvYXJ0ZXJ5U2lnbmFsUi9wb2xsIiBUaGlua1RpbWU9IjAiIFRpbWVvdXQ9IjMwMCIgUGFyc2VEZXBlbmRlbnRSZXF1ZXN0cz0iVHJ1ZSIgRm9sbG93UmVkaXJlY3RzPSJUcnVlIiBSZWNvcmRSZXN1bHQ9IlRydWUiIENhY2hlPSJGYWxzZSIgUmVzcG9uc2VUaW1lR29hbD0iMCIgRW5jb2Rpbmc9InV0Zi04IiBFeHBlY3RlZEh0dHBTdGF0dXNDb2RlPSIwIiBFeHBlY3RlZFJlc3BvbnNlVXJsPSIiIFJlcG9ydGluZ05hbWU9IiIgSWdub3JlSHR0cFN0YXR1c0NvZGU9IkZhbHNlIj4NCiAgICAgIDxIZWFkZXJzPg0KICAgICAgICA8SGVhZGVyIE5hbWU9IkNvbnRlbnQtVHlwZSIgVmFsdWU9ImFwcGxpY2F0aW9uL3gtd3d3LWZvcm0tdXJsZW5jb2RlZDsgY2hhcnNldD1VVEYtOCIgLz4NCiAgICAgICAgPEhlYWRlciBOYW1lPSJBY2NlcHQiIFZhbHVlPSJ0ZXh0L3BsYWluLCAqLyo7IHE9MC4wMSIgLz4NCiAgICAgICAgPEhlYWRlciBOYW1lPSJSZWZlcmVyIiBWYWx1ZT0iaHR0cDovL2xvY2FsaG9zdDo1NjU2OC9Mb2dpbiIgLz4NCiAgICAgIDwvSGVhZGVycz4NCiAgICAgIDxRdWVyeVN0cmluZ1BhcmFtZXRlcnM+DQogICAgICAgIDxRdWVyeVN0cmluZ1BhcmFtZXRlciBOYW1lPSJ0cmFuc3BvcnQiIFZhbHVlPSJsb25nUG9sbGluZyIgUmVjb3JkZWRWYWx1ZT0ibG9uZ1BvbGxpbmciIENvcnJlbGF0aW9uQmluZGluZz0iIiBVcmxFbmNvZGU9IkZhbHNlIiBVc2VUb0dyb3VwUmVzdWx0cz0iRmFsc2UiIC8+DQogICAgICAgIDxRdWVyeVN0cmluZ1BhcmFtZXRlciBOYW1lPSJjb25uZWN0aW9uVG9rZW4iIFZhbHVlPSJBUUFBQU5DTW5kOEJGZEVSakhvQXdFJTJGQ2wlMkJzQkFBQUFmQVN6aEdPTlowdURjdHNsNjN2T3RRQUFBQUFDQUFBQUFBQVFaZ0FBQUFFQUFDQUFBQUNBWlRmTmpXeXBVNDBqNVFWZDFZdnYyMGg3RE1wZFd1MWlCRXloSkxLM2RnQUFBQUFPZ0FBQUFBSUFBQ0FBQUFBNld1aGUlMkZpWXBvNGwwalE3SW1RNTc4SmZ1R1lrZUJreUg4czlEOG5PSDh6QUFBQUFqNktpblhrd1QwaWZyNTFIdjE3c05hbGdBT0FUTUVaTG9VR0M3aHljWnQxU0RzU1R1c0l3NkZlcXZqUDB5RG9CQUFBQUFYOEpOTGFDWVVSRjVwWUxpb0RkOEk5djByZGN2VDBSclVFenByT0M0ZFJNVVc1cTVqRGhwb3VWY3ZvdXFBUHZydWY1UXJzMmh6Q3F1VDlwTkdwaVlEdyUzRCUzRCIgUmVjb3JkZWRWYWx1ZT0iQVFBQUFOQ01uZDhCRmRFUmpIb0F3RSUyRkNsJTJCc0JBQUFBZkFTemhHT05aMHVEY3RzbDYzdk90UUFBQUFBQ0FBQUFBQUFRWmdBQUFBRUFBQ0FBQUFDQVpUZk5qV3lwVTQwajVRVmQxWXZ2MjBoN0RNcGRXdTFpQkV5aEpMSzNkZ0FBQUFBT2dBQUFBQUlBQUNBQUFBQTZXdWhlJTJGaVlwbzRsMGpRN0ltUTU3OEpmdUdZa2VCa3lIOHM5RDhuT0g4ekFBQUFBajZLaW5Ya3dUMGlmcjUxSHYxN3NOYWxnQU9BVE1FWkxvVUdDN2h5Y1p0MVNEc1NUdXNJdzZGZXF2alAweURvQkFBQUFBWDhKTkxhQ1lVUkY1cFlMaW9EZDhJOXYwcmRjdlQwUnJVRXpwck9DNGRSTVVXNXE1akRocG91VmN2b3VxQVB2cnVmNVFyczJoekNxdVQ5cE5HcGlZRHclM0QlM0QiIENvcnJlbGF0aW9uQmluZGluZz0iIiBVcmxFbmNvZGU9IkZhbHNlIiBVc2VUb0dyb3VwUmVzdWx0cz0iRmFsc2UiIC8+DQogICAgICAgIDxRdWVyeVN0cmluZ1BhcmFtZXRlciBOYW1lPSJtZXNzYWdlSWQiIFZhbHVlPSJkLUM4M0FGMzI1LWslMkMwJTdDcCUyQzIlN0NxJTJDMCIgUmVjb3JkZWRWYWx1ZT0iZC1DODNBRjMyNS1rJTJDMCU3Q3AlMkMyJTdDcSUyQzAiIENvcnJlbGF0aW9uQmluZGluZz0iIiBVcmxFbmNvZGU9IkZhbHNlIiBVc2VUb0dyb3VwUmVzdWx0cz0iRmFsc2UiIC8+DQogICAgICAgIDxRdWVyeVN0cmluZ1BhcmFtZXRlciBOYW1lPSJyZXF1ZXN0VXJsIiBWYWx1ZT0iaHR0cCUzQSUyRiUyRmxvY2FsaG9zdCUzQTU2NTY4JTJGTG9naW4iIFJlY29yZGVkVmFsdWU9Imh0dHAlM0ElMkYlMkZsb2NhbGhvc3QlM0E1NjU2OCUyRkxvZ2luIiBDb3JyZWxhdGlvbkJpbmRpbmc9IiIgVXJsRW5jb2RlPSJGYWxzZSIgVXNlVG9Hcm91cFJlc3VsdHM9IkZhbHNlIiAvPg0KICAgICAgICA8UXVlcnlTdHJpbmdQYXJhbWV0ZXIgTmFtZT0iYnJvd3Nlck5hbWUiIFZhbHVlPSJJbnRlcm5ldEV4cGxvcmVyIiBSZWNvcmRlZFZhbHVlPSJJbnRlcm5ldEV4cGxvcmVyIiBDb3JyZWxhdGlvbkJpbmRpbmc9IiIgVXJsRW5jb2RlPSJGYWxzZSIgVXNlVG9Hcm91cFJlc3VsdHM9IkZhbHNlIiAvPg0KICAgICAgICA8UXVlcnlTdHJpbmdQYXJhbWV0ZXIgTmFtZT0idGlkIiBWYWx1ZT0iOSIgUmVjb3JkZWRWYWx1ZT0iOSIgQ29ycmVsYXRpb25CaW5kaW5nPSIiIFVybEVuY29kZT0iRmFsc2UiIFVzZVRvR3JvdXBSZXN1bHRzPSJGYWxzZSIgLz4NCiAgICAgICAgPFF1ZXJ5U3RyaW5nUGFyYW1ldGVyIE5hbWU9Il8iIFZhbHVlPSIxMzk3NDQzMzQxNjAwIiBSZWNvcmRlZFZhbHVlPSIxMzk3NDQzMzQxNjAwIiBDb3JyZWxhdGlvbkJpbmRpbmc9IiIgVXJsRW5jb2RlPSJGYWxzZSIgVXNlVG9Hcm91cFJlc3VsdHM9IkZhbHNlIiAvPg0KICAgICAgPC9RdWVyeVN0cmluZ1BhcmFtZXRlcnM+DQogICAgICA8Rm9ybVBvc3RIdHRwQm9keSAvPg0KICAgIDwvUmVxdWVzdD4NCiAgICA8UmVxdWVzdCBNZXRob2Q9IlBPU1QiIEd1aWQ9ImY4NDRiZmIyLTk5NzAtNDBlNS1hMGYyLTUzY2Q0NDk3MjEzZSIgVmVyc2lvbj0iMS4xIiBVcmw9Imh0dHA6Ly9sb2NhbGhvc3Q6NTY1NjgvTG9naW4iIFRoaW5rVGltZT0iMCIgVGltZW91dD0iMzAwIiBQYXJzZURlcGVuZGVudFJlcXVlc3RzPSJUcnVlIiBGb2xsb3dSZWRpcmVjdHM9IlRydWUiIFJlY29yZFJlc3VsdD0iVHJ1ZSIgQ2FjaGU9IkZhbHNlIiBSZXNwb25zZVRpbWVHb2FsPSIwIiBFbmNvZGluZz0idXRmLTgiIEV4cGVjdGVkSHR0cFN0YXR1c0NvZGU9IjAiIEV4cGVjdGVkUmVzcG9uc2VVcmw9Imh0dHA6Ly9sb2NhbGhvc3Q6NTY1NjgvIiBSZXBvcnRpbmdOYW1lPSIiIElnbm9yZUh0dHBTdGF0dXNDb2RlPSJGYWxzZSI+DQogICAgICA8SGVhZGVycz4NCiAgICAgICAgPEhlYWRlciBOYW1lPSJSZWZlcmVyIiBWYWx1ZT0iaHR0cDovL2xvY2FsaG9zdDo1NjU2OC9Mb2dpbiIgLz4NCiAgICAgIDwvSGVhZGVycz4NCiAgICAgIDxGb3JtUG9zdEh0dHBCb2R5Pg0KICAgICAgICA8Rm9ybVBvc3RQYXJhbWV0ZXIgTmFtZT0iX19SZXF1ZXN0VmVyaWZpY2F0aW9uVG9rZW4iIFZhbHVlPSJ7eyRISURERU4xLl9fUmVxdWVzdFZlcmlmaWNhdGlvblRva2VufX0iIFJlY29yZGVkVmFsdWU9ImhTZmU0UEdqam10cEF2dDVwOXB3NDloZ1lKSW1Ga1ZnUXktSi11XzBjMzB1VlhaOS1WYkxYMHN1SVVjUHd1TkloSW1ReHdPM2lCMGdzVDlsaHNhdG1ObXFaNXlEc2NYbGZBTy1ad3BSdjZvMSIgQ29ycmVsYXRpb25CaW5kaW5nPSIiIFVybEVuY29kZT0iVHJ1ZSIgLz4NCiAgICAgICAgPEZvcm1Qb3N0UGFyYW1ldGVyIE5hbWU9IlVzZXJuYW1lIiBWYWx1ZT0ic2luZzEyMzEiIFJlY29yZGVkVmFsdWU9InNpbmcxMjMxIiBDb3JyZWxhdGlvbkJpbmRpbmc9IiIgVXJsRW5jb2RlPSJUcnVlIiAvPg0KICAgICAgICA8Rm9ybVBvc3RQYXJhbWV0ZXIgTmFtZT0iUGFzc3dvcmQiIFZhbHVlPSIxMjM0NTYiIFJlY29yZGVkVmFsdWU9IjEyMzQ1NiIgQ29ycmVsYXRpb25CaW5kaW5nPSIiIFVybEVuY29kZT0iVHJ1ZSIgLz4NCiAgICAgIDwvRm9ybVBvc3RIdHRwQm9keT4NCiAgICA8L1JlcXVlc3Q+DQogICAgPFJlcXVlc3QgTWV0aG9kPSJQT1NUIiBHdWlkPSJiZjc3MjEyMy1hODgyLTQ4YmMtYjAxYi1iYjdjYTU2MDk0YzYiIFZlcnNpb249IjEuMSIgVXJsPSJodHRwOi8vbG9jYWxob3N0OjE1ODUvZjI2NzQzOTVhM2Q5NDJjYTliOTI4NzRmODk3YWVmNGIvYXJ0ZXJ5U2lnbmFsUi9hYm9ydCIgVGhpbmtUaW1lPSIwIiBUaW1lb3V0PSIzMDAiIFBhcnNlRGVwZW5kZW50UmVxdWVzdHM9IlRydWUiIEZvbGxvd1JlZGlyZWN0cz0iVHJ1ZSIgUmVjb3JkUmVzdWx0PSJUcnVlIiBDYWNoZT0iRmFsc2UiIFJlc3BvbnNlVGltZUdvYWw9IjAiIEVuY29kaW5nPSJ1dGYtOCIgRXhwZWN0ZWRIdHRwU3RhdHVzQ29kZT0iMCIgRXhwZWN0ZWRSZXNwb25zZVVybD0iIiBSZXBvcnRpbmdOYW1lPSIiIElnbm9yZUh0dHBTdGF0dXNDb2RlPSJGYWxzZSI+DQogICAgICA8SGVhZGVycz4NCiAgICAgICAgPEhlYWRlciBOYW1lPSJBY2NlcHQiIFZhbHVlPSJ0ZXh0L3BsYWluLCAqLyo7IHE9MC4wMSIgLz4NCiAgICAgICAgPEhlYWRlciBOYW1lPSJSZWZlcmVyIiBWYWx1ZT0iaHR0cDovL2xvY2FsaG9zdDo1NjU2OC9Mb2dpbiIgLz4NCiAgICAgIDwvSGVhZGVycz4NCiAgICAgIDxRdWVyeVN0cmluZ1BhcmFtZXRlcnM+DQogICAgICAgIDxRdWVyeVN0cmluZ1BhcmFtZXRlciBOYW1lPSJ0cmFuc3BvcnQiIFZhbHVlPSJsb25nUG9sbGluZyIgUmVjb3JkZWRWYWx1ZT0ibG9uZ1BvbGxpbmciIENvcnJlbGF0aW9uQmluZGluZz0iIiBVcmxFbmNvZGU9IkZhbHNlIiBVc2VUb0dyb3VwUmVzdWx0cz0iRmFsc2UiIC8+DQogICAgICAgIDxRdWVyeVN0cmluZ1BhcmFtZXRlciBOYW1lPSJjb25uZWN0aW9uVG9rZW4iIFZhbHVlPSJBUUFBQU5DTW5kOEJGZEVSakhvQXdFJTJGQ2wlMkJzQkFBQUFmQVN6aEdPTlowdURjdHNsNjN2T3RRQUFBQUFDQUFBQUFBQVFaZ0FBQUFFQUFDQUFBQUNBWlRmTmpXeXBVNDBqNVFWZDFZdnYyMGg3RE1wZFd1MWlCRXloSkxLM2RnQUFBQUFPZ0FBQUFBSUFBQ0FBQUFBNld1aGUlMkZpWXBvNGwwalE3SW1RNTc4SmZ1R1lrZUJreUg4czlEOG5PSDh6QUFBQUFqNktpblhrd1QwaWZyNTFIdjE3c05hbGdBT0FUTUVaTG9VR0M3aHljWnQxU0RzU1R1c0l3NkZlcXZqUDB5RG9CQUFBQUFYOEpOTGFDWVVSRjVwWUxpb0RkOEk5djByZGN2VDBSclVFenByT0M0ZFJNVVc1cTVqRGhwb3VWY3ZvdXFBUHZydWY1UXJzMmh6Q3F1VDlwTkdwaVlEdyUzRCUzRCIgUmVjb3JkZWRWYWx1ZT0iQVFBQUFOQ01uZDhCRmRFUmpIb0F3RSUyRkNsJTJCc0JBQUFBZkFTemhHT05aMHVEY3RzbDYzdk90UUFBQUFBQ0FBQUFBQUFRWmdBQUFBRUFBQ0FBQUFDQVpUZk5qV3lwVTQwajVRVmQxWXZ2MjBoN0RNcGRXdTFpQkV5aEpMSzNkZ0FBQUFBT2dBQUFBQUlBQUNBQUFBQTZXdWhlJTJGaVlwbzRsMGpRN0ltUTU3OEpmdUdZa2VCa3lIOHM5RDhuT0g4ekFBQUFBajZLaW5Ya3dUMGlmcjUxSHYxN3NOYWxnQU9BVE1FWkxvVUdDN2h5Y1p0MVNEc1NUdXNJdzZGZXF2alAweURvQkFBQUFBWDhKTkxhQ1lVUkY1cFlMaW9EZDhJOXYwcmRjdlQwUnJVRXpwck9DNGRSTVVXNXE1akRocG91VmN2b3VxQVB2cnVmNVFyczJoekNxdVQ5cE5HcGlZRHclM0QlM0QiIENvcnJlbGF0aW9uQmluZGluZz0iIiBVcmxFbmNvZGU9IkZhbHNlIiBVc2VUb0dyb3VwUmVzdWx0cz0iRmFsc2UiIC8+DQogICAgICAgIDxRdWVyeVN0cmluZ1BhcmFtZXRlciBOYW1lPSJyZXF1ZXN0VXJsIiBWYWx1ZT0iaHR0cCUzQSUyRiUyRmxvY2FsaG9zdCUzQTU2NTY4JTJGTG9naW4iIFJlY29yZGVkVmFsdWU9Imh0dHAlM0ElMkYlMkZsb2NhbGhvc3QlM0E1NjU2OCUyRkxvZ2luIiBDb3JyZWxhdGlvbkJpbmRpbmc9IiIgVXJsRW5jb2RlPSJGYWxzZSIgVXNlVG9Hcm91cFJlc3VsdHM9IkZhbHNlIiAvPg0KICAgICAgICA8UXVlcnlTdHJpbmdQYXJhbWV0ZXIgTmFtZT0iYnJvd3Nlck5hbWUiIFZhbHVlPSJJbnRlcm5ldEV4cGxvcmVyIiBSZWNvcmRlZFZhbHVlPSJJbnRlcm5ldEV4cGxvcmVyIiBDb3JyZWxhdGlvbkJpbmRpbmc9IiIgVXJsRW5jb2RlPSJGYWxzZSIgVXNlVG9Hcm91cFJlc3VsdHM9IkZhbHNlIiAvPg0KICAgICAgPC9RdWVyeVN0cmluZ1BhcmFtZXRlcnM+DQogICAgICA8Rm9ybVBvc3RIdHRwQm9keSAvPg0KICAgIDwvUmVxdWVzdD4NCiAgICA8UmVxdWVzdCBNZXRob2Q9IlBPU1QiIEd1aWQ9IjYyYTk3MGI4LWZiNTMtNGJmNi1iOTlmLTg5Y2YzNDZlZjY4OSIgVmVyc2lvbj0iMS4xIiBVcmw9Imh0dHA6Ly9sb2NhbGhvc3Q6MTU4NS9mMjY3NDM5NWEzZDk0MmNhOWI5Mjg3NGY4OTdhZWY0Yi9hcnRlcnlTaWduYWxSL25lZ290aWF0ZSIgVGhpbmtUaW1lPSIwIiBUaW1lb3V0PSIzMDAiIFBhcnNlRGVwZW5kZW50UmVxdWVzdHM9IlRydWUiIEZvbGxvd1JlZGlyZWN0cz0iVHJ1ZSIgUmVjb3JkUmVzdWx0PSJUcnVlIiBDYWNoZT0iRmFsc2UiIFJlc3BvbnNlVGltZUdvYWw9IjAiIEVuY29kaW5nPSJ1dGYtOCIgRXhwZWN0ZWRIdHRwU3RhdHVzQ29kZT0iMCIgRXhwZWN0ZWRSZXNwb25zZVVybD0iIiBSZXBvcnRpbmdOYW1lPSIiIElnbm9yZUh0dHBTdGF0dXNDb2RlPSJGYWxzZSI+DQogICAgICA8SGVhZGVycz4NCiAgICAgICAgPEhlYWRlciBOYW1lPSJDb250ZW50LVR5cGUiIFZhbHVlPSJhcHBsaWNhdGlvbi94LXd3dy1mb3JtLXVybGVuY29kZWQ7IGNoYXJzZXQ9VVRGLTgiIC8+DQogICAgICAgIDxIZWFkZXIgTmFtZT0iQWNjZXB0IiBWYWx1ZT0idGV4dC9wbGFpbiwgKi8qOyBxPTAuMDEiIC8+DQogICAgICAgIDxIZWFkZXIgTmFtZT0iUmVmZXJlciIgVmFsdWU9Imh0dHA6Ly9sb2NhbGhvc3Q6NTY1NjgvIiAvPg0KICAgICAgPC9IZWFkZXJzPg0KICAgICAgPFF1ZXJ5U3RyaW5nUGFyYW1ldGVycz4NCiAgICAgICAgPFF1ZXJ5U3RyaW5nUGFyYW1ldGVyIE5hbWU9InJlcXVlc3RVcmwiIFZhbHVlPSJodHRwJTNBJTJGJTJGbG9jYWxob3N0JTNBNTY1NjglMkYiIFJlY29yZGVkVmFsdWU9Imh0dHAlM0ElMkYlMkZsb2NhbGhvc3QlM0E1NjU2OCUyRiIgQ29ycmVsYXRpb25CaW5kaW5nPSIiIFVybEVuY29kZT0iRmFsc2UiIFVzZVRvR3JvdXBSZXN1bHRzPSJGYWxzZSIgLz4NCiAgICAgICAgPFF1ZXJ5U3RyaW5nUGFyYW1ldGVyIE5hbWU9ImJyb3dzZXJOYW1lIiBWYWx1ZT0iSW50ZXJuZXRFeHBsb3JlciIgUmVjb3JkZWRWYWx1ZT0iSW50ZXJuZXRFeHBsb3JlciIgQ29ycmVsYXRpb25CaW5kaW5nPSIiIFVybEVuY29kZT0iRmFsc2UiIFVzZVRvR3JvdXBSZXN1bHRzPSJGYWxzZSIgLz4NCiAgICAgICAgPFF1ZXJ5U3RyaW5nUGFyYW1ldGVyIE5hbWU9ImNsaWVudFByb3RvY29sIiBWYWx1ZT0iMS4zIiBSZWNvcmRlZFZhbHVlPSIxLjMiIENvcnJlbGF0aW9uQmluZGluZz0iIiBVcmxFbmNvZGU9IkZhbHNlIiBVc2VUb0dyb3VwUmVzdWx0cz0iRmFsc2UiIC8+DQogICAgICAgIDxRdWVyeVN0cmluZ1BhcmFtZXRlciBOYW1lPSJfIiBWYWx1ZT0iMTM5NzQ0MzM0ODc3NyIgUmVjb3JkZWRWYWx1ZT0iMTM5NzQ0MzM0ODc3NyIgQ29ycmVsYXRpb25CaW5kaW5nPSIiIFVybEVuY29kZT0iRmFsc2UiIFVzZVRvR3JvdXBSZXN1bHRzPSJGYWxzZSIgLz4NCiAgICAgIDwvUXVlcnlTdHJpbmdQYXJhbWV0ZXJzPg0KICAgICAgPEZvcm1Qb3N0SHR0cEJvZHkgLz4NCiAgICA8L1JlcXVlc3Q+DQogICAgPFJlcXVlc3QgTWV0aG9kPSJQT1NUIiBHdWlkPSJkY2EzYjlkYy1mZjA1LTQ5ZjItYjZlMy04ZDlhMDhiNWFhNDgiIFZlcnNpb249IjEuMSIgVXJsPSJodHRwOi8vbG9jYWxob3N0OjE1ODUvZjI2NzQzOTVhM2Q5NDJjYTliOTI4NzRmODk3YWVmNGIvYXJ0ZXJ5U2lnbmFsUi9jb25uZWN0IiBUaGlua1RpbWU9IjAiIFRpbWVvdXQ9IjMwMCIgUGFyc2VEZXBlbmRlbnRSZXF1ZXN0cz0iVHJ1ZSIgRm9sbG93UmVkaXJlY3RzPSJUcnVlIiBSZWNvcmRSZXN1bHQ9IlRydWUiIENhY2hlPSJGYWxzZSIgUmVzcG9uc2VUaW1lR29hbD0iMCIgRW5jb2Rpbmc9InV0Zi04IiBFeHBlY3RlZEh0dHBTdGF0dXNDb2RlPSIwIiBFeHBlY3RlZFJlc3BvbnNlVXJsPSIiIFJlcG9ydGluZ05hbWU9IiIgSWdub3JlSHR0cFN0YXR1c0NvZGU9IkZhbHNlIj4NCiAgICAgIDxIZWFkZXJzPg0KICAgICAgICA8SGVhZGVyIE5hbWU9IkNvbnRlbnQtVHlwZSIgVmFsdWU9ImFwcGxpY2F0aW9uL3gtd3d3LWZvcm0tdXJsZW5jb2RlZDsgY2hhcnNldD1VVEYtOCIgLz4NCiAgICAgICAgPEhlYWRlciBOYW1lPSJBY2NlcHQiIFZhbHVlPSJ0ZXh0L3BsYWluLCAqLyo7IHE9MC4wMSIgLz4NCiAgICAgICAgPEhlYWRlciBOYW1lPSJSZWZlcmVyIiBWYWx1ZT0iaHR0cDovL2xvY2FsaG9zdDo1NjU2OC8iIC8+DQogICAgICA8L0hlYWRlcnM+DQogICAgICA8UXVlcnlTdHJpbmdQYXJhbWV0ZXJzPg0KICAgICAgICA8UXVlcnlTdHJpbmdQYXJhbWV0ZXIgTmFtZT0idHJhbnNwb3J0IiBWYWx1ZT0ibG9uZ1BvbGxpbmciIFJlY29yZGVkVmFsdWU9ImxvbmdQb2xsaW5nIiBDb3JyZWxhdGlvbkJpbmRpbmc9IiIgVXJsRW5jb2RlPSJGYWxzZSIgVXNlVG9Hcm91cFJlc3VsdHM9IkZhbHNlIiAvPg0KICAgICAgICA8UXVlcnlTdHJpbmdQYXJhbWV0ZXIgTmFtZT0iY29ubmVjdGlvblRva2VuIiBWYWx1ZT0iQVFBQUFOQ01uZDhCRmRFUmpIb0F3RSUyRkNsJTJCc0JBQUFBZkFTemhHT05aMHVEY3RzbDYzdk90UUFBQUFBQ0FBQUFBQUFRWmdBQUFBRUFBQ0FBQUFCSkltQXRnJTJCZTROUGtvNXp1Sk52RVFKTk5Ea0IydnhMWG9QRUJzd05Tbkh3QUFBQUFPZ0FBQUFBSUFBQ0FBQUFEdDRPRm4zbiUyQlUxTFZTSmlEY2FoT21TSVhJT1Z6NFo5bUlZTWNaYU1rTUFqQUFBQUNUeiUyRmw0RWJwcyUyRmxmSnZjd0ZMZXNwMW5XdW94Tk9TNCUyQjU1bEtmSDhHRWdoMkclMkZLMjBZRllpd3JKcjNwQk5zV3RBQUFBQURTNHdYUGE4aTBGRG1pMyUyQnNQJTJCdE5tbFNRRmF0Nk5nSjZMajVFWSUyQiUyQjBoYUtKQkdUbjJDYXk1WFdsazZIUkIwYVNvNjVISmhxRzBGMHRucyUyQmIwNXRLQSUzRCUzRCIgUmVjb3JkZWRWYWx1ZT0iQVFBQUFOQ01uZDhCRmRFUmpIb0F3RSUyRkNsJTJCc0JBQUFBZkFTemhHT05aMHVEY3RzbDYzdk90UUFBQUFBQ0FBQUFBQUFRWmdBQUFBRUFBQ0FBQUFCSkltQXRnJTJCZTROUGtvNXp1Sk52RVFKTk5Ea0IydnhMWG9QRUJzd05Tbkh3QUFBQUFPZ0FBQUFBSUFBQ0FBQUFEdDRPRm4zbiUyQlUxTFZTSmlEY2FoT21TSVhJT1Z6NFo5bUlZTWNaYU1rTUFqQUFBQUNUeiUyRmw0RWJwcyUyRmxmSnZjd0ZMZXNwMW5XdW94Tk9TNCUyQjU1bEtmSDhHRWdoMkclMkZLMjBZRllpd3JKcjNwQk5zV3RBQUFBQURTNHdYUGE4aTBGRG1pMyUyQnNQJTJCdE5tbFNRRmF0Nk5nSjZMajVFWSUyQiUyQjBoYUtKQkdUbjJDYXk1WFdsazZIUkIwYVNvNjVISmhxRzBGMHRucyUyQmIwNXRLQSUzRCUzRCIgQ29ycmVsYXRpb25CaW5kaW5nPSIiIFVybEVuY29kZT0iRmFsc2UiIFVzZVRvR3JvdXBSZXN1bHRzPSJGYWxzZSIgLz4NCiAgICAgICAgPFF1ZXJ5U3RyaW5nUGFyYW1ldGVyIE5hbWU9InJlcXVlc3RVcmwiIFZhbHVlPSJodHRwJTNBJTJGJTJGbG9jYWxob3N0JTNBNTY1NjglMkYiIFJlY29yZGVkVmFsdWU9Imh0dHAlM0ElMkYlMkZsb2NhbGhvc3QlM0E1NjU2OCUyRiIgQ29ycmVsYXRpb25CaW5kaW5nPSIiIFVybEVuY29kZT0iRmFsc2UiIFVzZVRvR3JvdXBSZXN1bHRzPSJGYWxzZSIgLz4NCiAgICAgICAgPFF1ZXJ5U3RyaW5nUGFyYW1ldGVyIE5hbWU9ImJyb3dzZXJOYW1lIiBWYWx1ZT0iSW50ZXJuZXRFeHBsb3JlciIgUmVjb3JkZWRWYWx1ZT0iSW50ZXJuZXRFeHBsb3JlciIgQ29ycmVsYXRpb25CaW5kaW5nPSIiIFVybEVuY29kZT0iRmFsc2UiIFVzZVRvR3JvdXBSZXN1bHRzPSJGYWxzZSIgLz4NCiAgICAgICAgPFF1ZXJ5U3RyaW5nUGFyYW1ldGVyIE5hbWU9InRpZCIgVmFsdWU9IjIiIFJlY29yZGVkVmFsdWU9IjIiIENvcnJlbGF0aW9uQmluZGluZz0iIiBVcmxFbmNvZGU9IkZhbHNlIiBVc2VUb0dyb3VwUmVzdWx0cz0iRmFsc2UiIC8+DQogICAgICAgIDxRdWVyeVN0cmluZ1BhcmFtZXRlciBOYW1lPSJfIiBWYWx1ZT0iMTM5NzQ0MzM0OTAzNiIgUmVjb3JkZWRWYWx1ZT0iMTM5NzQ0MzM0OTAzNiIgQ29ycmVsYXRpb25CaW5kaW5nPSIiIFVybEVuY29kZT0iRmFsc2UiIFVzZVRvR3JvdXBSZXN1bHRzPSJGYWxzZSIgLz4NCiAgICAgIDwvUXVlcnlTdHJpbmdQYXJhbWV0ZXJzPg0KICAgICAgPEZvcm1Qb3N0SHR0cEJvZHkgLz4NCiAgICA8L1JlcXVlc3Q+DQogICAgPFJlcXVlc3QgTWV0aG9kPSJQT1NUIiBHdWlkPSIwZDRjZTRlNC0yMjU5LTQyZDctYjUzYy01YjNjM2RlODI0ZDMiIFZlcnNpb249IjEuMSIgVXJsPSJodHRwOi8vbG9jYWxob3N0OjE1ODUvZjI2NzQzOTVhM2Q5NDJjYTliOTI4NzRmODk3YWVmNGIvYXJ0ZXJ5U2lnbmFsUi9zZW5kIiBUaGlua1RpbWU9IjAiIFRpbWVvdXQ9IjMwMCIgUGFyc2VEZXBlbmRlbnRSZXF1ZXN0cz0iVHJ1ZSIgRm9sbG93UmVkaXJlY3RzPSJUcnVlIiBSZWNvcmRSZXN1bHQ9IlRydWUiIENhY2hlPSJGYWxzZSIgUmVzcG9uc2VUaW1lR29hbD0iMCIgRW5jb2Rpbmc9InV0Zi04IiBFeHBlY3RlZEh0dHBTdGF0dXNDb2RlPSIwIiBFeHBlY3RlZFJlc3BvbnNlVXJsPSIiIFJlcG9ydGluZ05hbWU9IiIgSWdub3JlSHR0cFN0YXR1c0NvZGU9IkZhbHNlIj4NCiAgICAgIDxIZWFkZXJzPg0KICAgICAgICA8SGVhZGVyIE5hbWU9IkFjY2VwdCIgVmFsdWU9InRleHQvcGxhaW4sICovKjsgcT0wLjAxIiAvPg0KICAgICAgICA8SGVhZGVyIE5hbWU9IlJlZmVyZXIiIFZhbHVlPSJodHRwOi8vbG9jYWxob3N0OjU2NTY4LyIgLz4NCiAgICAgIDwvSGVhZGVycz4NCiAgICAgIDxRdWVyeVN0cmluZ1BhcmFtZXRlcnM+DQogICAgICAgIDxRdWVyeVN0cmluZ1BhcmFtZXRlciBOYW1lPSJ0cmFuc3BvcnQiIFZhbHVlPSJsb25nUG9sbGluZyIgUmVjb3JkZWRWYWx1ZT0ibG9uZ1BvbGxpbmciIENvcnJlbGF0aW9uQmluZGluZz0iIiBVcmxFbmNvZGU9IkZhbHNlIiBVc2VUb0dyb3VwUmVzdWx0cz0iRmFsc2UiIC8+DQogICAgICAgIDxRdWVyeVN0cmluZ1BhcmFtZXRlciBOYW1lPSJjb25uZWN0aW9uVG9rZW4iIFZhbHVlPSJBUUFBQU5DTW5kOEJGZEVSakhvQXdFJTJGQ2wlMkJzQkFBQUFmQVN6aEdPTlowdURjdHNsNjN2T3RRQUFBQUFDQUFBQUFBQVFaZ0FBQUFFQUFDQUFBQUJKSW1BdGclMkJlNE5Qa281enVKTnZFUUpOTkRrQjJ2eExYb1BFQnN3TlNuSHdBQUFBQU9nQUFBQUFJQUFDQUFBQUR0NE9GbjNuJTJCVTFMVlNKaURjYWhPbVNJWElPVno0WjltSVlNY1phTWtNQWpBQUFBQ1R6JTJGbDRFYnBzJTJGbGZKdmN3Rkxlc3Axbld1b3hOT1M0JTJCNTVsS2ZIOEdFZ2gyRyUyRksyMFlGWWl3ckpyM3BCTnNXdEFBQUFBRFM0d1hQYThpMEZEbWkzJTJCc1AlMkJ0Tm1sU1FGYXQ2TmdKNkxqNUVZJTJCJTJCMGhhS0pCR1RuMkNheTVYV2xrNkhSQjBhU282NUhKaHFHMEYwdG5zJTJCYjA1dEtBJTNEJTNEIiBSZWNvcmRlZFZhbHVlPSJBUUFBQU5DTW5kOEJGZEVSakhvQXdFJTJGQ2wlMkJzQkFBQUFmQVN6aEdPTlowdURjdHNsNjN2T3RRQUFBQUFDQUFBQUFBQVFaZ0FBQUFFQUFDQUFBQUJKSW1BdGclMkJlNE5Qa281enVKTnZFUUpOTkRrQjJ2eExYb1BFQnN3TlNuSHdBQUFBQU9nQUFBQUFJQUFDQUFBQUR0NE9GbjNuJTJCVTFMVlNKaURjYWhPbVNJWElPVno0WjltSVlNY1phTWtNQWpBQUFBQ1R6JTJGbDRFYnBzJTJGbGZKdmN3Rkxlc3Axbld1b3hOT1M0JTJCNTVsS2ZIOEdFZ2gyRyUyRksyMFlGWWl3ckpyM3BCTnNXdEFBQUFBRFM0d1hQYThpMEZEbWkzJTJCc1AlMkJ0Tm1sU1FGYXQ2TmdKNkxqNUVZJTJCJTJCMGhhS0pCR1RuMkNheTVYV2xrNkhSQjBhU282NUhKaHFHMEYwdG5zJTJCYjA1dEtBJTNEJTNEIiBDb3JyZWxhdGlvbkJpbmRpbmc9IiIgVXJsRW5jb2RlPSJGYWxzZSIgVXNlVG9Hcm91cFJlc3VsdHM9IkZhbHNlIiAvPg0KICAgICAgICA8UXVlcnlTdHJpbmdQYXJhbWV0ZXIgTmFtZT0icmVxdWVzdFVybCIgVmFsdWU9Imh0dHAlM0ElMkYlMkZsb2NhbGhvc3QlM0E1NjU2OCUyRiIgUmVjb3JkZWRWYWx1ZT0iaHR0cCUzQSUyRiUyRmxvY2FsaG9zdCUzQTU2NTY4JTJGIiBDb3JyZWxhdGlvbkJpbmRpbmc9IiIgVXJsRW5jb2RlPSJGYWxzZSIgVXNlVG9Hcm91cFJlc3VsdHM9IkZhbHNlIiAvPg0KICAgICAgICA8UXVlcnlTdHJpbmdQYXJhbWV0ZXIgTmFtZT0iYnJvd3Nlck5hbWUiIFZhbHVlPSJJbnRlcm5ldEV4cGxvcmVyIiBSZWNvcmRlZFZhbHVlPSJJbnRlcm5ldEV4cGxvcmVyIiBDb3JyZWxhdGlvbkJpbmRpbmc9IiIgVXJsRW5jb2RlPSJGYWxzZSIgVXNlVG9Hcm91cFJlc3VsdHM9IkZhbHNlIiAvPg0KICAgICAgPC9RdWVyeVN0cmluZ1BhcmFtZXRlcnM+DQogICAgICA8Rm9ybVBvc3RIdHRwQm9keSAvPg0KICAgIDwvUmVxdWVzdD4NCiAgICA8UmVxdWVzdCBNZXRob2Q9IlBPU1QiIEd1aWQ9ImEzZTMzMDc1LWYzZTItNGU1Yi1iOWZlLTVmZDA1ODcwNGU1MyIgVmVyc2lvbj0iMS4xIiBVcmw9Imh0dHA6Ly9sb2NhbGhvc3Q6MTU4NS9mMjY3NDM5NWEzZDk0MmNhOWI5Mjg3NGY4OTdhZWY0Yi9hcnRlcnlTaWduYWxSL3BvbGwiIFRoaW5rVGltZT0iMCIgVGltZW91dD0iMzAwIiBQYXJzZURlcGVuZGVudFJlcXVlc3RzPSJUcnVlIiBGb2xsb3dSZWRpcmVjdHM9IlRydWUiIFJlY29yZFJlc3VsdD0iVHJ1ZSIgQ2FjaGU9IkZhbHNlIiBSZXNwb25zZVRpbWVHb2FsPSIwIiBFbmNvZGluZz0idXRmLTgiIEV4cGVjdGVkSHR0cFN0YXR1c0NvZGU9IjAiIEV4cGVjdGVkUmVzcG9uc2VVcmw9IiIgUmVwb3J0aW5nTmFtZT0iIiBJZ25vcmVIdHRwU3RhdHVzQ29kZT0iRmFsc2UiPg0KICAgICAgPEhlYWRlcnM+DQogICAgICAgIDxIZWFkZXIgTmFtZT0iQ29udGVudC1UeXBlIiBWYWx1ZT0iYXBwbGljYXRpb24veC13d3ctZm9ybS11cmxlbmNvZGVkOyBjaGFyc2V0PVVURi04IiAvPg0KICAgICAgICA8SGVhZGVyIE5hbWU9IkFjY2VwdCIgVmFsdWU9InRleHQvcGxhaW4sICovKjsgcT0wLjAxIiAvPg0KICAgICAgICA8SGVhZGVyIE5hbWU9IlJlZmVyZXIiIFZhbHVlPSJodHRwOi8vbG9jYWxob3N0OjU2NTY4LyIgLz4NCiAgICAgIDwvSGVhZGVycz4NCiAgICAgIDxRdWVyeVN0cmluZ1BhcmFtZXRlcnM+DQogICAgICAgIDxRdWVyeVN0cmluZ1BhcmFtZXRlciBOYW1lPSJ0cmFuc3BvcnQiIFZhbHVlPSJsb25nUG9sbGluZyIgUmVjb3JkZWRWYWx1ZT0ibG9uZ1BvbGxpbmciIENvcnJlbGF0aW9uQmluZGluZz0iIiBVcmxFbmNvZGU9IkZhbHNlIiBVc2VUb0dyb3VwUmVzdWx0cz0iRmFsc2UiIC8+DQogICAgICAgIDxRdWVyeVN0cmluZ1BhcmFtZXRlciBOYW1lPSJjb25uZWN0aW9uVG9rZW4iIFZhbHVlPSJBUUFBQU5DTW5kOEJGZEVSakhvQXdFJTJGQ2wlMkJzQkFBQUFmQVN6aEdPTlowdURjdHNsNjN2T3RRQUFBQUFDQUFBQUFBQVFaZ0FBQUFFQUFDQUFBQUJKSW1BdGclMkJlNE5Qa281enVKTnZFUUpOTkRrQjJ2eExYb1BFQnN3TlNuSHdBQUFBQU9nQUFBQUFJQUFDQUFBQUR0NE9GbjNuJTJCVTFMVlNKaURjYWhPbVNJWElPVno0WjltSVlNY1phTWtNQWpBQUFBQ1R6JTJGbDRFYnBzJTJGbGZKdmN3Rkxlc3Axbld1b3hOT1M0JTJCNTVsS2ZIOEdFZ2gyRyUyRksyMFlGWWl3ckpyM3BCTnNXdEFBQUFBRFM0d1hQYThpMEZEbWkzJTJCc1AlMkJ0Tm1sU1FGYXQ2TmdKNkxqNUVZJTJCJTJCMGhhS0pCR1RuMkNheTVYV2xrNkhSQjBhU282NUhKaHFHMEYwdG5zJTJCYjA1dEtBJTNEJTNEIiBSZWNvcmRlZFZhbHVlPSJBUUFBQU5DTW5kOEJGZEVSakhvQXdFJTJGQ2wlMkJzQkFBQUFmQVN6aEdPTlowdURjdHNsNjN2T3RRQUFBQUFDQUFBQUFBQVFaZ0FBQUFFQUFDQUFBQUJKSW1BdGclMkJlNE5Qa281enVKTnZFUUpOTkRrQjJ2eExYb1BFQnN3TlNuSHdBQUFBQU9nQUFBQUFJQUFDQUFBQUR0NE9GbjNuJTJCVTFMVlNKaURjYWhPbVNJWElPVno0WjltSVlNY1phTWtNQWpBQUFBQ1R6JTJGbDRFYnBzJTJGbGZKdmN3Rkxlc3Axbld1b3hOT1M0JTJCNTVsS2ZIOEdFZ2gyRyUyRksyMFlGWWl3ckpyM3BCTnNXdEFBQUFBRFM0d1hQYThpMEZEbWkzJTJCc1AlMkJ0Tm1sU1FGYXQ2TmdKNkxqNUVZJTJCJTJCMGhhS0pCR1RuMkNheTVYV2xrNkhSQjBhU282NUhKaHFHMEYwdG5zJTJCYjA1dEtBJTNEJTNEIiBDb3JyZWxhdGlvbkJpbmRpbmc9IiIgVXJsRW5jb2RlPSJGYWxzZSIgVXNlVG9Hcm91cFJlc3VsdHM9IkZhbHNlIiAvPg0KICAgICAgICA8UXVlcnlTdHJpbmdQYXJhbWV0ZXIgTmFtZT0ibWVzc2FnZUlkIiBWYWx1ZT0iZC1DODNBRjMyNS1rJTJDMCU3Q3IlMkMxJTdDcyUyQzAiIFJlY29yZGVkVmFsdWU9ImQtQzgzQUYzMjUtayUyQzAlN0NyJTJDMSU3Q3MlMkMwIiBDb3JyZWxhdGlvbkJpbmRpbmc9IiIgVXJsRW5jb2RlPSJGYWxzZSIgVXNlVG9Hcm91cFJlc3VsdHM9IkZhbHNlIiAvPg0KICAgICAgICA8UXVlcnlTdHJpbmdQYXJhbWV0ZXIgTmFtZT0icmVxdWVzdFVybCIgVmFsdWU9Imh0dHAlM0ElMkYlMkZsb2NhbGhvc3QlM0E1NjU2OCUyRiIgUmVjb3JkZWRWYWx1ZT0iaHR0cCUzQSUyRiUyRmxvY2FsaG9zdCUzQTU2NTY4JTJGIiBDb3JyZWxhdGlvbkJpbmRpbmc9IiIgVXJsRW5jb2RlPSJGYWxzZSIgVXNlVG9Hcm91cFJlc3VsdHM9IkZhbHNlIiAvPg0KICAgICAgICA8UXVlcnlTdHJpbmdQYXJhbWV0ZXIgTmFtZT0iYnJvd3Nlck5hbWUiIFZhbHVlPSJJbnRlcm5ldEV4cGxvcmVyIiBSZWNvcmRlZFZhbHVlPSJJbnRlcm5ldEV4cGxvcmVyIiBDb3JyZWxhdGlvbkJpbmRpbmc9IiIgVXJsRW5jb2RlPSJGYWxzZSIgVXNlVG9Hcm91cFJlc3VsdHM9IkZhbHNlIiAvPg0KICAgICAgICA8UXVlcnlTdHJpbmdQYXJhbWV0ZXIgTmFtZT0idGlkIiBWYWx1ZT0iMCIgUmVjb3JkZWRWYWx1ZT0iMCIgQ29ycmVsYXRpb25CaW5kaW5nPSIiIFVybEVuY29kZT0iRmFsc2UiIFVzZVRvR3JvdXBSZXN1bHRzPSJGYWxzZSIgLz4NCiAgICAgICAgPFF1ZXJ5U3RyaW5nUGFyYW1ldGVyIE5hbWU9Il8iIFZhbHVlPSIxMzk3NDQzMzQ5MDQ2IiBSZWNvcmRlZFZhbHVlPSIxMzk3NDQzMzQ5MDQ2IiBDb3JyZWxhdGlvbkJpbmRpbmc9IiIgVXJsRW5jb2RlPSJGYWxzZSIgVXNlVG9Hcm91cFJlc3VsdHM9IkZhbHNlIiAvPg0KICAgICAgPC9RdWVyeVN0cmluZ1BhcmFtZXRlcnM+DQogICAgICA8Rm9ybVBvc3RIdHRwQm9keSAvPg0KICAgIDwvUmVxdWVzdD4NCiAgPC9JdGVtcz4NCiAgPFZhbGlkYXRpb25SdWxlcz4NCiAgICA8VmFsaWRhdGlvblJ1bGUgQ2xhc3NuYW1lPSJNaWNyb3NvZnQuVmlzdWFsU3R1ZGlvLlRlc3RUb29scy5XZWJUZXN0aW5nLlJ1bGVzLlZhbGlkYXRlUmVzcG9uc2VVcmwsIE1pY3Jvc29mdC5WaXN1YWxTdHVkaW8uUXVhbGl0eVRvb2xzLldlYlRlc3RGcmFtZXdvcmssIFZlcnNpb249MTAuMC4wLjAsIEN1bHR1cmU9bmV1dHJhbCwgUHVibGljS2V5VG9rZW49YjAzZjVmN2YxMWQ1MGEzYSIgRGlzcGxheU5hbWU9IlJlc3BvbnNlIFVSTCIgRGVzY3JpcHRpb249IlZhbGlkYXRlcyB0aGF0IHRoZSByZXNwb25zZSBVUkwgYWZ0ZXIgcmVkaXJlY3RzIGFyZSBmb2xsb3dlZCBpcyB0aGUgc2FtZSBhcyB0aGUgcmVjb3JkZWQgcmVzcG9uc2UgVVJMLiAgUXVlcnlTdHJpbmcgcGFyYW1ldGVycyBhcmUgaWdub3JlZC4iIExldmVsPSJMb3ciIEV4ZWN0dWlvbk9yZGVyPSJCZWZvcmVEZXBlbmRlbnRzIiAvPg0KICAgIDxWYWxpZGF0aW9uUnVsZSBDbGFzc25hbWU9Ik1pY3Jvc29mdC5WaXN1YWxTdHVkaW8uVGVzdFRvb2xzLldlYlRlc3RpbmcuUnVsZXMuVmFsaWRhdGlvblJ1bGVSZXNwb25zZVRpbWVHb2FsLCBNaWNyb3NvZnQuVmlzdWFsU3R1ZGlvLlF1YWxpdHlUb29scy5XZWJUZXN0RnJhbWV3b3JrLCBWZXJzaW9uPTEwLjAuMC4wLCBDdWx0dXJlPW5ldXRyYWwsIFB1YmxpY0tleVRva2VuPWIwM2Y1ZjdmMTFkNTBhM2EiIERpc3BsYXlOYW1lPSJSZXNwb25zZSBUaW1lIEdvYWwiIERlc2NyaXB0aW9uPSJWYWxpZGF0ZXMgdGhhdCB0aGUgcmVzcG9uc2UgdGltZSBmb3IgdGhlIHJlcXVlc3QgaXMgbGVzcyB0aGFuIG9yIGVxdWFsIHRvIHRoZSByZXNwb25zZSB0aW1lIGdvYWwgYXMgc3BlY2lmaWVkIG9uIHRoZSByZXF1ZXN0LiAgUmVzcG9uc2UgdGltZSBnb2FscyBvZiB6ZXJvIHdpbGwgYmUgaWdub3JlZC4iIExldmVsPSJMb3ciIEV4ZWN0dWlvbk9yZGVyPSJBZnRlckRlcGVuZGVudHMiPg0KICAgICAgPFJ1bGVQYXJhbWV0ZXJzPg0KICAgICAgICA8UnVsZVBhcmFtZXRlciBOYW1lPSJUb2xlcmFuY2UiIFZhbHVlPSIwIiAvPg0KICAgICAgPC9SdWxlUGFyYW1ldGVycz4NCiAgICA8L1ZhbGlkYXRpb25SdWxlPg0KICA8L1ZhbGlkYXRpb25SdWxlcz4NCjwvV2ViVGVzdD4=">
      <Execution id="24476d25-7616-4087-90d0-26c92f5e2781" />
    </WebTest>
  </TestDefinitions>
  <TestLists>
    <TestList name="Results Not in a List" id="8c84fa94-04c1-424b-9868-57a2d4851a1d" />
    <TestList name="All Loaded Results" id="19431567-8539-422a-85d7-44ee4e166bda" />
  </TestLists>
  <TestEntries>
    <TestEntry isTransparent="false" testId="2714de8b-4e7d-4fb6-a0d1-64d8c662ac5a" executionId="24476d25-7616-4087-90d0-26c92f5e2781" testListId="8c84fa94-04c1-424b-9868-57a2d4851a1d" />
  </TestEntries>
  <Results>
    <WebTestResult executionId="24476d25-7616-4087-90d0-26c92f5e2781" testId="2714de8b-4e7d-4fb6-a0d1-64d8c662ac5a" testName="WebTest1" computerName="GURVINDER-PC" duration="00:00:37.8149727" startTime="2014-04-13T22:42:44.4648353-04:00" endTime="2014-04-13T22:43:32.9586090-04:00" testType="4e7599fa-5ecb-43e9-a887-cd63cf72d207" outcome="Failed" testListId="8c84fa94-04c1-424b-9868-57a2d4851a1d" relativeResultsDirectory="24476d25-7616-4087-90d0-26c92f5e2781">
      <Output>
        <ErrorInfo>
          <Message>4 primary requests, 0 dependant requests and 0 conditional rules failed</Message>
        </ErrorInfo>
      </Output>
      <ResultFiles>
        <ResultFile path="WebTest1.webtestResult" />
      </ResultFiles>
      <TestSettings name="Default Test Settings" id="0420a61a-6be0-46e9-831f-6fddfe39d52d">
        <Deployment runDeploymentRoot="Gurvinder_GURVINDER-PC 2014-04-13 22_42_42">
          <DeploymentItem filename="C:\Users\Gurvinder\Documents\Visual Studio 2013\Projects\Phoenix_Project\packages\Microsoft.AspNet.WebApi.Client.5.0.0\lib\net45\System.Net.Http.Formatting.dll" />
          <DeploymentItem filename="C:\Users\Gurvinder\Documents\Visual Studio 2013\Projects\Phoenix_Project\packages\Microsoft.AspNet.WebPages.3.0.0\lib\net45\System.Web.WebPages.Razor.dll" />
          <DeploymentItem filename="C:\Users\Gurvinder\Documents\Visual Studio 2013\Projects\Phoenix_Project\packages\Microsoft.AspNet.Mvc.5.0.0\lib\net45\System.Web.Mvc.dll" />
          <DeploymentItem filename="C:\Users\Gurvinder\Documents\Visual Studio 2013\Projects\Phoenix_Project\packages\Microsoft.AspNet.WebApi.Core.5.0.0\lib\net45\System.Web.Http.dll" />
          <DeploymentItem filename="C:\Users\Gurvinder\Documents\Visual Studio 2013\Projects\Phoenix_Project\packages\Microsoft.AspNet.WebPages.3.0.0\lib\net45\System.Web.Helpers.dll" />
          <DeploymentItem filename="C:\Users\Gurvinder\Documents\Visual Studio 2013\Projects\Phoenix_Project\packages\Newtonsoft.Json.5.0.6\lib\net45\Newtonsoft.Json.dll" />
          <DeploymentItem filename="C:\Users\Gurvinder\Documents\Visual Studio 2013\Projects\Phoenix_Project\packages\Microsoft.AspNet.WebPages.3.0.0\lib\net45\System.Web.WebPages.Deployment.dll" />
          <DeploymentItem filename="C:\Users\Gurvinder\Documents\Visual Studio 2013\Projects\Phoenix_Project\packages\Microsoft.AspNet.WebApi.WebHost.5.0.0\lib\net45\System.Web.Http.WebHost.dll" />
          <DeploymentItem filename="C:\Users\Gurvinder\Documents\Visual Studio 2013\Projects\Phoenix_Project\packages\Microsoft.AspNet.Razor.3.0.0\lib\net45\System.Web.Razor.dll" />
          <DeploymentItem filename="C:\Users\Gurvinder\Documents\Visual Studio 2013\Projects\Phoenix_Project\packages\Microsoft.Web.Infrastructure.1.0.0.0\lib\net40\Microsoft.Web.Infrastructure.dll" />
          <DeploymentItem filename="C:\Users\Gurvinder\Documents\Visual Studio 2013\Projects\Phoenix_Project\Phoenix_Project\bin\Phoenix_Project.dll" />
          <DeploymentItem filename="C:\Users\Gurvinder\Documents\Visual Studio 2013\Projects\Phoenix_Project\packages\CodedUI.jQueryExtensions.1.0.3.0\lib\net40\CodedUI.jQueryExtensions.dll" />
          <DeploymentItem filename="C:\Users\Gurvinder\Documents\Visual Studio 2013\Projects\Phoenix_Project\packages\Microsoft.AspNet.WebPages.3.0.0\lib\net45\System.Web.WebPages.dll" />
        </Deployment>
        <Execution>
          <TestTypeSpecific>
            <WebTestRunConfiguration testTypeId="4e7599fa-5ecb-43e9-a887-cd63cf72d207">
              <Browser name="Internet Explorer 9.0" MaxConnections="6">
                <Headers>
                  <Header name="User-Agent" value="Mozilla/5.0 (compatible; MSIE 9.0; Windows NT 6.1; Trident/5.0)" />
                  <Header name="Accept" value="*/*" />
                  <Header name="Accept-Language" value="{{$IEAcceptLanguage}}" />
                  <Header name="Accept-Encoding" value="GZIP" />
                </Headers>
              </Browser>
            </WebTestRunConfiguration>
          </TestTypeSpecific>
          <AgentRule name="Execution Agents">
          </AgentRule>
        </Execution>
        <Properties />
      </TestSettings>
      <WebTestResultFilePath>Gurvinder_GURVINDER-PC 2014-04-13 22_42_42\In\24476d25-7616-4087-90d0-26c92f5e2781\WebTest1.webtestResult</WebTestResultFilePath>
    </WebTestResult>
  </Results>
</TestRun>