<?xml version="1.0" encoding="UTF-8"?>
<TestRun id="a2d167fe-9620-4168-ab48-a05b349a5dcb" name="Gurvinder@GURVINDER-PC 2014-04-13 22:46:02" runUser="Gurvinder-PC\Gurvinder" xmlns="http://microsoft.com/schemas/VisualStudio/TeamTest/2010">
  <TestSettings name="Default Test Settings" id="decca888-1aff-4ebf-8607-327784c28d41">
    <Deployment runDeploymentRoot="Gurvinder_GURVINDER-PC 2014-04-13 22_46_02">
      <DeploymentItem filename="C:\Users\Gurvinder\Documents\Visual Studio 2013\Projects\Phoenix_Project\packages\Microsoft.AspNet.WebApi.Client.5.0.0\lib\net45\System.Net.Http.Formatting.dll" />
      <DeploymentItem filename="C:\Users\Gurvinder\Documents\Visual Studio 2013\Projects\Phoenix_Project\packages\Microsoft.AspNet.WebPages.3.0.0\lib\net45\System.Web.WebPages.Razor.dll" />
      <DeploymentItem filename="C:\Users\Gurvinder\Documents\Visual Studio 2013\Projects\Phoenix_Project\packages\Microsoft.AspNet.WebPages.3.0.0\lib\net45\System.Web.WebPages.dll" />
      <DeploymentItem filename="C:\Users\Gurvinder\Documents\Visual Studio 2013\Projects\Phoenix_Project\packages\Microsoft.AspNet.Mvc.5.0.0\lib\net45\System.Web.Mvc.dll" />
      <DeploymentItem filename="C:\Users\Gurvinder\Documents\Visual Studio 2013\Projects\Phoenix_Project\packages\Microsoft.AspNet.WebApi.Core.5.0.0\lib\net45\System.Web.Http.dll" />
      <DeploymentItem filename="C:\Users\Gurvinder\Documents\Visual Studio 2013\Projects\Phoenix_Project\packages\Microsoft.AspNet.WebPages.3.0.0\lib\net45\System.Web.Helpers.dll" />
      <DeploymentItem filename="C:\Users\Gurvinder\Documents\Visual Studio 2013\Projects\Phoenix_Project\packages\Newtonsoft.Json.5.0.6\lib\net45\Newtonsoft.Json.dll" />
      <DeploymentItem filename="C:\Users\Gurvinder\Documents\Visual Studio 2013\Projects\Phoenix_Project\packages\Microsoft.AspNet.WebPages.3.0.0\lib\net45\System.Web.WebPages.Deployment.dll" />
      <DeploymentItem filename="C:\Users\Gurvinder\Documents\Visual Studio 2013\Projects\Phoenix_Project\packages\Microsoft.AspNet.WebApi.WebHost.5.0.0\lib\net45\System.Web.Http.WebHost.dll" />
      <DeploymentItem filename="C:\Users\Gurvinder\Documents\Visual Studio 2013\Projects\Phoenix_Project\packages\Microsoft.AspNet.Razor.3.0.0\lib\net45\System.Web.Razor.dll" />
      <DeploymentItem filename="C:\Users\Gurvinder\Documents\Visual Studio 2013\Projects\Phoenix_Project\packages\Microsoft.Web.Infrastructure.1.0.0.0\lib\net40\Microsoft.Web.Infrastructure.dll" />
      <DeploymentItem filename="C:\Users\Gurvinder\Documents\Visual Studio 2013\Projects\Phoenix_Project\packages\CodedUI.jQueryExtensions.1.0.3.0\lib\net40\CodedUI.jQueryExtensions.dll" />
      <DeploymentItem filename="C:\Users\Gurvinder\Documents\Visual Studio 2013\Projects\Phoenix_Project\Phoenix_Project\bin\Phoenix_Project.dll" />
    </Deployment>
    <Execution>
      <TestTypeSpecific />
      <AgentRule name="Execution Agents">
      </AgentRule>
    </Execution>
    <Properties />
  </TestSettings>
  <Times creation="2014-04-13T22:46:02.3981565-04:00" queuing="2014-04-13T22:46:03.7842358-04:00" start="2014-04-13T22:46:04.1732580-04:00" finish="2014-04-13T22:46:37.5621677-04:00" />
  <ResultSummary outcome="Failed">
    <Counters total="1" executed="1" error="0" failed="1" timeout="0" aborted="0" inconclusive="0" passedButRunAborted="0" notRunnable="0" notExecuted="0" disconnected="0" warning="0" passed="0" completed="0" inProgress="0" pending="0" />
  </ResultSummary>
  <TestDefinitions>
    <WebTest name="LoginFailure" storage="c:\users\gurvinder\documents\visual studio 2013\projects\phoenix_project\phoenix_project.tests\loginfailure.webtest" id="f87ed1d5-4d36-4105-b8ce-73ca5520d360" persistedWebTest="77u/PD94bWwgdmVyc2lvbj0iMS4wIiBlbmNvZGluZz0iVVRGLTgiIHN0YW5kYWxvbmU9InllcyI/Pg0KPFdlYlRlc3QgTmFtZT0iTG9naW5GYWlsdXJlIiBJZD0iZjg3ZWQxZDUtNGQzNi00MTA1LWI4Y2UtNzNjYTU1MjBkMzYwIiBPd25lcj0iIiBQcmlvcml0eT0iMjE0NzQ4MzY0NyIgRW5hYmxlZD0iVHJ1ZSIgQ3NzUHJvamVjdFN0cnVjdHVyZT0iIiBDc3NJdGVyYXRpb249IiIgVGltZW91dD0iMCIgV29ya0l0ZW1JZHM9IiIgeG1sbnM9Imh0dHA6Ly9taWNyb3NvZnQuY29tL3NjaGVtYXMvVmlzdWFsU3R1ZGlvL1RlYW1UZXN0LzIwMTAiIERlc2NyaXB0aW9uPSIiIENyZWRlbnRpYWxVc2VyTmFtZT0iIiBDcmVkZW50aWFsUGFzc3dvcmQ9IiIgUHJlQXV0aGVudGljYXRlPSJUcnVlIiBQcm94eT0iZGVmYXVsdCIgU3RvcE9uRXJyb3I9IkZhbHNlIiBSZWNvcmRlZFJlc3VsdEZpbGU9IkxvZ2luRmFpbHVyZS44MmJjZjk1MS05MWNkLTQwOWMtYWQ0My0yMGYzNjgyY2VjNzgucmVjLndlYnRlc3RyZXN1bHQiIFJlc3VsdHNMb2NhbGU9IiI+DQogIDxJdGVtcz4NCiAgICA8UmVxdWVzdCBNZXRob2Q9IkdFVCIgR3VpZD0iYWMzZGZkNTEtODM1Yi00ZDEwLThhZjMtYzM4NzViNDg2ZmYxIiBWZXJzaW9uPSIxLjEiIFVybD0iaHR0cDovL2xvY2FsaG9zdDo1NjU2OC8iIFRoaW5rVGltZT0iMCIgVGltZW91dD0iMzAwIiBQYXJzZURlcGVuZGVudFJlcXVlc3RzPSJUcnVlIiBGb2xsb3dSZWRpcmVjdHM9IlRydWUiIFJlY29yZFJlc3VsdD0iVHJ1ZSIgQ2FjaGU9IkZhbHNlIiBSZXNwb25zZVRpbWVHb2FsPSIwIiBFbmNvZGluZz0idXRmLTgiIEV4cGVjdGVkSHR0cFN0YXR1c0NvZGU9IjAiIEV4cGVjdGVkUmVzcG9uc2VVcmw9IiIgUmVwb3J0aW5nTmFtZT0iIiBJZ25vcmVIdHRwU3RhdHVzQ29kZT0iRmFsc2UiIC8+DQogICAgPFJlcXVlc3QgTWV0aG9kPSJQT1NUIiBHdWlkPSIzNzBiMmIzZS05NDhmLTRjMGUtODk5ZS1jNGVlMjUyMDA4ZTAiIFZlcnNpb249IjEuMSIgVXJsPSJodHRwOi8vbG9jYWxob3N0OjE1ODUvZjI2NzQzOTVhM2Q5NDJjYTliOTI4NzRmODk3YWVmNGIvYXJ0ZXJ5U2lnbmFsUi9uZWdvdGlhdGUiIFRoaW5rVGltZT0iMCIgVGltZW91dD0iMzAwIiBQYXJzZURlcGVuZGVudFJlcXVlc3RzPSJUcnVlIiBGb2xsb3dSZWRpcmVjdHM9IlRydWUiIFJlY29yZFJlc3VsdD0iVHJ1ZSIgQ2FjaGU9IkZhbHNlIiBSZXNwb25zZVRpbWVHb2FsPSIwIiBFbmNvZGluZz0idXRmLTgiIEV4cGVjdGVkSHR0cFN0YXR1c0NvZGU9IjAiIEV4cGVjdGVkUmVzcG9uc2VVcmw9IiIgUmVwb3J0aW5nTmFtZT0iIiBJZ25vcmVIdHRwU3RhdHVzQ29kZT0iRmFsc2UiPg0KICAgICAgPEhlYWRlcnM+DQogICAgICAgIDxIZWFkZXIgTmFtZT0iQ29udGVudC1UeXBlIiBWYWx1ZT0iYXBwbGljYXRpb24veC13d3ctZm9ybS11cmxlbmNvZGVkOyBjaGFyc2V0PVVURi04IiAvPg0KICAgICAgICA8SGVhZGVyIE5hbWU9IkFjY2VwdCIgVmFsdWU9InRleHQvcGxhaW4sICovKjsgcT0wLjAxIiAvPg0KICAgICAgICA8SGVhZGVyIE5hbWU9IlJlZmVyZXIiIFZhbHVlPSJodHRwOi8vbG9jYWxob3N0OjU2NTY4LyIgLz4NCiAgICAgIDwvSGVhZGVycz4NCiAgICAgIDxRdWVyeVN0cmluZ1BhcmFtZXRlcnM+DQogICAgICAgIDxRdWVyeVN0cmluZ1BhcmFtZXRlciBOYW1lPSJyZXF1ZXN0VXJsIiBWYWx1ZT0iaHR0cCUzQSUyRiUyRmxvY2FsaG9zdCUzQTU2NTY4JTJGIiBSZWNvcmRlZFZhbHVlPSJodHRwJTNBJTJGJTJGbG9jYWxob3N0JTNBNTY1NjglMkYiIENvcnJlbGF0aW9uQmluZGluZz0iIiBVcmxFbmNvZGU9IkZhbHNlIiBVc2VUb0dyb3VwUmVzdWx0cz0iRmFsc2UiIC8+DQogICAgICAgIDxRdWVyeVN0cmluZ1BhcmFtZXRlciBOYW1lPSJicm93c2VyTmFtZSIgVmFsdWU9IkludGVybmV0RXhwbG9yZXIiIFJlY29yZGVkVmFsdWU9IkludGVybmV0RXhwbG9yZXIiIENvcnJlbGF0aW9uQmluZGluZz0iIiBVcmxFbmNvZGU9IkZhbHNlIiBVc2VUb0dyb3VwUmVzdWx0cz0iRmFsc2UiIC8+DQogICAgICAgIDxRdWVyeVN0cmluZ1BhcmFtZXRlciBOYW1lPSJjbGllbnRQcm90b2NvbCIgVmFsdWU9IjEuMyIgUmVjb3JkZWRWYWx1ZT0iMS4zIiBDb3JyZWxhdGlvbkJpbmRpbmc9IiIgVXJsRW5jb2RlPSJGYWxzZSIgVXNlVG9Hcm91cFJlc3VsdHM9IkZhbHNlIiAvPg0KICAgICAgICA8UXVlcnlTdHJpbmdQYXJhbWV0ZXIgTmFtZT0iXyIgVmFsdWU9IjEzOTc0NDM0NjE3ODAiIFJlY29yZGVkVmFsdWU9IjEzOTc0NDM0NjE3ODAiIENvcnJlbGF0aW9uQmluZGluZz0iIiBVcmxFbmNvZGU9IkZhbHNlIiBVc2VUb0dyb3VwUmVzdWx0cz0iRmFsc2UiIC8+DQogICAgICA8L1F1ZXJ5U3RyaW5nUGFyYW1ldGVycz4NCiAgICAgIDxGb3JtUG9zdEh0dHBCb2R5IC8+DQogICAgPC9SZXF1ZXN0Pg0KICAgIDxSZXF1ZXN0IE1ldGhvZD0iUE9TVCIgR3VpZD0iMjY3ZDY2YWMtMTk0ZS00ODMzLTkyMjctYTBhYWZjYjdkYzE4IiBWZXJzaW9uPSIxLjEiIFVybD0iaHR0cDovL2xvY2FsaG9zdDoxNTg1L2YyNjc0Mzk1YTNkOTQyY2E5YjkyODc0Zjg5N2FlZjRiL2FydGVyeVNpZ25hbFIvY29ubmVjdCIgVGhpbmtUaW1lPSIwIiBUaW1lb3V0PSIzMDAiIFBhcnNlRGVwZW5kZW50UmVxdWVzdHM9IlRydWUiIEZvbGxvd1JlZGlyZWN0cz0iVHJ1ZSIgUmVjb3JkUmVzdWx0PSJUcnVlIiBDYWNoZT0iRmFsc2UiIFJlc3BvbnNlVGltZUdvYWw9IjAiIEVuY29kaW5nPSJ1dGYtOCIgRXhwZWN0ZWRIdHRwU3RhdHVzQ29kZT0iMCIgRXhwZWN0ZWRSZXNwb25zZVVybD0iIiBSZXBvcnRpbmdOYW1lPSIiIElnbm9yZUh0dHBTdGF0dXNDb2RlPSJGYWxzZSI+DQogICAgICA8SGVhZGVycz4NCiAgICAgICAgPEhlYWRlciBOYW1lPSJDb250ZW50LVR5cGUiIFZhbHVlPSJhcHBsaWNhdGlvbi94LXd3dy1mb3JtLXVybGVuY29kZWQ7IGNoYXJzZXQ9VVRGLTgiIC8+DQogICAgICAgIDxIZWFkZXIgTmFtZT0iQWNjZXB0IiBWYWx1ZT0idGV4dC9wbGFpbiwgKi8qOyBxPTAuMDEiIC8+DQogICAgICAgIDxIZWFkZXIgTmFtZT0iUmVmZXJlciIgVmFsdWU9Imh0dHA6Ly9sb2NhbGhvc3Q6NTY1NjgvIiAvPg0KICAgICAgPC9IZWFkZXJzPg0KICAgICAgPFF1ZXJ5U3RyaW5nUGFyYW1ldGVycz4NCiAgICAgICAgPFF1ZXJ5U3RyaW5nUGFyYW1ldGVyIE5hbWU9InRyYW5zcG9ydCIgVmFsdWU9ImxvbmdQb2xsaW5nIiBSZWNvcmRlZFZhbHVlPSJsb25nUG9sbGluZyIgQ29ycmVsYXRpb25CaW5kaW5nPSIiIFVybEVuY29kZT0iRmFsc2UiIFVzZVRvR3JvdXBSZXN1bHRzPSJGYWxzZSIgLz4NCiAgICAgICAgPFF1ZXJ5U3RyaW5nUGFyYW1ldGVyIE5hbWU9ImNvbm5lY3Rpb25Ub2tlbiIgVmFsdWU9IkFRQUFBTkNNbmQ4QkZkRVJqSG9Bd0UlMkZDbCUyQnNCQUFBQWZBU3poR09OWjB1RGN0c2w2M3ZPdFFBQUFBQUNBQUFBQUFBUVpnQUFBQUVBQUNBQUFBQXJZaGJONVJNd3ZOb25ja0hpJTJGRlcyOHA4c0hzbFYlMkZ1U3E5NG93NXNwbWdnQUFBQUFPZ0FBQUFBSUFBQ0FBQUFCdGt3dERSTzh6NWNCcDgxN3AybDh0dmklMkZkTjNrZjJaN2hxNlprVEFCUWJEQUFBQURCcmtwUkklMkZQVTdRTDVHNXdabnZlMDZIenppQmQ1ckJLZlgzaDVKWjFxNml2aUElMkI5dnJNUEtXZ21FbUJMZFNuWkFBQUFBJTJGRlFDTERJZUJFVlU3dWpObVV3NDNLS1cwV1RMcUc3Mk5lU08lMkJLMVQ3SElYUHVod0x4a1FOcG0ybWZWR3BzJTJCa0t4dVozTXRRYmJlRm5xNnAxRjYlMkY0QSUzRCUzRCIgUmVjb3JkZWRWYWx1ZT0iQVFBQUFOQ01uZDhCRmRFUmpIb0F3RSUyRkNsJTJCc0JBQUFBZkFTemhHT05aMHVEY3RzbDYzdk90UUFBQUFBQ0FBQUFBQUFRWmdBQUFBRUFBQ0FBQUFBclloYk41Uk13dk5vbmNrSGklMkZGVzI4cDhzSHNsViUyRnVTcTk0b3c1c3BtZ2dBQUFBQU9nQUFBQUFJQUFDQUFBQUJ0a3d0RFJPOHo1Y0JwODE3cDJsOHR2aSUyRmROM2tmMlo3aHE2WmtUQUJRYkRBQUFBREJya3BSSSUyRlBVN1FMNUc1d1pudmUwNkh6emlCZDVyQktmWDNoNUpaMXE2aXZpQSUyQjl2ck1QS1dnbUVtQkxkU25aQUFBQUElMkZGUUNMREllQkVWVTd1ak5tVXc0M0tLVzBXVExxRzcyTmVTTyUyQksxVDdISVhQdWh3THhrUU5wbTJtZlZHcHMlMkJrS3h1WjNNdFFiYmVGbnE2cDFGNiUyRjRBJTNEJTNEIiBDb3JyZWxhdGlvbkJpbmRpbmc9IiIgVXJsRW5jb2RlPSJGYWxzZSIgVXNlVG9Hcm91cFJlc3VsdHM9IkZhbHNlIiAvPg0KICAgICAgICA8UXVlcnlTdHJpbmdQYXJhbWV0ZXIgTmFtZT0icmVxdWVzdFVybCIgVmFsdWU9Imh0dHAlM0ElMkYlMkZsb2NhbGhvc3QlM0E1NjU2OCUyRiIgUmVjb3JkZWRWYWx1ZT0iaHR0cCUzQSUyRiUyRmxvY2FsaG9zdCUzQTU2NTY4JTJGIiBDb3JyZWxhdGlvbkJpbmRpbmc9IiIgVXJsRW5jb2RlPSJGYWxzZSIgVXNlVG9Hcm91cFJlc3VsdHM9IkZhbHNlIiAvPg0KICAgICAgICA8UXVlcnlTdHJpbmdQYXJhbWV0ZXIgTmFtZT0iYnJvd3Nlck5hbWUiIFZhbHVlPSJJbnRlcm5ldEV4cGxvcmVyIiBSZWNvcmRlZFZhbHVlPSJJbnRlcm5ldEV4cGxvcmVyIiBDb3JyZWxhdGlvbkJpbmRpbmc9IiIgVXJsRW5jb2RlPSJGYWxzZSIgVXNlVG9Hcm91cFJlc3VsdHM9IkZhbHNlIiAvPg0KICAgICAgICA8UXVlcnlTdHJpbmdQYXJhbWV0ZXIgTmFtZT0idGlkIiBWYWx1ZT0iMTAiIFJlY29yZGVkVmFsdWU9IjEwIiBDb3JyZWxhdGlvbkJpbmRpbmc9IiIgVXJsRW5jb2RlPSJGYWxzZSIgVXNlVG9Hcm91cFJlc3VsdHM9IkZhbHNlIiAvPg0KICAgICAgICA8UXVlcnlTdHJpbmdQYXJhbWV0ZXIgTmFtZT0iXyIgVmFsdWU9IjEzOTc0NDM0NjIwNDkiIFJlY29yZGVkVmFsdWU9IjEzOTc0NDM0NjIwNDkiIENvcnJlbGF0aW9uQmluZGluZz0iIiBVcmxFbmNvZGU9IkZhbHNlIiBVc2VUb0dyb3VwUmVzdWx0cz0iRmFsc2UiIC8+DQogICAgICA8L1F1ZXJ5U3RyaW5nUGFyYW1ldGVycz4NCiAgICAgIDxGb3JtUG9zdEh0dHBCb2R5IC8+DQogICAgPC9SZXF1ZXN0Pg0KICAgIDxSZXF1ZXN0IE1ldGhvZD0iUE9TVCIgR3VpZD0iNWFiMDEwNWUtN2M4Ny00NjhkLWI0YTYtNjliOGRjYmQ1OTZiIiBWZXJzaW9uPSIxLjEiIFVybD0iaHR0cDovL2xvY2FsaG9zdDoxNTg1L2YyNjc0Mzk1YTNkOTQyY2E5YjkyODc0Zjg5N2FlZjRiL2FydGVyeVNpZ25hbFIvc2VuZCIgVGhpbmtUaW1lPSIwIiBUaW1lb3V0PSIzMDAiIFBhcnNlRGVwZW5kZW50UmVxdWVzdHM9IlRydWUiIEZvbGxvd1JlZGlyZWN0cz0iVHJ1ZSIgUmVjb3JkUmVzdWx0PSJUcnVlIiBDYWNoZT0iRmFsc2UiIFJlc3BvbnNlVGltZUdvYWw9IjAiIEVuY29kaW5nPSJ1dGYtOCIgRXhwZWN0ZWRIdHRwU3RhdHVzQ29kZT0iMCIgRXhwZWN0ZWRSZXNwb25zZVVybD0iIiBSZXBvcnRpbmdOYW1lPSIiIElnbm9yZUh0dHBTdGF0dXNDb2RlPSJGYWxzZSI+DQogICAgICA8SGVhZGVycz4NCiAgICAgICAgPEhlYWRlciBOYW1lPSJBY2NlcHQiIFZhbHVlPSJ0ZXh0L3BsYWluLCAqLyo7IHE9MC4wMSIgLz4NCiAgICAgICAgPEhlYWRlciBOYW1lPSJSZWZlcmVyIiBWYWx1ZT0iaHR0cDovL2xvY2FsaG9zdDo1NjU2OC8iIC8+DQogICAgICA8L0hlYWRlcnM+DQogICAgICA8UXVlcnlTdHJpbmdQYXJhbWV0ZXJzPg0KICAgICAgICA8UXVlcnlTdHJpbmdQYXJhbWV0ZXIgTmFtZT0idHJhbnNwb3J0IiBWYWx1ZT0ibG9uZ1BvbGxpbmciIFJlY29yZGVkVmFsdWU9ImxvbmdQb2xsaW5nIiBDb3JyZWxhdGlvbkJpbmRpbmc9IiIgVXJsRW5jb2RlPSJGYWxzZSIgVXNlVG9Hcm91cFJlc3VsdHM9IkZhbHNlIiAvPg0KICAgICAgICA8UXVlcnlTdHJpbmdQYXJhbWV0ZXIgTmFtZT0iY29ubmVjdGlvblRva2VuIiBWYWx1ZT0iQVFBQUFOQ01uZDhCRmRFUmpIb0F3RSUyRkNsJTJCc0JBQUFBZkFTemhHT05aMHVEY3RzbDYzdk90UUFBQUFBQ0FBQUFBQUFRWmdBQUFBRUFBQ0FBQUFBclloYk41Uk13dk5vbmNrSGklMkZGVzI4cDhzSHNsViUyRnVTcTk0b3c1c3BtZ2dBQUFBQU9nQUFBQUFJQUFDQUFBQUJ0a3d0RFJPOHo1Y0JwODE3cDJsOHR2aSUyRmROM2tmMlo3aHE2WmtUQUJRYkRBQUFBREJya3BSSSUyRlBVN1FMNUc1d1pudmUwNkh6emlCZDVyQktmWDNoNUpaMXE2aXZpQSUyQjl2ck1QS1dnbUVtQkxkU25aQUFBQUElMkZGUUNMREllQkVWVTd1ak5tVXc0M0tLVzBXVExxRzcyTmVTTyUyQksxVDdISVhQdWh3THhrUU5wbTJtZlZHcHMlMkJrS3h1WjNNdFFiYmVGbnE2cDFGNiUyRjRBJTNEJTNEIiBSZWNvcmRlZFZhbHVlPSJBUUFBQU5DTW5kOEJGZEVSakhvQXdFJTJGQ2wlMkJzQkFBQUFmQVN6aEdPTlowdURjdHNsNjN2T3RRQUFBQUFDQUFBQUFBQVFaZ0FBQUFFQUFDQUFBQUFyWWhiTjVSTXd2Tm9uY2tIaSUyRkZXMjhwOHNIc2xWJTJGdVNxOTRvdzVzcG1nZ0FBQUFBT2dBQUFBQUlBQUNBQUFBQnRrd3REUk84ejVjQnA4MTdwMmw4dHZpJTJGZE4za2YyWjdocTZaa1RBQlFiREFBQUFEQnJrcFJJJTJGUFU3UUw1RzV3Wm52ZTA2SHp6aUJkNXJCS2ZYM2g1SloxcTZpdmlBJTJCOXZyTVBLV2dtRW1CTGRTblpBQUFBQSUyRkZRQ0xESWVCRVZVN3VqTm1VdzQzS0tXMFdUTHFHNzJOZVNPJTJCSzFUN0hJWFB1aHdMeGtRTnBtMm1mVkdwcyUyQmtLeHVaM010UWJiZUZucTZwMUY2JTJGNEElM0QlM0QiIENvcnJlbGF0aW9uQmluZGluZz0iIiBVcmxFbmNvZGU9IkZhbHNlIiBVc2VUb0dyb3VwUmVzdWx0cz0iRmFsc2UiIC8+DQogICAgICAgIDxRdWVyeVN0cmluZ1BhcmFtZXRlciBOYW1lPSJyZXF1ZXN0VXJsIiBWYWx1ZT0iaHR0cCUzQSUyRiUyRmxvY2FsaG9zdCUzQTU2NTY4JTJGIiBSZWNvcmRlZFZhbHVlPSJodHRwJTNBJTJGJTJGbG9jYWxob3N0JTNBNTY1NjglMkYiIENvcnJlbGF0aW9uQmluZGluZz0iIiBVcmxFbmNvZGU9IkZhbHNlIiBVc2VUb0dyb3VwUmVzdWx0cz0iRmFsc2UiIC8+DQogICAgICAgIDxRdWVyeVN0cmluZ1BhcmFtZXRlciBOYW1lPSJicm93c2VyTmFtZSIgVmFsdWU9IkludGVybmV0RXhwbG9yZXIiIFJlY29yZGVkVmFsdWU9IkludGVybmV0RXhwbG9yZXIiIENvcnJlbGF0aW9uQmluZGluZz0iIiBVcmxFbmNvZGU9IkZhbHNlIiBVc2VUb0dyb3VwUmVzdWx0cz0iRmFsc2UiIC8+DQogICAgICA8L1F1ZXJ5U3RyaW5nUGFyYW1ldGVycz4NCiAgICAgIDxGb3JtUG9zdEh0dHBCb2R5IC8+DQogICAgPC9SZXF1ZXN0Pg0KICAgIDxSZXF1ZXN0IE1ldGhvZD0iUE9TVCIgR3VpZD0iYzNmN2ViN2UtZmYzMC00NTI3LWE3ODItNGJlNzYxMzQyYTk3IiBWZXJzaW9uPSIxLjEiIFVybD0iaHR0cDovL2xvY2FsaG9zdDoxNTg1L2YyNjc0Mzk1YTNkOTQyY2E5YjkyODc0Zjg5N2FlZjRiL2FydGVyeVNpZ25hbFIvcG9sbCIgVGhpbmtUaW1lPSIyIiBUaW1lb3V0PSIzMDAiIFBhcnNlRGVwZW5kZW50UmVxdWVzdHM9IlRydWUiIEZvbGxvd1JlZGlyZWN0cz0iVHJ1ZSIgUmVjb3JkUmVzdWx0PSJUcnVlIiBDYWNoZT0iRmFsc2UiIFJlc3BvbnNlVGltZUdvYWw9IjAiIEVuY29kaW5nPSJ1dGYtOCIgRXhwZWN0ZWRIdHRwU3RhdHVzQ29kZT0iMCIgRXhwZWN0ZWRSZXNwb25zZVVybD0iIiBSZXBvcnRpbmdOYW1lPSIiIElnbm9yZUh0dHBTdGF0dXNDb2RlPSJGYWxzZSI+DQogICAgICA8SGVhZGVycz4NCiAgICAgICAgPEhlYWRlciBOYW1lPSJDb250ZW50LVR5cGUiIFZhbHVlPSJhcHBsaWNhdGlvbi94LXd3dy1mb3JtLXVybGVuY29kZWQ7IGNoYXJzZXQ9VVRGLTgiIC8+DQogICAgICAgIDxIZWFkZXIgTmFtZT0iQWNjZXB0IiBWYWx1ZT0idGV4dC9wbGFpbiwgKi8qOyBxPTAuMDEiIC8+DQogICAgICAgIDxIZWFkZXIgTmFtZT0iUmVmZXJlciIgVmFsdWU9Imh0dHA6Ly9sb2NhbGhvc3Q6NTY1NjgvIiAvPg0KICAgICAgPC9IZWFkZXJzPg0KICAgICAgPFF1ZXJ5U3RyaW5nUGFyYW1ldGVycz4NCiAgICAgICAgPFF1ZXJ5U3RyaW5nUGFyYW1ldGVyIE5hbWU9InRyYW5zcG9ydCIgVmFsdWU9ImxvbmdQb2xsaW5nIiBSZWNvcmRlZFZhbHVlPSJsb25nUG9sbGluZyIgQ29ycmVsYXRpb25CaW5kaW5nPSIiIFVybEVuY29kZT0iRmFsc2UiIFVzZVRvR3JvdXBSZXN1bHRzPSJGYWxzZSIgLz4NCiAgICAgICAgPFF1ZXJ5U3RyaW5nUGFyYW1ldGVyIE5hbWU9ImNvbm5lY3Rpb25Ub2tlbiIgVmFsdWU9IkFRQUFBTkNNbmQ4QkZkRVJqSG9Bd0UlMkZDbCUyQnNCQUFBQWZBU3poR09OWjB1RGN0c2w2M3ZPdFFBQUFBQUNBQUFBQUFBUVpnQUFBQUVBQUNBQUFBQXJZaGJONVJNd3ZOb25ja0hpJTJGRlcyOHA4c0hzbFYlMkZ1U3E5NG93NXNwbWdnQUFBQUFPZ0FBQUFBSUFBQ0FBQUFCdGt3dERSTzh6NWNCcDgxN3AybDh0dmklMkZkTjNrZjJaN2hxNlprVEFCUWJEQUFBQURCcmtwUkklMkZQVTdRTDVHNXdabnZlMDZIenppQmQ1ckJLZlgzaDVKWjFxNml2aUElMkI5dnJNUEtXZ21FbUJMZFNuWkFBQUFBJTJGRlFDTERJZUJFVlU3dWpObVV3NDNLS1cwV1RMcUc3Mk5lU08lMkJLMVQ3SElYUHVod0x4a1FOcG0ybWZWR3BzJTJCa0t4dVozTXRRYmJlRm5xNnAxRjYlMkY0QSUzRCUzRCIgUmVjb3JkZWRWYWx1ZT0iQVFBQUFOQ01uZDhCRmRFUmpIb0F3RSUyRkNsJTJCc0JBQUFBZkFTemhHT05aMHVEY3RzbDYzdk90UUFBQUFBQ0FBQUFBQUFRWmdBQUFBRUFBQ0FBQUFBclloYk41Uk13dk5vbmNrSGklMkZGVzI4cDhzSHNsViUyRnVTcTk0b3c1c3BtZ2dBQUFBQU9nQUFBQUFJQUFDQUFBQUJ0a3d0RFJPOHo1Y0JwODE3cDJsOHR2aSUyRmROM2tmMlo3aHE2WmtUQUJRYkRBQUFBREJya3BSSSUyRlBVN1FMNUc1d1pudmUwNkh6emlCZDVyQktmWDNoNUpaMXE2aXZpQSUyQjl2ck1QS1dnbUVtQkxkU25aQUFBQUElMkZGUUNMREllQkVWVTd1ak5tVXc0M0tLVzBXVExxRzcyTmVTTyUyQksxVDdISVhQdWh3THhrUU5wbTJtZlZHcHMlMkJrS3h1WjNNdFFiYmVGbnE2cDFGNiUyRjRBJTNEJTNEIiBDb3JyZWxhdGlvbkJpbmRpbmc9IiIgVXJsRW5jb2RlPSJGYWxzZSIgVXNlVG9Hcm91cFJlc3VsdHM9IkZhbHNlIiAvPg0KICAgICAgICA8UXVlcnlTdHJpbmdQYXJhbWV0ZXIgTmFtZT0ibWVzc2FnZUlkIiBWYWx1ZT0iZC1DODNBRjMyNS1rJTJDMCU3QzElMkMxJTdDMiUyQzAiIFJlY29yZGVkVmFsdWU9ImQtQzgzQUYzMjUtayUyQzAlN0MxJTJDMSU3QzIlMkMwIiBDb3JyZWxhdGlvbkJpbmRpbmc9IiIgVXJsRW5jb2RlPSJGYWxzZSIgVXNlVG9Hcm91cFJlc3VsdHM9IkZhbHNlIiAvPg0KICAgICAgICA8UXVlcnlTdHJpbmdQYXJhbWV0ZXIgTmFtZT0icmVxdWVzdFVybCIgVmFsdWU9Imh0dHAlM0ElMkYlMkZsb2NhbGhvc3QlM0E1NjU2OCUyRiIgUmVjb3JkZWRWYWx1ZT0iaHR0cCUzQSUyRiUyRmxvY2FsaG9zdCUzQTU2NTY4JTJGIiBDb3JyZWxhdGlvbkJpbmRpbmc9IiIgVXJsRW5jb2RlPSJGYWxzZSIgVXNlVG9Hcm91cFJlc3VsdHM9IkZhbHNlIiAvPg0KICAgICAgICA8UXVlcnlTdHJpbmdQYXJhbWV0ZXIgTmFtZT0iYnJvd3Nlck5hbWUiIFZhbHVlPSJJbnRlcm5ldEV4cGxvcmVyIiBSZWNvcmRlZFZhbHVlPSJJbnRlcm5ldEV4cGxvcmVyIiBDb3JyZWxhdGlvbkJpbmRpbmc9IiIgVXJsRW5jb2RlPSJGYWxzZSIgVXNlVG9Hcm91cFJlc3VsdHM9IkZhbHNlIiAvPg0KICAgICAgICA8UXVlcnlTdHJpbmdQYXJhbWV0ZXIgTmFtZT0idGlkIiBWYWx1ZT0iMiIgUmVjb3JkZWRWYWx1ZT0iMiIgQ29ycmVsYXRpb25CaW5kaW5nPSIiIFVybEVuY29kZT0iRmFsc2UiIFVzZVRvR3JvdXBSZXN1bHRzPSJGYWxzZSIgLz4NCiAgICAgICAgPFF1ZXJ5U3RyaW5nUGFyYW1ldGVyIE5hbWU9Il8iIFZhbHVlPSIxMzk3NDQzNDYyMDU5IiBSZWNvcmRlZFZhbHVlPSIxMzk3NDQzNDYyMDU5IiBDb3JyZWxhdGlvbkJpbmRpbmc9IiIgVXJsRW5jb2RlPSJGYWxzZSIgVXNlVG9Hcm91cFJlc3VsdHM9IkZhbHNlIiAvPg0KICAgICAgPC9RdWVyeVN0cmluZ1BhcmFtZXRlcnM+DQogICAgICA8Rm9ybVBvc3RIdHRwQm9keSAvPg0KICAgIDwvUmVxdWVzdD4NCiAgICA8UmVxdWVzdCBNZXRob2Q9IkdFVCIgR3VpZD0iNjMxNDAxNTItOTVkMS00M2JhLWE5YjctMDk5MTMyYmYwMjg5IiBWZXJzaW9uPSIxLjEiIFVybD0iaHR0cDovL2xvY2FsaG9zdDo1NjU2OC9Mb2dvZmYvSW5kZXgiIFRoaW5rVGltZT0iMCIgVGltZW91dD0iMzAwIiBQYXJzZURlcGVuZGVudFJlcXVlc3RzPSJUcnVlIiBGb2xsb3dSZWRpcmVjdHM9IlRydWUiIFJlY29yZFJlc3VsdD0iVHJ1ZSIgQ2FjaGU9IkZhbHNlIiBSZXNwb25zZVRpbWVHb2FsPSIwIiBFbmNvZGluZz0idXRmLTgiIEV4cGVjdGVkSHR0cFN0YXR1c0NvZGU9IjAiIEV4cGVjdGVkUmVzcG9uc2VVcmw9IiIgUmVwb3J0aW5nTmFtZT0iIiBJZ25vcmVIdHRwU3RhdHVzQ29kZT0iRmFsc2UiPg0KICAgICAgPEhlYWRlcnM+DQogICAgICAgIDxIZWFkZXIgTmFtZT0iUmVmZXJlciIgVmFsdWU9Imh0dHA6Ly9sb2NhbGhvc3Q6NTY1NjgvIiAvPg0KICAgICAgPC9IZWFkZXJzPg0KICAgIDwvUmVxdWVzdD4NCiAgICA8UmVxdWVzdCBNZXRob2Q9IkdFVCIgR3VpZD0iMmE5Y2E2ODgtYzhkMi00NDQ0LWI5M2ItMjdjZWEyY2M2MWVlIiBWZXJzaW9uPSIxLjEiIFVybD0iaHR0cDovL2xvY2FsaG9zdDo1NjU2OC9Ib21lL0luZGV4IiBUaGlua1RpbWU9IjAiIFRpbWVvdXQ9IjMwMCIgUGFyc2VEZXBlbmRlbnRSZXF1ZXN0cz0iVHJ1ZSIgRm9sbG93UmVkaXJlY3RzPSJUcnVlIiBSZWNvcmRSZXN1bHQ9IlRydWUiIENhY2hlPSJGYWxzZSIgUmVzcG9uc2VUaW1lR29hbD0iMCIgRW5jb2Rpbmc9InV0Zi04IiBFeHBlY3RlZEh0dHBTdGF0dXNDb2RlPSIwIiBFeHBlY3RlZFJlc3BvbnNlVXJsPSIiIFJlcG9ydGluZ05hbWU9IiIgSWdub3JlSHR0cFN0YXR1c0NvZGU9IkZhbHNlIj4NCiAgICAgIDxIZWFkZXJzPg0KICAgICAgICA8SGVhZGVyIE5hbWU9IlJlZmVyZXIiIFZhbHVlPSJodHRwOi8vbG9jYWxob3N0OjU2NTY4L0xvZ29mZi9JbmRleCIgLz4NCiAgICAgIDwvSGVhZGVycz4NCiAgICA8L1JlcXVlc3Q+DQogICAgPFJlcXVlc3QgTWV0aG9kPSJQT1NUIiBHdWlkPSI1NThkNDRlNy01NGNhLTQ1MjMtODEwMC1iY2FlZDg1MGI2YzAiIFZlcnNpb249IjEuMSIgVXJsPSJodHRwOi8vbG9jYWxob3N0OjE1ODUvZjI2NzQzOTVhM2Q5NDJjYTliOTI4NzRmODk3YWVmNGIvYXJ0ZXJ5U2lnbmFsUi9hYm9ydCIgVGhpbmtUaW1lPSIwIiBUaW1lb3V0PSIzMDAiIFBhcnNlRGVwZW5kZW50UmVxdWVzdHM9IlRydWUiIEZvbGxvd1JlZGlyZWN0cz0iVHJ1ZSIgUmVjb3JkUmVzdWx0PSJUcnVlIiBDYWNoZT0iRmFsc2UiIFJlc3BvbnNlVGltZUdvYWw9IjAiIEVuY29kaW5nPSJ1dGYtOCIgRXhwZWN0ZWRIdHRwU3RhdHVzQ29kZT0iMCIgRXhwZWN0ZWRSZXNwb25zZVVybD0iIiBSZXBvcnRpbmdOYW1lPSIiIElnbm9yZUh0dHBTdGF0dXNDb2RlPSJGYWxzZSI+DQogICAgICA8SGVhZGVycz4NCiAgICAgICAgPEhlYWRlciBOYW1lPSJBY2NlcHQiIFZhbHVlPSJ0ZXh0L3BsYWluLCAqLyo7IHE9MC4wMSIgLz4NCiAgICAgICAgPEhlYWRlciBOYW1lPSJSZWZlcmVyIiBWYWx1ZT0iaHR0cDovL2xvY2FsaG9zdDo1NjU2OC8iIC8+DQogICAgICA8L0hlYWRlcnM+DQogICAgICA8UXVlcnlTdHJpbmdQYXJhbWV0ZXJzPg0KICAgICAgICA8UXVlcnlTdHJpbmdQYXJhbWV0ZXIgTmFtZT0idHJhbnNwb3J0IiBWYWx1ZT0ibG9uZ1BvbGxpbmciIFJlY29yZGVkVmFsdWU9ImxvbmdQb2xsaW5nIiBDb3JyZWxhdGlvbkJpbmRpbmc9IiIgVXJsRW5jb2RlPSJGYWxzZSIgVXNlVG9Hcm91cFJlc3VsdHM9IkZhbHNlIiAvPg0KICAgICAgICA8UXVlcnlTdHJpbmdQYXJhbWV0ZXIgTmFtZT0iY29ubmVjdGlvblRva2VuIiBWYWx1ZT0iQVFBQUFOQ01uZDhCRmRFUmpIb0F3RSUyRkNsJTJCc0JBQUFBZkFTemhHT05aMHVEY3RzbDYzdk90UUFBQUFBQ0FBQUFBQUFRWmdBQUFBRUFBQ0FBQUFBclloYk41Uk13dk5vbmNrSGklMkZGVzI4cDhzSHNsViUyRnVTcTk0b3c1c3BtZ2dBQUFBQU9nQUFBQUFJQUFDQUFBQUJ0a3d0RFJPOHo1Y0JwODE3cDJsOHR2aSUyRmROM2tmMlo3aHE2WmtUQUJRYkRBQUFBREJya3BSSSUyRlBVN1FMNUc1d1pudmUwNkh6emlCZDVyQktmWDNoNUpaMXE2aXZpQSUyQjl2ck1QS1dnbUVtQkxkU25aQUFBQUElMkZGUUNMREllQkVWVTd1ak5tVXc0M0tLVzBXVExxRzcyTmVTTyUyQksxVDdISVhQdWh3THhrUU5wbTJtZlZHcHMlMkJrS3h1WjNNdFFiYmVGbnE2cDFGNiUyRjRBJTNEJTNEIiBSZWNvcmRlZFZhbHVlPSJBUUFBQU5DTW5kOEJGZEVSakhvQXdFJTJGQ2wlMkJzQkFBQUFmQVN6aEdPTlowdURjdHNsNjN2T3RRQUFBQUFDQUFBQUFBQVFaZ0FBQUFFQUFDQUFBQUFyWWhiTjVSTXd2Tm9uY2tIaSUyRkZXMjhwOHNIc2xWJTJGdVNxOTRvdzVzcG1nZ0FBQUFBT2dBQUFBQUlBQUNBQUFBQnRrd3REUk84ejVjQnA4MTdwMmw4dHZpJTJGZE4za2YyWjdocTZaa1RBQlFiREFBQUFEQnJrcFJJJTJGUFU3UUw1RzV3Wm52ZTA2SHp6aUJkNXJCS2ZYM2g1SloxcTZpdmlBJTJCOXZyTVBLV2dtRW1CTGRTblpBQUFBQSUyRkZRQ0xESWVCRVZVN3VqTm1VdzQzS0tXMFdUTHFHNzJOZVNPJTJCSzFUN0hJWFB1aHdMeGtRTnBtMm1mVkdwcyUyQmtLeHVaM010UWJiZUZucTZwMUY2JTJGNEElM0QlM0QiIENvcnJlbGF0aW9uQmluZGluZz0iIiBVcmxFbmNvZGU9IkZhbHNlIiBVc2VUb0dyb3VwUmVzdWx0cz0iRmFsc2UiIC8+DQogICAgICAgIDxRdWVyeVN0cmluZ1BhcmFtZXRlciBOYW1lPSJyZXF1ZXN0VXJsIiBWYWx1ZT0iaHR0cCUzQSUyRiUyRmxvY2FsaG9zdCUzQTU2NTY4JTJGIiBSZWNvcmRlZFZhbHVlPSJodHRwJTNBJTJGJTJGbG9jYWxob3N0JTNBNTY1NjglMkYiIENvcnJlbGF0aW9uQmluZGluZz0iIiBVcmxFbmNvZGU9IkZhbHNlIiBVc2VUb0dyb3VwUmVzdWx0cz0iRmFsc2UiIC8+DQogICAgICAgIDxRdWVyeVN0cmluZ1BhcmFtZXRlciBOYW1lPSJicm93c2VyTmFtZSIgVmFsdWU9IkludGVybmV0RXhwbG9yZXIiIFJlY29yZGVkVmFsdWU9IkludGVybmV0RXhwbG9yZXIiIENvcnJlbGF0aW9uQmluZGluZz0iIiBVcmxFbmNvZGU9IkZhbHNlIiBVc2VUb0dyb3VwUmVzdWx0cz0iRmFsc2UiIC8+DQogICAgICA8L1F1ZXJ5U3RyaW5nUGFyYW1ldGVycz4NCiAgICAgIDxGb3JtUG9zdEh0dHBCb2R5IC8+DQogICAgPC9SZXF1ZXN0Pg0KICAgIDxSZXF1ZXN0IE1ldGhvZD0iUE9TVCIgR3VpZD0iOWY4MDdlYzUtYjIyYi00OTEwLWIyNjMtNjE2NTRhNWU5YzMxIiBWZXJzaW9uPSIxLjEiIFVybD0iaHR0cDovL2xvY2FsaG9zdDoxNTg1L2YyNjc0Mzk1YTNkOTQyY2E5YjkyODc0Zjg5N2FlZjRiL2FydGVyeVNpZ25hbFIvbmVnb3RpYXRlIiBUaGlua1RpbWU9IjAiIFRpbWVvdXQ9IjMwMCIgUGFyc2VEZXBlbmRlbnRSZXF1ZXN0cz0iVHJ1ZSIgRm9sbG93UmVkaXJlY3RzPSJUcnVlIiBSZWNvcmRSZXN1bHQ9IlRydWUiIENhY2hlPSJGYWxzZSIgUmVzcG9uc2VUaW1lR29hbD0iMCIgRW5jb2Rpbmc9InV0Zi04IiBFeHBlY3RlZEh0dHBTdGF0dXNDb2RlPSIwIiBFeHBlY3RlZFJlc3BvbnNlVXJsPSIiIFJlcG9ydGluZ05hbWU9IiIgSWdub3JlSHR0cFN0YXR1c0NvZGU9IkZhbHNlIj4NCiAgICAgIDxIZWFkZXJzPg0KICAgICAgICA8SGVhZGVyIE5hbWU9IkNvbnRlbnQtVHlwZSIgVmFsdWU9ImFwcGxpY2F0aW9uL3gtd3d3LWZvcm0tdXJsZW5jb2RlZDsgY2hhcnNldD1VVEYtOCIgLz4NCiAgICAgICAgPEhlYWRlciBOYW1lPSJBY2NlcHQiIFZhbHVlPSJ0ZXh0L3BsYWluLCAqLyo7IHE9MC4wMSIgLz4NCiAgICAgICAgPEhlYWRlciBOYW1lPSJSZWZlcmVyIiBWYWx1ZT0iaHR0cDovL2xvY2FsaG9zdDo1NjU2OC9Ib21lL0luZGV4IiAvPg0KICAgICAgPC9IZWFkZXJzPg0KICAgICAgPFF1ZXJ5U3RyaW5nUGFyYW1ldGVycz4NCiAgICAgICAgPFF1ZXJ5U3RyaW5nUGFyYW1ldGVyIE5hbWU9InJlcXVlc3RVcmwiIFZhbHVlPSJodHRwJTNBJTJGJTJGbG9jYWxob3N0JTNBNTY1NjglMkZIb21lJTJGSW5kZXgiIFJlY29yZGVkVmFsdWU9Imh0dHAlM0ElMkYlMkZsb2NhbGhvc3QlM0E1NjU2OCUyRkhvbWUlMkZJbmRleCIgQ29ycmVsYXRpb25CaW5kaW5nPSIiIFVybEVuY29kZT0iRmFsc2UiIFVzZVRvR3JvdXBSZXN1bHRzPSJGYWxzZSIgLz4NCiAgICAgICAgPFF1ZXJ5U3RyaW5nUGFyYW1ldGVyIE5hbWU9ImJyb3dzZXJOYW1lIiBWYWx1ZT0iSW50ZXJuZXRFeHBsb3JlciIgUmVjb3JkZWRWYWx1ZT0iSW50ZXJuZXRFeHBsb3JlciIgQ29ycmVsYXRpb25CaW5kaW5nPSIiIFVybEVuY29kZT0iRmFsc2UiIFVzZVRvR3JvdXBSZXN1bHRzPSJGYWxzZSIgLz4NCiAgICAgICAgPFF1ZXJ5U3RyaW5nUGFyYW1ldGVyIE5hbWU9ImNsaWVudFByb3RvY29sIiBWYWx1ZT0iMS4zIiBSZWNvcmRlZFZhbHVlPSIxLjMiIENvcnJlbGF0aW9uQmluZGluZz0iIiBVcmxFbmNvZGU9IkZhbHNlIiBVc2VUb0dyb3VwUmVzdWx0cz0iRmFsc2UiIC8+DQogICAgICAgIDxRdWVyeVN0cmluZ1BhcmFtZXRlciBOYW1lPSJfIiBWYWx1ZT0iMTM5NzQ0MzQ2NjAzMSIgUmVjb3JkZWRWYWx1ZT0iMTM5NzQ0MzQ2NjAzMSIgQ29ycmVsYXRpb25CaW5kaW5nPSIiIFVybEVuY29kZT0iRmFsc2UiIFVzZVRvR3JvdXBSZXN1bHRzPSJGYWxzZSIgLz4NCiAgICAgIDwvUXVlcnlTdHJpbmdQYXJhbWV0ZXJzPg0KICAgICAgPEZvcm1Qb3N0SHR0cEJvZHkgLz4NCiAgICA8L1JlcXVlc3Q+DQogICAgPFJlcXVlc3QgTWV0aG9kPSJQT1NUIiBHdWlkPSIxZWM2ZDQ4OC01NGQ5LTQ2MDEtYTU2Yi0wZjlmN2UyMDcxNzEiIFZlcnNpb249IjEuMSIgVXJsPSJodHRwOi8vbG9jYWxob3N0OjE1ODUvZjI2NzQzOTVhM2Q5NDJjYTliOTI4NzRmODk3YWVmNGIvYXJ0ZXJ5U2lnbmFsUi9jb25uZWN0IiBUaGlua1RpbWU9IjAiIFRpbWVvdXQ9IjMwMCIgUGFyc2VEZXBlbmRlbnRSZXF1ZXN0cz0iVHJ1ZSIgRm9sbG93UmVkaXJlY3RzPSJUcnVlIiBSZWNvcmRSZXN1bHQ9IlRydWUiIENhY2hlPSJGYWxzZSIgUmVzcG9uc2VUaW1lR29hbD0iMCIgRW5jb2Rpbmc9InV0Zi04IiBFeHBlY3RlZEh0dHBTdGF0dXNDb2RlPSIwIiBFeHBlY3RlZFJlc3BvbnNlVXJsPSIiIFJlcG9ydGluZ05hbWU9IiIgSWdub3JlSHR0cFN0YXR1c0NvZGU9IkZhbHNlIj4NCiAgICAgIDxIZWFkZXJzPg0KICAgICAgICA8SGVhZGVyIE5hbWU9IkNvbnRlbnQtVHlwZSIgVmFsdWU9ImFwcGxpY2F0aW9uL3gtd3d3LWZvcm0tdXJsZW5jb2RlZDsgY2hhcnNldD1VVEYtOCIgLz4NCiAgICAgICAgPEhlYWRlciBOYW1lPSJBY2NlcHQiIFZhbHVlPSJ0ZXh0L3BsYWluLCAqLyo7IHE9MC4wMSIgLz4NCiAgICAgICAgPEhlYWRlciBOYW1lPSJSZWZlcmVyIiBWYWx1ZT0iaHR0cDovL2xvY2FsaG9zdDo1NjU2OC9Ib21lL0luZGV4IiAvPg0KICAgICAgPC9IZWFkZXJzPg0KICAgICAgPFF1ZXJ5U3RyaW5nUGFyYW1ldGVycz4NCiAgICAgICAgPFF1ZXJ5U3RyaW5nUGFyYW1ldGVyIE5hbWU9InRyYW5zcG9ydCIgVmFsdWU9ImxvbmdQb2xsaW5nIiBSZWNvcmRlZFZhbHVlPSJsb25nUG9sbGluZyIgQ29ycmVsYXRpb25CaW5kaW5nPSIiIFVybEVuY29kZT0iRmFsc2UiIFVzZVRvR3JvdXBSZXN1bHRzPSJGYWxzZSIgLz4NCiAgICAgICAgPFF1ZXJ5U3RyaW5nUGFyYW1ldGVyIE5hbWU9ImNvbm5lY3Rpb25Ub2tlbiIgVmFsdWU9IkFRQUFBTkNNbmQ4QkZkRVJqSG9Bd0UlMkZDbCUyQnNCQUFBQWZBU3poR09OWjB1RGN0c2w2M3ZPdFFBQUFBQUNBQUFBQUFBUVpnQUFBQUVBQUNBQUFBQyUyQiUyQjBSazZoR09mSm4zQUpkSVZ2aHlkQUl5eVRsQ0tRRjRjRDRFd0pPSnFRQUFBQUFPZ0FBQUFBSUFBQ0FBQUFEd0lFVFJIMVZnUUIlMkJLWFk2OWo5a25hdDh1YSUyQm1HUU1RJTJCcmV4WWsxWFBHekFBQUFEJTJGMjJ6MUVjYXA0NUk3NiUyQlhDcmFNSlh1eVFBaVRGRG9TWXFmNDQxS3ZENEdRN2pHcFF5T0ZiS052RzFCREdQc2xBQUFBQUlCSWRnN0o0Sjc4R1FyNkdqUmZUJTJGNmFacG9JUm9hSWwlMkZPUUpneSUyQmN6SG9xcTdhZHZOZlExMEhLOWp0MGhnazZWZDhMWTclMkJVZ2g2SUdqWTZZNGQ5SHclM0QlM0QiIFJlY29yZGVkVmFsdWU9IkFRQUFBTkNNbmQ4QkZkRVJqSG9Bd0UlMkZDbCUyQnNCQUFBQWZBU3poR09OWjB1RGN0c2w2M3ZPdFFBQUFBQUNBQUFBQUFBUVpnQUFBQUVBQUNBQUFBQyUyQiUyQjBSazZoR09mSm4zQUpkSVZ2aHlkQUl5eVRsQ0tRRjRjRDRFd0pPSnFRQUFBQUFPZ0FBQUFBSUFBQ0FBQUFEd0lFVFJIMVZnUUIlMkJLWFk2OWo5a25hdDh1YSUyQm1HUU1RJTJCcmV4WWsxWFBHekFBQUFEJTJGMjJ6MUVjYXA0NUk3NiUyQlhDcmFNSlh1eVFBaVRGRG9TWXFmNDQxS3ZENEdRN2pHcFF5T0ZiS052RzFCREdQc2xBQUFBQUlCSWRnN0o0Sjc4R1FyNkdqUmZUJTJGNmFacG9JUm9hSWwlMkZPUUpneSUyQmN6SG9xcTdhZHZOZlExMEhLOWp0MGhnazZWZDhMWTclMkJVZ2g2SUdqWTZZNGQ5SHclM0QlM0QiIENvcnJlbGF0aW9uQmluZGluZz0iIiBVcmxFbmNvZGU9IkZhbHNlIiBVc2VUb0dyb3VwUmVzdWx0cz0iRmFsc2UiIC8+DQogICAgICAgIDxRdWVyeVN0cmluZ1BhcmFtZXRlciBOYW1lPSJyZXF1ZXN0VXJsIiBWYWx1ZT0iaHR0cCUzQSUyRiUyRmxvY2FsaG9zdCUzQTU2NTY4JTJGSG9tZSUyRkluZGV4IiBSZWNvcmRlZFZhbHVlPSJodHRwJTNBJTJGJTJGbG9jYWxob3N0JTNBNTY1NjglMkZIb21lJTJGSW5kZXgiIENvcnJlbGF0aW9uQmluZGluZz0iIiBVcmxFbmNvZGU9IkZhbHNlIiBVc2VUb0dyb3VwUmVzdWx0cz0iRmFsc2UiIC8+DQogICAgICAgIDxRdWVyeVN0cmluZ1BhcmFtZXRlciBOYW1lPSJicm93c2VyTmFtZSIgVmFsdWU9IkludGVybmV0RXhwbG9yZXIiIFJlY29yZGVkVmFsdWU9IkludGVybmV0RXhwbG9yZXIiIENvcnJlbGF0aW9uQmluZGluZz0iIiBVcmxFbmNvZGU9IkZhbHNlIiBVc2VUb0dyb3VwUmVzdWx0cz0iRmFsc2UiIC8+DQogICAgICAgIDxRdWVyeVN0cmluZ1BhcmFtZXRlciBOYW1lPSJ0aWQiIFZhbHVlPSIyIiBSZWNvcmRlZFZhbHVlPSIyIiBDb3JyZWxhdGlvbkJpbmRpbmc9IiIgVXJsRW5jb2RlPSJGYWxzZSIgVXNlVG9Hcm91cFJlc3VsdHM9IkZhbHNlIiAvPg0KICAgICAgICA8UXVlcnlTdHJpbmdQYXJhbWV0ZXIgTmFtZT0iXyIgVmFsdWU9IjEzOTc0NDM0NjYzMTQiIFJlY29yZGVkVmFsdWU9IjEzOTc0NDM0NjYzMTQiIENvcnJlbGF0aW9uQmluZGluZz0iIiBVcmxFbmNvZGU9IkZhbHNlIiBVc2VUb0dyb3VwUmVzdWx0cz0iRmFsc2UiIC8+DQogICAgICA8L1F1ZXJ5U3RyaW5nUGFyYW1ldGVycz4NCiAgICAgIDxGb3JtUG9zdEh0dHBCb2R5IC8+DQogICAgPC9SZXF1ZXN0Pg0KICAgIDxSZXF1ZXN0IE1ldGhvZD0iUE9TVCIgR3VpZD0iMzQwMTgwNjctZDAwMi00NmUxLWE2MTgtNjVjNTcxNGI5NzNhIiBWZXJzaW9uPSIxLjEiIFVybD0iaHR0cDovL2xvY2FsaG9zdDoxNTg1L2YyNjc0Mzk1YTNkOTQyY2E5YjkyODc0Zjg5N2FlZjRiL2FydGVyeVNpZ25hbFIvc2VuZCIgVGhpbmtUaW1lPSIwIiBUaW1lb3V0PSIzMDAiIFBhcnNlRGVwZW5kZW50UmVxdWVzdHM9IlRydWUiIEZvbGxvd1JlZGlyZWN0cz0iVHJ1ZSIgUmVjb3JkUmVzdWx0PSJUcnVlIiBDYWNoZT0iRmFsc2UiIFJlc3BvbnNlVGltZUdvYWw9IjAiIEVuY29kaW5nPSJ1dGYtOCIgRXhwZWN0ZWRIdHRwU3RhdHVzQ29kZT0iMCIgRXhwZWN0ZWRSZXNwb25zZVVybD0iIiBSZXBvcnRpbmdOYW1lPSIiIElnbm9yZUh0dHBTdGF0dXNDb2RlPSJGYWxzZSI+DQogICAgICA8SGVhZGVycz4NCiAgICAgICAgPEhlYWRlciBOYW1lPSJBY2NlcHQiIFZhbHVlPSJ0ZXh0L3BsYWluLCAqLyo7IHE9MC4wMSIgLz4NCiAgICAgICAgPEhlYWRlciBOYW1lPSJSZWZlcmVyIiBWYWx1ZT0iaHR0cDovL2xvY2FsaG9zdDo1NjU2OC9Ib21lL0luZGV4IiAvPg0KICAgICAgPC9IZWFkZXJzPg0KICAgICAgPFF1ZXJ5U3RyaW5nUGFyYW1ldGVycz4NCiAgICAgICAgPFF1ZXJ5U3RyaW5nUGFyYW1ldGVyIE5hbWU9InRyYW5zcG9ydCIgVmFsdWU9ImxvbmdQb2xsaW5nIiBSZWNvcmRlZFZhbHVlPSJsb25nUG9sbGluZyIgQ29ycmVsYXRpb25CaW5kaW5nPSIiIFVybEVuY29kZT0iRmFsc2UiIFVzZVRvR3JvdXBSZXN1bHRzPSJGYWxzZSIgLz4NCiAgICAgICAgPFF1ZXJ5U3RyaW5nUGFyYW1ldGVyIE5hbWU9ImNvbm5lY3Rpb25Ub2tlbiIgVmFsdWU9IkFRQUFBTkNNbmQ4QkZkRVJqSG9Bd0UlMkZDbCUyQnNCQUFBQWZBU3poR09OWjB1RGN0c2w2M3ZPdFFBQUFBQUNBQUFBQUFBUVpnQUFBQUVBQUNBQUFBQyUyQiUyQjBSazZoR09mSm4zQUpkSVZ2aHlkQUl5eVRsQ0tRRjRjRDRFd0pPSnFRQUFBQUFPZ0FBQUFBSUFBQ0FBQUFEd0lFVFJIMVZnUUIlMkJLWFk2OWo5a25hdDh1YSUyQm1HUU1RJTJCcmV4WWsxWFBHekFBQUFEJTJGMjJ6MUVjYXA0NUk3NiUyQlhDcmFNSlh1eVFBaVRGRG9TWXFmNDQxS3ZENEdRN2pHcFF5T0ZiS052RzFCREdQc2xBQUFBQUlCSWRnN0o0Sjc4R1FyNkdqUmZUJTJGNmFacG9JUm9hSWwlMkZPUUpneSUyQmN6SG9xcTdhZHZOZlExMEhLOWp0MGhnazZWZDhMWTclMkJVZ2g2SUdqWTZZNGQ5SHclM0QlM0QiIFJlY29yZGVkVmFsdWU9IkFRQUFBTkNNbmQ4QkZkRVJqSG9Bd0UlMkZDbCUyQnNCQUFBQWZBU3poR09OWjB1RGN0c2w2M3ZPdFFBQUFBQUNBQUFBQUFBUVpnQUFBQUVBQUNBQUFBQyUyQiUyQjBSazZoR09mSm4zQUpkSVZ2aHlkQUl5eVRsQ0tRRjRjRDRFd0pPSnFRQUFBQUFPZ0FBQUFBSUFBQ0FBQUFEd0lFVFJIMVZnUUIlMkJLWFk2OWo5a25hdDh1YSUyQm1HUU1RJTJCcmV4WWsxWFBHekFBQUFEJTJGMjJ6MUVjYXA0NUk3NiUyQlhDcmFNSlh1eVFBaVRGRG9TWXFmNDQxS3ZENEdRN2pHcFF5T0ZiS052RzFCREdQc2xBQUFBQUlCSWRnN0o0Sjc4R1FyNkdqUmZUJTJGNmFacG9JUm9hSWwlMkZPUUpneSUyQmN6SG9xcTdhZHZOZlExMEhLOWp0MGhnazZWZDhMWTclMkJVZ2g2SUdqWTZZNGQ5SHclM0QlM0QiIENvcnJlbGF0aW9uQmluZGluZz0iIiBVcmxFbmNvZGU9IkZhbHNlIiBVc2VUb0dyb3VwUmVzdWx0cz0iRmFsc2UiIC8+DQogICAgICAgIDxRdWVyeVN0cmluZ1BhcmFtZXRlciBOYW1lPSJyZXF1ZXN0VXJsIiBWYWx1ZT0iaHR0cCUzQSUyRiUyRmxvY2FsaG9zdCUzQTU2NTY4JTJGSG9tZSUyRkluZGV4IiBSZWNvcmRlZFZhbHVlPSJodHRwJTNBJTJGJTJGbG9jYWxob3N0JTNBNTY1NjglMkZIb21lJTJGSW5kZXgiIENvcnJlbGF0aW9uQmluZGluZz0iIiBVcmxFbmNvZGU9IkZhbHNlIiBVc2VUb0dyb3VwUmVzdWx0cz0iRmFsc2UiIC8+DQogICAgICAgIDxRdWVyeVN0cmluZ1BhcmFtZXRlciBOYW1lPSJicm93c2VyTmFtZSIgVmFsdWU9IkludGVybmV0RXhwbG9yZXIiIFJlY29yZGVkVmFsdWU9IkludGVybmV0RXhwbG9yZXIiIENvcnJlbGF0aW9uQmluZGluZz0iIiBVcmxFbmNvZGU9IkZhbHNlIiBVc2VUb0dyb3VwUmVzdWx0cz0iRmFsc2UiIC8+DQogICAgICA8L1F1ZXJ5U3RyaW5nUGFyYW1ldGVycz4NCiAgICAgIDxGb3JtUG9zdEh0dHBCb2R5IC8+DQogICAgPC9SZXF1ZXN0Pg0KICAgIDxSZXF1ZXN0IE1ldGhvZD0iUE9TVCIgR3VpZD0iYTkzMWIyN2UtMmNhYS00YjIwLTgzNTktMjM3YTE2NDkyMzczIiBWZXJzaW9uPSIxLjEiIFVybD0iaHR0cDovL2xvY2FsaG9zdDoxNTg1L2YyNjc0Mzk1YTNkOTQyY2E5YjkyODc0Zjg5N2FlZjRiL2FydGVyeVNpZ25hbFIvcG9sbCIgVGhpbmtUaW1lPSIyIiBUaW1lb3V0PSIzMDAiIFBhcnNlRGVwZW5kZW50UmVxdWVzdHM9IlRydWUiIEZvbGxvd1JlZGlyZWN0cz0iVHJ1ZSIgUmVjb3JkUmVzdWx0PSJUcnVlIiBDYWNoZT0iRmFsc2UiIFJlc3BvbnNlVGltZUdvYWw9IjAiIEVuY29kaW5nPSJ1dGYtOCIgRXhwZWN0ZWRIdHRwU3RhdHVzQ29kZT0iMCIgRXhwZWN0ZWRSZXNwb25zZVVybD0iIiBSZXBvcnRpbmdOYW1lPSIiIElnbm9yZUh0dHBTdGF0dXNDb2RlPSJGYWxzZSI+DQogICAgICA8SGVhZGVycz4NCiAgICAgICAgPEhlYWRlciBOYW1lPSJDb250ZW50LVR5cGUiIFZhbHVlPSJhcHBsaWNhdGlvbi94LXd3dy1mb3JtLXVybGVuY29kZWQ7IGNoYXJzZXQ9VVRGLTgiIC8+DQogICAgICAgIDxIZWFkZXIgTmFtZT0iQWNjZXB0IiBWYWx1ZT0idGV4dC9wbGFpbiwgKi8qOyBxPTAuMDEiIC8+DQogICAgICAgIDxIZWFkZXIgTmFtZT0iUmVmZXJlciIgVmFsdWU9Imh0dHA6Ly9sb2NhbGhvc3Q6NTY1NjgvSG9tZS9JbmRleCIgLz4NCiAgICAgIDwvSGVhZGVycz4NCiAgICAgIDxRdWVyeVN0cmluZ1BhcmFtZXRlcnM+DQogICAgICAgIDxRdWVyeVN0cmluZ1BhcmFtZXRlciBOYW1lPSJ0cmFuc3BvcnQiIFZhbHVlPSJsb25nUG9sbGluZyIgUmVjb3JkZWRWYWx1ZT0ibG9uZ1BvbGxpbmciIENvcnJlbGF0aW9uQmluZGluZz0iIiBVcmxFbmNvZGU9IkZhbHNlIiBVc2VUb0dyb3VwUmVzdWx0cz0iRmFsc2UiIC8+DQogICAgICAgIDxRdWVyeVN0cmluZ1BhcmFtZXRlciBOYW1lPSJjb25uZWN0aW9uVG9rZW4iIFZhbHVlPSJBUUFBQU5DTW5kOEJGZEVSakhvQXdFJTJGQ2wlMkJzQkFBQUFmQVN6aEdPTlowdURjdHNsNjN2T3RRQUFBQUFDQUFBQUFBQVFaZ0FBQUFFQUFDQUFBQUMlMkIlMkIwUms2aEdPZkpuM0FKZElWdmh5ZEFJeXlUbENLUUY0Y0Q0RXdKT0pxUUFBQUFBT2dBQUFBQUlBQUNBQUFBRHdJRVRSSDFWZ1FCJTJCS1hZNjlqOWtuYXQ4dWElMkJtR1FNUSUyQnJleFlrMVhQR3pBQUFBRCUyRjIyejFFY2FwNDVJNzYlMkJYQ3JhTUpYdXlRQWlURkRvU1lxZjQ0MUt2RDRHUTdqR3BReU9GYktOdkcxQkRHUHNsQUFBQUFJQklkZzdKNEo3OEdRcjZHalJmVCUyRjZhWnBvSVJvYUlsJTJGT1FKZ3klMkJjekhvcXE3YWR2TmZRMTBISzlqdDBoZ2s2VmQ4TFk3JTJCVWdoNklHalk2WTRkOUh3JTNEJTNEIiBSZWNvcmRlZFZhbHVlPSJBUUFBQU5DTW5kOEJGZEVSakhvQXdFJTJGQ2wlMkJzQkFBQUFmQVN6aEdPTlowdURjdHNsNjN2T3RRQUFBQUFDQUFBQUFBQVFaZ0FBQUFFQUFDQUFBQUMlMkIlMkIwUms2aEdPZkpuM0FKZElWdmh5ZEFJeXlUbENLUUY0Y0Q0RXdKT0pxUUFBQUFBT2dBQUFBQUlBQUNBQUFBRHdJRVRSSDFWZ1FCJTJCS1hZNjlqOWtuYXQ4dWElMkJtR1FNUSUyQnJleFlrMVhQR3pBQUFBRCUyRjIyejFFY2FwNDVJNzYlMkJYQ3JhTUpYdXlRQWlURkRvU1lxZjQ0MUt2RDRHUTdqR3BReU9GYktOdkcxQkRHUHNsQUFBQUFJQklkZzdKNEo3OEdRcjZHalJmVCUyRjZhWnBvSVJvYUlsJTJGT1FKZ3klMkJjekhvcXE3YWR2TmZRMTBISzlqdDBoZ2s2VmQ4TFk3JTJCVWdoNklHalk2WTRkOUh3JTNEJTNEIiBDb3JyZWxhdGlvbkJpbmRpbmc9IiIgVXJsRW5jb2RlPSJGYWxzZSIgVXNlVG9Hcm91cFJlc3VsdHM9IkZhbHNlIiAvPg0KICAgICAgICA8UXVlcnlTdHJpbmdQYXJhbWV0ZXIgTmFtZT0ibWVzc2FnZUlkIiBWYWx1ZT0iZC1DODNBRjMyNS1rJTJDMCU3QzMlMkMxJTdDNCUyQzAiIFJlY29yZGVkVmFsdWU9ImQtQzgzQUYzMjUtayUyQzAlN0MzJTJDMSU3QzQlMkMwIiBDb3JyZWxhdGlvbkJpbmRpbmc9IiIgVXJsRW5jb2RlPSJGYWxzZSIgVXNlVG9Hcm91cFJlc3VsdHM9IkZhbHNlIiAvPg0KICAgICAgICA8UXVlcnlTdHJpbmdQYXJhbWV0ZXIgTmFtZT0icmVxdWVzdFVybCIgVmFsdWU9Imh0dHAlM0ElMkYlMkZsb2NhbGhvc3QlM0E1NjU2OCUyRkhvbWUlMkZJbmRleCIgUmVjb3JkZWRWYWx1ZT0iaHR0cCUzQSUyRiUyRmxvY2FsaG9zdCUzQTU2NTY4JTJGSG9tZSUyRkluZGV4IiBDb3JyZWxhdGlvbkJpbmRpbmc9IiIgVXJsRW5jb2RlPSJGYWxzZSIgVXNlVG9Hcm91cFJlc3VsdHM9IkZhbHNlIiAvPg0KICAgICAgICA8UXVlcnlTdHJpbmdQYXJhbWV0ZXIgTmFtZT0iYnJvd3Nlck5hbWUiIFZhbHVlPSJJbnRlcm5ldEV4cGxvcmVyIiBSZWNvcmRlZFZhbHVlPSJJbnRlcm5ldEV4cGxvcmVyIiBDb3JyZWxhdGlvbkJpbmRpbmc9IiIgVXJsRW5jb2RlPSJGYWxzZSIgVXNlVG9Hcm91cFJlc3VsdHM9IkZhbHNlIiAvPg0KICAgICAgICA8UXVlcnlTdHJpbmdQYXJhbWV0ZXIgTmFtZT0idGlkIiBWYWx1ZT0iNCIgUmVjb3JkZWRWYWx1ZT0iNCIgQ29ycmVsYXRpb25CaW5kaW5nPSIiIFVybEVuY29kZT0iRmFsc2UiIFVzZVRvR3JvdXBSZXN1bHRzPSJGYWxzZSIgLz4NCiAgICAgICAgPFF1ZXJ5U3RyaW5nUGFyYW1ldGVyIE5hbWU9Il8iIFZhbHVlPSIxMzk3NDQzNDY2MzIzIiBSZWNvcmRlZFZhbHVlPSIxMzk3NDQzNDY2MzIzIiBDb3JyZWxhdGlvbkJpbmRpbmc9IiIgVXJsRW5jb2RlPSJGYWxzZSIgVXNlVG9Hcm91cFJlc3VsdHM9IkZhbHNlIiAvPg0KICAgICAgPC9RdWVyeVN0cmluZ1BhcmFtZXRlcnM+DQogICAgICA8Rm9ybVBvc3RIdHRwQm9keSAvPg0KICAgIDwvUmVxdWVzdD4NCiAgICA8UmVxdWVzdCBNZXRob2Q9IkdFVCIgR3VpZD0iMzFkNDhlZWEtYmVjNS00NDE5LWE1NGEtN2JhNDc4MjY2MzVjIiBWZXJzaW9uPSIxLjEiIFVybD0iaHR0cDovL2xvY2FsaG9zdDo1NjU2OC9Mb2dpbiIgVGhpbmtUaW1lPSIwIiBUaW1lb3V0PSIzMDAiIFBhcnNlRGVwZW5kZW50UmVxdWVzdHM9IlRydWUiIEZvbGxvd1JlZGlyZWN0cz0iVHJ1ZSIgUmVjb3JkUmVzdWx0PSJUcnVlIiBDYWNoZT0iRmFsc2UiIFJlc3BvbnNlVGltZUdvYWw9IjAiIEVuY29kaW5nPSJ1dGYtOCIgRXhwZWN0ZWRIdHRwU3RhdHVzQ29kZT0iMCIgRXhwZWN0ZWRSZXNwb25zZVVybD0iIiBSZXBvcnRpbmdOYW1lPSIiIElnbm9yZUh0dHBTdGF0dXNDb2RlPSJGYWxzZSI+DQogICAgICA8SGVhZGVycz4NCiAgICAgICAgPEhlYWRlciBOYW1lPSJSZWZlcmVyIiBWYWx1ZT0iaHR0cDovL2xvY2FsaG9zdDo1NjU2OC9Ib21lL0luZGV4IiAvPg0KICAgICAgPC9IZWFkZXJzPg0KICAgICAgPEV4dHJhY3Rpb25SdWxlcz4NCiAgICAgICAgPEV4dHJhY3Rpb25SdWxlIENsYXNzbmFtZT0iTWljcm9zb2Z0LlZpc3VhbFN0dWRpby5UZXN0VG9vbHMuV2ViVGVzdGluZy5SdWxlcy5FeHRyYWN0SGlkZGVuRmllbGRzLCBNaWNyb3NvZnQuVmlzdWFsU3R1ZGlvLlF1YWxpdHlUb29scy5XZWJUZXN0RnJhbWV3b3JrLCBWZXJzaW9uPTEwLjAuMC4wLCBDdWx0dXJlPW5ldXRyYWwsIFB1YmxpY0tleVRva2VuPWIwM2Y1ZjdmMTFkNTBhM2EiIFZhcmlhYmxlTmFtZT0iMSIgRGlzcGxheU5hbWU9IkV4dHJhY3QgSGlkZGVuIEZpZWxkcyIgRGVzY3JpcHRpb249IkV4dHJhY3QgYWxsIGhpZGRlbiBmaWVsZHMgZnJvbSB0aGUgcmVzcG9uc2UgYW5kIHBsYWNlIHRoZW0gaW50byB0aGUgdGVzdCBjb250ZXh0LiI+DQogICAgICAgICAgPFJ1bGVQYXJhbWV0ZXJzPg0KICAgICAgICAgICAgPFJ1bGVQYXJhbWV0ZXIgTmFtZT0iUmVxdWlyZWQiIFZhbHVlPSJUcnVlIiAvPg0KICAgICAgICAgICAgPFJ1bGVQYXJhbWV0ZXIgTmFtZT0iSHRtbERlY29kZSIgVmFsdWU9IlRydWUiIC8+DQogICAgICAgICAgPC9SdWxlUGFyYW1ldGVycz4NCiAgICAgICAgPC9FeHRyYWN0aW9uUnVsZT4NCiAgICAgIDwvRXh0cmFjdGlvblJ1bGVzPg0KICAgIDwvUmVxdWVzdD4NCiAgICA8UmVxdWVzdCBNZXRob2Q9IlBPU1QiIEd1aWQ9Ijg2YmJlMWJjLWQxNGEtNDFkMC1iYmNlLWJhOTQwMjNjM2NmYSIgVmVyc2lvbj0iMS4xIiBVcmw9Imh0dHA6Ly9sb2NhbGhvc3Q6MTU4NS9mMjY3NDM5NWEzZDk0MmNhOWI5Mjg3NGY4OTdhZWY0Yi9hcnRlcnlTaWduYWxSL2Fib3J0IiBUaGlua1RpbWU9IjAiIFRpbWVvdXQ9IjMwMCIgUGFyc2VEZXBlbmRlbnRSZXF1ZXN0cz0iVHJ1ZSIgRm9sbG93UmVkaXJlY3RzPSJUcnVlIiBSZWNvcmRSZXN1bHQ9IlRydWUiIENhY2hlPSJGYWxzZSIgUmVzcG9uc2VUaW1lR29hbD0iMCIgRW5jb2Rpbmc9InV0Zi04IiBFeHBlY3RlZEh0dHBTdGF0dXNDb2RlPSIwIiBFeHBlY3RlZFJlc3BvbnNlVXJsPSIiIFJlcG9ydGluZ05hbWU9IiIgSWdub3JlSHR0cFN0YXR1c0NvZGU9IkZhbHNlIj4NCiAgICAgIDxIZWFkZXJzPg0KICAgICAgICA8SGVhZGVyIE5hbWU9IkFjY2VwdCIgVmFsdWU9InRleHQvcGxhaW4sICovKjsgcT0wLjAxIiAvPg0KICAgICAgICA8SGVhZGVyIE5hbWU9IlJlZmVyZXIiIFZhbHVlPSJodHRwOi8vbG9jYWxob3N0OjU2NTY4L0hvbWUvSW5kZXgiIC8+DQogICAgICA8L0hlYWRlcnM+DQogICAgICA8UXVlcnlTdHJpbmdQYXJhbWV0ZXJzPg0KICAgICAgICA8UXVlcnlTdHJpbmdQYXJhbWV0ZXIgTmFtZT0idHJhbnNwb3J0IiBWYWx1ZT0ibG9uZ1BvbGxpbmciIFJlY29yZGVkVmFsdWU9ImxvbmdQb2xsaW5nIiBDb3JyZWxhdGlvbkJpbmRpbmc9IiIgVXJsRW5jb2RlPSJGYWxzZSIgVXNlVG9Hcm91cFJlc3VsdHM9IkZhbHNlIiAvPg0KICAgICAgICA8UXVlcnlTdHJpbmdQYXJhbWV0ZXIgTmFtZT0iY29ubmVjdGlvblRva2VuIiBWYWx1ZT0iQVFBQUFOQ01uZDhCRmRFUmpIb0F3RSUyRkNsJTJCc0JBQUFBZkFTemhHT05aMHVEY3RzbDYzdk90UUFBQUFBQ0FBQUFBQUFRWmdBQUFBRUFBQ0FBQUFDJTJCJTJCMFJrNmhHT2ZKbjNBSmRJVnZoeWRBSXl5VGxDS1FGNGNENEV3Sk9KcVFBQUFBQU9nQUFBQUFJQUFDQUFBQUR3SUVUUkgxVmdRQiUyQktYWTY5ajlrbmF0OHVhJTJCbUdRTVElMkJyZXhZazFYUEd6QUFBQUQlMkYyMnoxRWNhcDQ1STc2JTJCWENyYU1KWHV5UUFpVEZEb1NZcWY0NDFLdkQ0R1E3akdwUXlPRmJLTnZHMUJER1BzbEFBQUFBSUJJZGc3SjRKNzhHUXI2R2pSZlQlMkY2YVpwb0lSb2FJbCUyRk9RSmd5JTJCY3pIb3FxN2Fkdk5mUTEwSEs5anQwaGdrNlZkOExZNyUyQlVnaDZJR2pZNlk0ZDlIdyUzRCUzRCIgUmVjb3JkZWRWYWx1ZT0iQVFBQUFOQ01uZDhCRmRFUmpIb0F3RSUyRkNsJTJCc0JBQUFBZkFTemhHT05aMHVEY3RzbDYzdk90UUFBQUFBQ0FBQUFBQUFRWmdBQUFBRUFBQ0FBQUFDJTJCJTJCMFJrNmhHT2ZKbjNBSmRJVnZoeWRBSXl5VGxDS1FGNGNENEV3Sk9KcVFBQUFBQU9nQUFBQUFJQUFDQUFBQUR3SUVUUkgxVmdRQiUyQktYWTY5ajlrbmF0OHVhJTJCbUdRTVElMkJyZXhZazFYUEd6QUFBQUQlMkYyMnoxRWNhcDQ1STc2JTJCWENyYU1KWHV5UUFpVEZEb1NZcWY0NDFLdkQ0R1E3akdwUXlPRmJLTnZHMUJER1BzbEFBQUFBSUJJZGc3SjRKNzhHUXI2R2pSZlQlMkY2YVpwb0lSb2FJbCUyRk9RSmd5JTJCY3pIb3FxN2Fkdk5mUTEwSEs5anQwaGdrNlZkOExZNyUyQlVnaDZJR2pZNlk0ZDlIdyUzRCUzRCIgQ29ycmVsYXRpb25CaW5kaW5nPSIiIFVybEVuY29kZT0iRmFsc2UiIFVzZVRvR3JvdXBSZXN1bHRzPSJGYWxzZSIgLz4NCiAgICAgICAgPFF1ZXJ5U3RyaW5nUGFyYW1ldGVyIE5hbWU9InJlcXVlc3RVcmwiIFZhbHVlPSJodHRwJTNBJTJGJTJGbG9jYWxob3N0JTNBNTY1NjglMkZIb21lJTJGSW5kZXgiIFJlY29yZGVkVmFsdWU9Imh0dHAlM0ElMkYlMkZsb2NhbGhvc3QlM0E1NjU2OCUyRkhvbWUlMkZJbmRleCIgQ29ycmVsYXRpb25CaW5kaW5nPSIiIFVybEVuY29kZT0iRmFsc2UiIFVzZVRvR3JvdXBSZXN1bHRzPSJGYWxzZSIgLz4NCiAgICAgICAgPFF1ZXJ5U3RyaW5nUGFyYW1ldGVyIE5hbWU9ImJyb3dzZXJOYW1lIiBWYWx1ZT0iSW50ZXJuZXRFeHBsb3JlciIgUmVjb3JkZWRWYWx1ZT0iSW50ZXJuZXRFeHBsb3JlciIgQ29ycmVsYXRpb25CaW5kaW5nPSIiIFVybEVuY29kZT0iRmFsc2UiIFVzZVRvR3JvdXBSZXN1bHRzPSJGYWxzZSIgLz4NCiAgICAgIDwvUXVlcnlTdHJpbmdQYXJhbWV0ZXJzPg0KICAgICAgPEZvcm1Qb3N0SHR0cEJvZHkgLz4NCiAgICA8L1JlcXVlc3Q+DQogICAgPFJlcXVlc3QgTWV0aG9kPSJQT1NUIiBHdWlkPSIyNmIyYmJjZC1hYzg4LTQwZGItYjNmZC1lMGFjOThhYWU5OTMiIFZlcnNpb249IjEuMSIgVXJsPSJodHRwOi8vbG9jYWxob3N0OjE1ODUvZjI2NzQzOTVhM2Q5NDJjYTliOTI4NzRmODk3YWVmNGIvYXJ0ZXJ5U2lnbmFsUi9uZWdvdGlhdGUiIFRoaW5rVGltZT0iMCIgVGltZW91dD0iMzAwIiBQYXJzZURlcGVuZGVudFJlcXVlc3RzPSJUcnVlIiBGb2xsb3dSZWRpcmVjdHM9IlRydWUiIFJlY29yZFJlc3VsdD0iVHJ1ZSIgQ2FjaGU9IkZhbHNlIiBSZXNwb25zZVRpbWVHb2FsPSIwIiBFbmNvZGluZz0idXRmLTgiIEV4cGVjdGVkSHR0cFN0YXR1c0NvZGU9IjAiIEV4cGVjdGVkUmVzcG9uc2VVcmw9IiIgUmVwb3J0aW5nTmFtZT0iIiBJZ25vcmVIdHRwU3RhdHVzQ29kZT0iRmFsc2UiPg0KICAgICAgPEhlYWRlcnM+DQogICAgICAgIDxIZWFkZXIgTmFtZT0iQ29udGVudC1UeXBlIiBWYWx1ZT0iYXBwbGljYXRpb24veC13d3ctZm9ybS11cmxlbmNvZGVkOyBjaGFyc2V0PVVURi04IiAvPg0KICAgICAgICA8SGVhZGVyIE5hbWU9IkFjY2VwdCIgVmFsdWU9InRleHQvcGxhaW4sICovKjsgcT0wLjAxIiAvPg0KICAgICAgICA8SGVhZGVyIE5hbWU9IlJlZmVyZXIiIFZhbHVlPSJodHRwOi8vbG9jYWxob3N0OjU2NTY4L0xvZ2luIiAvPg0KICAgICAgPC9IZWFkZXJzPg0KICAgICAgPFF1ZXJ5U3RyaW5nUGFyYW1ldGVycz4NCiAgICAgICAgPFF1ZXJ5U3RyaW5nUGFyYW1ldGVyIE5hbWU9InJlcXVlc3RVcmwiIFZhbHVlPSJodHRwJTNBJTJGJTJGbG9jYWxob3N0JTNBNTY1NjglMkZMb2dpbiIgUmVjb3JkZWRWYWx1ZT0iaHR0cCUzQSUyRiUyRmxvY2FsaG9zdCUzQTU2NTY4JTJGTG9naW4iIENvcnJlbGF0aW9uQmluZGluZz0iIiBVcmxFbmNvZGU9IkZhbHNlIiBVc2VUb0dyb3VwUmVzdWx0cz0iRmFsc2UiIC8+DQogICAgICAgIDxRdWVyeVN0cmluZ1BhcmFtZXRlciBOYW1lPSJicm93c2VyTmFtZSIgVmFsdWU9IkludGVybmV0RXhwbG9yZXIiIFJlY29yZGVkVmFsdWU9IkludGVybmV0RXhwbG9yZXIiIENvcnJlbGF0aW9uQmluZGluZz0iIiBVcmxFbmNvZGU9IkZhbHNlIiBVc2VUb0dyb3VwUmVzdWx0cz0iRmFsc2UiIC8+DQogICAgICAgIDxRdWVyeVN0cmluZ1BhcmFtZXRlciBOYW1lPSJjbGllbnRQcm90b2NvbCIgVmFsdWU9IjEuMyIgUmVjb3JkZWRWYWx1ZT0iMS4zIiBDb3JyZWxhdGlvbkJpbmRpbmc9IiIgVXJsRW5jb2RlPSJGYWxzZSIgVXNlVG9Hcm91cFJlc3VsdHM9IkZhbHNlIiAvPg0KICAgICAgICA8UXVlcnlTdHJpbmdQYXJhbWV0ZXIgTmFtZT0iXyIgVmFsdWU9IjEzOTc0NDM0Njg4NzIiIFJlY29yZGVkVmFsdWU9IjEzOTc0NDM0Njg4NzIiIENvcnJlbGF0aW9uQmluZGluZz0iIiBVcmxFbmNvZGU9IkZhbHNlIiBVc2VUb0dyb3VwUmVzdWx0cz0iRmFsc2UiIC8+DQogICAgICA8L1F1ZXJ5U3RyaW5nUGFyYW1ldGVycz4NCiAgICAgIDxGb3JtUG9zdEh0dHBCb2R5IC8+DQogICAgPC9SZXF1ZXN0Pg0KICAgIDxSZXF1ZXN0IE1ldGhvZD0iUE9TVCIgR3VpZD0iMjdlMGM2YWMtNTcyMC00NzAzLTg3ZTctMWY5YzIxNWZiYzRjIiBWZXJzaW9uPSIxLjEiIFVybD0iaHR0cDovL2xvY2FsaG9zdDoxNTg1L2YyNjc0Mzk1YTNkOTQyY2E5YjkyODc0Zjg5N2FlZjRiL2FydGVyeVNpZ25hbFIvY29ubmVjdCIgVGhpbmtUaW1lPSIwIiBUaW1lb3V0PSIzMDAiIFBhcnNlRGVwZW5kZW50UmVxdWVzdHM9IlRydWUiIEZvbGxvd1JlZGlyZWN0cz0iVHJ1ZSIgUmVjb3JkUmVzdWx0PSJUcnVlIiBDYWNoZT0iRmFsc2UiIFJlc3BvbnNlVGltZUdvYWw9IjAiIEVuY29kaW5nPSJ1dGYtOCIgRXhwZWN0ZWRIdHRwU3RhdHVzQ29kZT0iMCIgRXhwZWN0ZWRSZXNwb25zZVVybD0iIiBSZXBvcnRpbmdOYW1lPSIiIElnbm9yZUh0dHBTdGF0dXNDb2RlPSJGYWxzZSI+DQogICAgICA8SGVhZGVycz4NCiAgICAgICAgPEhlYWRlciBOYW1lPSJDb250ZW50LVR5cGUiIFZhbHVlPSJhcHBsaWNhdGlvbi94LXd3dy1mb3JtLXVybGVuY29kZWQ7IGNoYXJzZXQ9VVRGLTgiIC8+DQogICAgICAgIDxIZWFkZXIgTmFtZT0iQWNjZXB0IiBWYWx1ZT0idGV4dC9wbGFpbiwgKi8qOyBxPTAuMDEiIC8+DQogICAgICAgIDxIZWFkZXIgTmFtZT0iUmVmZXJlciIgVmFsdWU9Imh0dHA6Ly9sb2NhbGhvc3Q6NTY1NjgvTG9naW4iIC8+DQogICAgICA8L0hlYWRlcnM+DQogICAgICA8UXVlcnlTdHJpbmdQYXJhbWV0ZXJzPg0KICAgICAgICA8UXVlcnlTdHJpbmdQYXJhbWV0ZXIgTmFtZT0idHJhbnNwb3J0IiBWYWx1ZT0ibG9uZ1BvbGxpbmciIFJlY29yZGVkVmFsdWU9ImxvbmdQb2xsaW5nIiBDb3JyZWxhdGlvbkJpbmRpbmc9IiIgVXJsRW5jb2RlPSJGYWxzZSIgVXNlVG9Hcm91cFJlc3VsdHM9IkZhbHNlIiAvPg0KICAgICAgICA8UXVlcnlTdHJpbmdQYXJhbWV0ZXIgTmFtZT0iY29ubmVjdGlvblRva2VuIiBWYWx1ZT0iQVFBQUFOQ01uZDhCRmRFUmpIb0F3RSUyRkNsJTJCc0JBQUFBZkFTemhHT05aMHVEY3RzbDYzdk90UUFBQUFBQ0FBQUFBQUFRWmdBQUFBRUFBQ0FBQUFCWHZPanplVE1TWWJkbSUyRnN3RGN4ejNGNzF6dTZzN2lieDJiYzlvUDFoMVJBQUFBQUFPZ0FBQUFBSUFBQ0FBQUFBTnlXZGt3SndDWUtKVUlZJTJCWm5RcGdPaW5WZTJmMUdUMk8zZXhYMVF1d2dqQUFBQURGJTJCRWZ0aWlBZ0pYaDhxMGU5RXdoaGdaN0N4UDFKJTJGRWo3M2p5SUtsUjRxZE0wM0Nab3FUbmdocUEzSkhwQkZOdEFBQUFBYUQ4aFVjWUN2RkFvM0ZMR01KUXA4cTd2cG9lOThXRXloVkMlMkJ6MkozNk1JYzFvQWZqSmpjR0Q2SUYlMkJvNW16VWxDNkNUVW14ZmdLbmhra2tNJTJCUUlwY3clM0QlM0QiIFJlY29yZGVkVmFsdWU9IkFRQUFBTkNNbmQ4QkZkRVJqSG9Bd0UlMkZDbCUyQnNCQUFBQWZBU3poR09OWjB1RGN0c2w2M3ZPdFFBQUFBQUNBQUFBQUFBUVpnQUFBQUVBQUNBQUFBQlh2T2p6ZVRNU1liZG0lMkZzd0RjeHozRjcxenU2czdpYngyYmM5b1AxaDFSQUFBQUFBT2dBQUFBQUlBQUNBQUFBQU55V2Rrd0p3Q1lLSlVJWSUyQlpuUXBnT2luVmUyZjFHVDJPM2V4WDFRdXdnakFBQUFERiUyQkVmdGlpQWdKWGg4cTBlOUV3aGhnWjdDeFAxSiUyRkVqNzNqeUlLbFI0cWRNMDNDWm9xVG5naHFBM0pIcEJGTnRBQUFBQWFEOGhVY1lDdkZBbzNGTEdNSlFwOHE3dnBvZTk4V0V5aFZDJTJCejJKMzZNSWMxb0FmakpqY0dENklGJTJCbzVtelVsQzZDVFVteGZnS25oa2trTSUyQlFJcGN3JTNEJTNEIiBDb3JyZWxhdGlvbkJpbmRpbmc9IiIgVXJsRW5jb2RlPSJGYWxzZSIgVXNlVG9Hcm91cFJlc3VsdHM9IkZhbHNlIiAvPg0KICAgICAgICA8UXVlcnlTdHJpbmdQYXJhbWV0ZXIgTmFtZT0icmVxdWVzdFVybCIgVmFsdWU9Imh0dHAlM0ElMkYlMkZsb2NhbGhvc3QlM0E1NjU2OCUyRkxvZ2luIiBSZWNvcmRlZFZhbHVlPSJodHRwJTNBJTJGJTJGbG9jYWxob3N0JTNBNTY1NjglMkZMb2dpbiIgQ29ycmVsYXRpb25CaW5kaW5nPSIiIFVybEVuY29kZT0iRmFsc2UiIFVzZVRvR3JvdXBSZXN1bHRzPSJGYWxzZSIgLz4NCiAgICAgICAgPFF1ZXJ5U3RyaW5nUGFyYW1ldGVyIE5hbWU9ImJyb3dzZXJOYW1lIiBWYWx1ZT0iSW50ZXJuZXRFeHBsb3JlciIgUmVjb3JkZWRWYWx1ZT0iSW50ZXJuZXRFeHBsb3JlciIgQ29ycmVsYXRpb25CaW5kaW5nPSIiIFVybEVuY29kZT0iRmFsc2UiIFVzZVRvR3JvdXBSZXN1bHRzPSJGYWxzZSIgLz4NCiAgICAgICAgPFF1ZXJ5U3RyaW5nUGFyYW1ldGVyIE5hbWU9InRpZCIgVmFsdWU9IjEiIFJlY29yZGVkVmFsdWU9IjEiIENvcnJlbGF0aW9uQmluZGluZz0iIiBVcmxFbmNvZGU9IkZhbHNlIiBVc2VUb0dyb3VwUmVzdWx0cz0iRmFsc2UiIC8+DQogICAgICAgIDxRdWVyeVN0cmluZ1BhcmFtZXRlciBOYW1lPSJfIiBWYWx1ZT0iMTM5NzQ0MzQ2OTE0OSIgUmVjb3JkZWRWYWx1ZT0iMTM5NzQ0MzQ2OTE0OSIgQ29ycmVsYXRpb25CaW5kaW5nPSIiIFVybEVuY29kZT0iRmFsc2UiIFVzZVRvR3JvdXBSZXN1bHRzPSJGYWxzZSIgLz4NCiAgICAgIDwvUXVlcnlTdHJpbmdQYXJhbWV0ZXJzPg0KICAgICAgPEZvcm1Qb3N0SHR0cEJvZHkgLz4NCiAgICA8L1JlcXVlc3Q+DQogICAgPFJlcXVlc3QgTWV0aG9kPSJQT1NUIiBHdWlkPSJlNTM3ZThkOS04NTAwLTQ1Y2QtOTAxNy05ZmRhMTQwMTY4MTgiIFZlcnNpb249IjEuMSIgVXJsPSJodHRwOi8vbG9jYWxob3N0OjE1ODUvZjI2NzQzOTVhM2Q5NDJjYTliOTI4NzRmODk3YWVmNGIvYXJ0ZXJ5U2lnbmFsUi9zZW5kIiBUaGlua1RpbWU9IjAiIFRpbWVvdXQ9IjMwMCIgUGFyc2VEZXBlbmRlbnRSZXF1ZXN0cz0iVHJ1ZSIgRm9sbG93UmVkaXJlY3RzPSJUcnVlIiBSZWNvcmRSZXN1bHQ9IlRydWUiIENhY2hlPSJGYWxzZSIgUmVzcG9uc2VUaW1lR29hbD0iMCIgRW5jb2Rpbmc9InV0Zi04IiBFeHBlY3RlZEh0dHBTdGF0dXNDb2RlPSIwIiBFeHBlY3RlZFJlc3BvbnNlVXJsPSIiIFJlcG9ydGluZ05hbWU9IiIgSWdub3JlSHR0cFN0YXR1c0NvZGU9IkZhbHNlIj4NCiAgICAgIDxIZWFkZXJzPg0KICAgICAgICA8SGVhZGVyIE5hbWU9IkFjY2VwdCIgVmFsdWU9InRleHQvcGxhaW4sICovKjsgcT0wLjAxIiAvPg0KICAgICAgICA8SGVhZGVyIE5hbWU9IlJlZmVyZXIiIFZhbHVlPSJodHRwOi8vbG9jYWxob3N0OjU2NTY4L0xvZ2luIiAvPg0KICAgICAgPC9IZWFkZXJzPg0KICAgICAgPFF1ZXJ5U3RyaW5nUGFyYW1ldGVycz4NCiAgICAgICAgPFF1ZXJ5U3RyaW5nUGFyYW1ldGVyIE5hbWU9InRyYW5zcG9ydCIgVmFsdWU9ImxvbmdQb2xsaW5nIiBSZWNvcmRlZFZhbHVlPSJsb25nUG9sbGluZyIgQ29ycmVsYXRpb25CaW5kaW5nPSIiIFVybEVuY29kZT0iRmFsc2UiIFVzZVRvR3JvdXBSZXN1bHRzPSJGYWxzZSIgLz4NCiAgICAgICAgPFF1ZXJ5U3RyaW5nUGFyYW1ldGVyIE5hbWU9ImNvbm5lY3Rpb25Ub2tlbiIgVmFsdWU9IkFRQUFBTkNNbmQ4QkZkRVJqSG9Bd0UlMkZDbCUyQnNCQUFBQWZBU3poR09OWjB1RGN0c2w2M3ZPdFFBQUFBQUNBQUFBQUFBUVpnQUFBQUVBQUNBQUFBQlh2T2p6ZVRNU1liZG0lMkZzd0RjeHozRjcxenU2czdpYngyYmM5b1AxaDFSQUFBQUFBT2dBQUFBQUlBQUNBQUFBQU55V2Rrd0p3Q1lLSlVJWSUyQlpuUXBnT2luVmUyZjFHVDJPM2V4WDFRdXdnakFBQUFERiUyQkVmdGlpQWdKWGg4cTBlOUV3aGhnWjdDeFAxSiUyRkVqNzNqeUlLbFI0cWRNMDNDWm9xVG5naHFBM0pIcEJGTnRBQUFBQWFEOGhVY1lDdkZBbzNGTEdNSlFwOHE3dnBvZTk4V0V5aFZDJTJCejJKMzZNSWMxb0FmakpqY0dENklGJTJCbzVtelVsQzZDVFVteGZnS25oa2trTSUyQlFJcGN3JTNEJTNEIiBSZWNvcmRlZFZhbHVlPSJBUUFBQU5DTW5kOEJGZEVSakhvQXdFJTJGQ2wlMkJzQkFBQUFmQVN6aEdPTlowdURjdHNsNjN2T3RRQUFBQUFDQUFBQUFBQVFaZ0FBQUFFQUFDQUFBQUJYdk9qemVUTVNZYmRtJTJGc3dEY3h6M0Y3MXp1NnM3aWJ4MmJjOW9QMWgxUkFBQUFBQU9nQUFBQUFJQUFDQUFBQUFOeVdka3dKd0NZS0pVSVklMkJablFwZ09pblZlMmYxR1QyTzNleFgxUXV3Z2pBQUFBREYlMkJFZnRpaUFnSlhoOHEwZTlFd2hoZ1o3Q3hQMUolMkZFajczanlJS2xSNHFkTTAzQ1pvcVRuZ2hxQTNKSHBCRk50QUFBQUFhRDhoVWNZQ3ZGQW8zRkxHTUpRcDhxN3Zwb2U5OFdFeWhWQyUyQnoySjM2TUljMW9BZmpKamNHRDZJRiUyQm81bXpVbEM2Q1RVbXhmZ0tuaGtra00lMkJRSXBjdyUzRCUzRCIgQ29ycmVsYXRpb25CaW5kaW5nPSIiIFVybEVuY29kZT0iRmFsc2UiIFVzZVRvR3JvdXBSZXN1bHRzPSJGYWxzZSIgLz4NCiAgICAgICAgPFF1ZXJ5U3RyaW5nUGFyYW1ldGVyIE5hbWU9InJlcXVlc3RVcmwiIFZhbHVlPSJodHRwJTNBJTJGJTJGbG9jYWxob3N0JTNBNTY1NjglMkZMb2dpbiIgUmVjb3JkZWRWYWx1ZT0iaHR0cCUzQSUyRiUyRmxvY2FsaG9zdCUzQTU2NTY4JTJGTG9naW4iIENvcnJlbGF0aW9uQmluZGluZz0iIiBVcmxFbmNvZGU9IkZhbHNlIiBVc2VUb0dyb3VwUmVzdWx0cz0iRmFsc2UiIC8+DQogICAgICAgIDxRdWVyeVN0cmluZ1BhcmFtZXRlciBOYW1lPSJicm93c2VyTmFtZSIgVmFsdWU9IkludGVybmV0RXhwbG9yZXIiIFJlY29yZGVkVmFsdWU9IkludGVybmV0RXhwbG9yZXIiIENvcnJlbGF0aW9uQmluZGluZz0iIiBVcmxFbmNvZGU9IkZhbHNlIiBVc2VUb0dyb3VwUmVzdWx0cz0iRmFsc2UiIC8+DQogICAgICA8L1F1ZXJ5U3RyaW5nUGFyYW1ldGVycz4NCiAgICAgIDxGb3JtUG9zdEh0dHBCb2R5IC8+DQogICAgPC9SZXF1ZXN0Pg0KICAgIDxSZXF1ZXN0IE1ldGhvZD0iUE9TVCIgR3VpZD0iOTRkN2FmYTItZTI1Ny00ODc4LTkzY2YtMzhmNjZhYmE5ZTA0IiBWZXJzaW9uPSIxLjEiIFVybD0iaHR0cDovL2xvY2FsaG9zdDoxNTg1L2YyNjc0Mzk1YTNkOTQyY2E5YjkyODc0Zjg5N2FlZjRiL2FydGVyeVNpZ25hbFIvcG9sbCIgVGhpbmtUaW1lPSIwIiBUaW1lb3V0PSIzMDAiIFBhcnNlRGVwZW5kZW50UmVxdWVzdHM9IlRydWUiIEZvbGxvd1JlZGlyZWN0cz0iVHJ1ZSIgUmVjb3JkUmVzdWx0PSJUcnVlIiBDYWNoZT0iRmFsc2UiIFJlc3BvbnNlVGltZUdvYWw9IjAiIEVuY29kaW5nPSJ1dGYtOCIgRXhwZWN0ZWRIdHRwU3RhdHVzQ29kZT0iMCIgRXhwZWN0ZWRSZXNwb25zZVVybD0iIiBSZXBvcnRpbmdOYW1lPSIiIElnbm9yZUh0dHBTdGF0dXNDb2RlPSJGYWxzZSI+DQogICAgICA8SGVhZGVycz4NCiAgICAgICAgPEhlYWRlciBOYW1lPSJDb250ZW50LVR5cGUiIFZhbHVlPSJhcHBsaWNhdGlvbi94LXd3dy1mb3JtLXVybGVuY29kZWQ7IGNoYXJzZXQ9VVRGLTgiIC8+DQogICAgICAgIDxIZWFkZXIgTmFtZT0iQWNjZXB0IiBWYWx1ZT0idGV4dC9wbGFpbiwgKi8qOyBxPTAuMDEiIC8+DQogICAgICAgIDxIZWFkZXIgTmFtZT0iUmVmZXJlciIgVmFsdWU9Imh0dHA6Ly9sb2NhbGhvc3Q6NTY1NjgvTG9naW4iIC8+DQogICAgICA8L0hlYWRlcnM+DQogICAgICA8UXVlcnlTdHJpbmdQYXJhbWV0ZXJzPg0KICAgICAgICA8UXVlcnlTdHJpbmdQYXJhbWV0ZXIgTmFtZT0idHJhbnNwb3J0IiBWYWx1ZT0ibG9uZ1BvbGxpbmciIFJlY29yZGVkVmFsdWU9ImxvbmdQb2xsaW5nIiBDb3JyZWxhdGlvbkJpbmRpbmc9IiIgVXJsRW5jb2RlPSJGYWxzZSIgVXNlVG9Hcm91cFJlc3VsdHM9IkZhbHNlIiAvPg0KICAgICAgICA8UXVlcnlTdHJpbmdQYXJhbWV0ZXIgTmFtZT0iY29ubmVjdGlvblRva2VuIiBWYWx1ZT0iQVFBQUFOQ01uZDhCRmRFUmpIb0F3RSUyRkNsJTJCc0JBQUFBZkFTemhHT05aMHVEY3RzbDYzdk90UUFBQUFBQ0FBQUFBQUFRWmdBQUFBRUFBQ0FBQUFCWHZPanplVE1TWWJkbSUyRnN3RGN4ejNGNzF6dTZzN2lieDJiYzlvUDFoMVJBQUFBQUFPZ0FBQUFBSUFBQ0FBQUFBTnlXZGt3SndDWUtKVUlZJTJCWm5RcGdPaW5WZTJmMUdUMk8zZXhYMVF1d2dqQUFBQURGJTJCRWZ0aWlBZ0pYaDhxMGU5RXdoaGdaN0N4UDFKJTJGRWo3M2p5SUtsUjRxZE0wM0Nab3FUbmdocUEzSkhwQkZOdEFBQUFBYUQ4aFVjWUN2RkFvM0ZMR01KUXA4cTd2cG9lOThXRXloVkMlMkJ6MkozNk1JYzFvQWZqSmpjR0Q2SUYlMkJvNW16VWxDNkNUVW14ZmdLbmhra2tNJTJCUUlwY3clM0QlM0QiIFJlY29yZGVkVmFsdWU9IkFRQUFBTkNNbmQ4QkZkRVJqSG9Bd0UlMkZDbCUyQnNCQUFBQWZBU3poR09OWjB1RGN0c2w2M3ZPdFFBQUFBQUNBQUFBQUFBUVpnQUFBQUVBQUNBQUFBQlh2T2p6ZVRNU1liZG0lMkZzd0RjeHozRjcxenU2czdpYngyYmM5b1AxaDFSQUFBQUFBT2dBQUFBQUlBQUNBQUFBQU55V2Rrd0p3Q1lLSlVJWSUyQlpuUXBnT2luVmUyZjFHVDJPM2V4WDFRdXdnakFBQUFERiUyQkVmdGlpQWdKWGg4cTBlOUV3aGhnWjdDeFAxSiUyRkVqNzNqeUlLbFI0cWRNMDNDWm9xVG5naHFBM0pIcEJGTnRBQUFBQWFEOGhVY1lDdkZBbzNGTEdNSlFwOHE3dnBvZTk4V0V5aFZDJTJCejJKMzZNSWMxb0FmakpqY0dENklGJTJCbzVtelVsQzZDVFVteGZnS25oa2trTSUyQlFJcGN3JTNEJTNEIiBDb3JyZWxhdGlvbkJpbmRpbmc9IiIgVXJsRW5jb2RlPSJGYWxzZSIgVXNlVG9Hcm91cFJlc3VsdHM9IkZhbHNlIiAvPg0KICAgICAgICA8UXVlcnlTdHJpbmdQYXJhbWV0ZXIgTmFtZT0ibWVzc2FnZUlkIiBWYWx1ZT0iZC1DODNBRjMyNS1rJTJDMCU3QzUlMkMxJTdDNiUyQzAiIFJlY29yZGVkVmFsdWU9ImQtQzgzQUYzMjUtayUyQzAlN0M1JTJDMSU3QzYlMkMwIiBDb3JyZWxhdGlvbkJpbmRpbmc9IiIgVXJsRW5jb2RlPSJGYWxzZSIgVXNlVG9Hcm91cFJlc3VsdHM9IkZhbHNlIiAvPg0KICAgICAgICA8UXVlcnlTdHJpbmdQYXJhbWV0ZXIgTmFtZT0icmVxdWVzdFVybCIgVmFsdWU9Imh0dHAlM0ElMkYlMkZsb2NhbGhvc3QlM0E1NjU2OCUyRkxvZ2luIiBSZWNvcmRlZFZhbHVlPSJodHRwJTNBJTJGJTJGbG9jYWxob3N0JTNBNTY1NjglMkZMb2dpbiIgQ29ycmVsYXRpb25CaW5kaW5nPSIiIFVybEVuY29kZT0iRmFsc2UiIFVzZVRvR3JvdXBSZXN1bHRzPSJGYWxzZSIgLz4NCiAgICAgICAgPFF1ZXJ5U3RyaW5nUGFyYW1ldGVyIE5hbWU9ImJyb3dzZXJOYW1lIiBWYWx1ZT0iSW50ZXJuZXRFeHBsb3JlciIgUmVjb3JkZWRWYWx1ZT0iSW50ZXJuZXRFeHBsb3JlciIgQ29ycmVsYXRpb25CaW5kaW5nPSIiIFVybEVuY29kZT0iRmFsc2UiIFVzZVRvR3JvdXBSZXN1bHRzPSJGYWxzZSIgLz4NCiAgICAgICAgPFF1ZXJ5U3RyaW5nUGFyYW1ldGVyIE5hbWU9InRpZCIgVmFsdWU9IjIiIFJlY29yZGVkVmFsdWU9IjIiIENvcnJlbGF0aW9uQmluZGluZz0iIiBVcmxFbmNvZGU9IkZhbHNlIiBVc2VUb0dyb3VwUmVzdWx0cz0iRmFsc2UiIC8+DQogICAgICAgIDxRdWVyeVN0cmluZ1BhcmFtZXRlciBOYW1lPSJfIiBWYWx1ZT0iMTM5NzQ0MzQ2OTE1OCIgUmVjb3JkZWRWYWx1ZT0iMTM5NzQ0MzQ2OTE1OCIgQ29ycmVsYXRpb25CaW5kaW5nPSIiIFVybEVuY29kZT0iRmFsc2UiIFVzZVRvR3JvdXBSZXN1bHRzPSJGYWxzZSIgLz4NCiAgICAgIDwvUXVlcnlTdHJpbmdQYXJhbWV0ZXJzPg0KICAgICAgPEZvcm1Qb3N0SHR0cEJvZHkgLz4NCiAgICA8L1JlcXVlc3Q+DQogICAgPFJlcXVlc3QgTWV0aG9kPSJQT1NUIiBHdWlkPSIwYTJkODQwZS1iNzI0LTQzOTItYTY4NC03ZjVmNGZkYzBjMmMiIFZlcnNpb249IjEuMSIgVXJsPSJodHRwOi8vbG9jYWxob3N0OjE1ODUvZjI2NzQzOTVhM2Q5NDJjYTliOTI4NzRmODk3YWVmNGIvYXJ0ZXJ5U2lnbmFsUi9wb2xsIiBUaGlua1RpbWU9IjIiIFRpbWVvdXQ9IjMwMCIgUGFyc2VEZXBlbmRlbnRSZXF1ZXN0cz0iVHJ1ZSIgRm9sbG93UmVkaXJlY3RzPSJUcnVlIiBSZWNvcmRSZXN1bHQ9IlRydWUiIENhY2hlPSJGYWxzZSIgUmVzcG9uc2VUaW1lR29hbD0iMCIgRW5jb2Rpbmc9InV0Zi04IiBFeHBlY3RlZEh0dHBTdGF0dXNDb2RlPSIwIiBFeHBlY3RlZFJlc3BvbnNlVXJsPSIiIFJlcG9ydGluZ05hbWU9IiIgSWdub3JlSHR0cFN0YXR1c0NvZGU9IkZhbHNlIj4NCiAgICAgIDxIZWFkZXJzPg0KICAgICAgICA8SGVhZGVyIE5hbWU9IkNvbnRlbnQtVHlwZSIgVmFsdWU9ImFwcGxpY2F0aW9uL3gtd3d3LWZvcm0tdXJsZW5jb2RlZDsgY2hhcnNldD1VVEYtOCIgLz4NCiAgICAgICAgPEhlYWRlciBOYW1lPSJBY2NlcHQiIFZhbHVlPSJ0ZXh0L3BsYWluLCAqLyo7IHE9MC4wMSIgLz4NCiAgICAgICAgPEhlYWRlciBOYW1lPSJSZWZlcmVyIiBWYWx1ZT0iaHR0cDovL2xvY2FsaG9zdDo1NjU2OC9Mb2dpbiIgLz4NCiAgICAgIDwvSGVhZGVycz4NCiAgICAgIDxRdWVyeVN0cmluZ1BhcmFtZXRlcnM+DQogICAgICAgIDxRdWVyeVN0cmluZ1BhcmFtZXRlciBOYW1lPSJ0cmFuc3BvcnQiIFZhbHVlPSJsb25nUG9sbGluZyIgUmVjb3JkZWRWYWx1ZT0ibG9uZ1BvbGxpbmciIENvcnJlbGF0aW9uQmluZGluZz0iIiBVcmxFbmNvZGU9IkZhbHNlIiBVc2VUb0dyb3VwUmVzdWx0cz0iRmFsc2UiIC8+DQogICAgICAgIDxRdWVyeVN0cmluZ1BhcmFtZXRlciBOYW1lPSJjb25uZWN0aW9uVG9rZW4iIFZhbHVlPSJBUUFBQU5DTW5kOEJGZEVSakhvQXdFJTJGQ2wlMkJzQkFBQUFmQVN6aEdPTlowdURjdHNsNjN2T3RRQUFBQUFDQUFBQUFBQVFaZ0FBQUFFQUFDQUFBQUJYdk9qemVUTVNZYmRtJTJGc3dEY3h6M0Y3MXp1NnM3aWJ4MmJjOW9QMWgxUkFBQUFBQU9nQUFBQUFJQUFDQUFBQUFOeVdka3dKd0NZS0pVSVklMkJablFwZ09pblZlMmYxR1QyTzNleFgxUXV3Z2pBQUFBREYlMkJFZnRpaUFnSlhoOHEwZTlFd2hoZ1o3Q3hQMUolMkZFajczanlJS2xSNHFkTTAzQ1pvcVRuZ2hxQTNKSHBCRk50QUFBQUFhRDhoVWNZQ3ZGQW8zRkxHTUpRcDhxN3Zwb2U5OFdFeWhWQyUyQnoySjM2TUljMW9BZmpKamNHRDZJRiUyQm81bXpVbEM2Q1RVbXhmZ0tuaGtra00lMkJRSXBjdyUzRCUzRCIgUmVjb3JkZWRWYWx1ZT0iQVFBQUFOQ01uZDhCRmRFUmpIb0F3RSUyRkNsJTJCc0JBQUFBZkFTemhHT05aMHVEY3RzbDYzdk90UUFBQUFBQ0FBQUFBQUFRWmdBQUFBRUFBQ0FBQUFCWHZPanplVE1TWWJkbSUyRnN3RGN4ejNGNzF6dTZzN2lieDJiYzlvUDFoMVJBQUFBQUFPZ0FBQUFBSUFBQ0FBQUFBTnlXZGt3SndDWUtKVUlZJTJCWm5RcGdPaW5WZTJmMUdUMk8zZXhYMVF1d2dqQUFBQURGJTJCRWZ0aWlBZ0pYaDhxMGU5RXdoaGdaN0N4UDFKJTJGRWo3M2p5SUtsUjRxZE0wM0Nab3FUbmdocUEzSkhwQkZOdEFBQUFBYUQ4aFVjWUN2RkFvM0ZMR01KUXA4cTd2cG9lOThXRXloVkMlMkJ6MkozNk1JYzFvQWZqSmpjR0Q2SUYlMkJvNW16VWxDNkNUVW14ZmdLbmhra2tNJTJCUUlwY3clM0QlM0QiIENvcnJlbGF0aW9uQmluZGluZz0iIiBVcmxFbmNvZGU9IkZhbHNlIiBVc2VUb0dyb3VwUmVzdWx0cz0iRmFsc2UiIC8+DQogICAgICAgIDxRdWVyeVN0cmluZ1BhcmFtZXRlciBOYW1lPSJtZXNzYWdlSWQiIFZhbHVlPSJkLUM4M0FGMzI1LWslMkMwJTdDNSUyQzIlN0M2JTJDMCIgUmVjb3JkZWRWYWx1ZT0iZC1DODNBRjMyNS1rJTJDMCU3QzUlMkMyJTdDNiUyQzAiIENvcnJlbGF0aW9uQmluZGluZz0iIiBVcmxFbmNvZGU9IkZhbHNlIiBVc2VUb0dyb3VwUmVzdWx0cz0iRmFsc2UiIC8+DQogICAgICAgIDxRdWVyeVN0cmluZ1BhcmFtZXRlciBOYW1lPSJyZXF1ZXN0VXJsIiBWYWx1ZT0iaHR0cCUzQSUyRiUyRmxvY2FsaG9zdCUzQTU2NTY4JTJGTG9naW4iIFJlY29yZGVkVmFsdWU9Imh0dHAlM0ElMkYlMkZsb2NhbGhvc3QlM0E1NjU2OCUyRkxvZ2luIiBDb3JyZWxhdGlvbkJpbmRpbmc9IiIgVXJsRW5jb2RlPSJGYWxzZSIgVXNlVG9Hcm91cFJlc3VsdHM9IkZhbHNlIiAvPg0KICAgICAgICA8UXVlcnlTdHJpbmdQYXJhbWV0ZXIgTmFtZT0iYnJvd3Nlck5hbWUiIFZhbHVlPSJJbnRlcm5ldEV4cGxvcmVyIiBSZWNvcmRlZFZhbHVlPSJJbnRlcm5ldEV4cGxvcmVyIiBDb3JyZWxhdGlvbkJpbmRpbmc9IiIgVXJsRW5jb2RlPSJGYWxzZSIgVXNlVG9Hcm91cFJlc3VsdHM9IkZhbHNlIiAvPg0KICAgICAgICA8UXVlcnlTdHJpbmdQYXJhbWV0ZXIgTmFtZT0idGlkIiBWYWx1ZT0iMCIgUmVjb3JkZWRWYWx1ZT0iMCIgQ29ycmVsYXRpb25CaW5kaW5nPSIiIFVybEVuY29kZT0iRmFsc2UiIFVzZVRvR3JvdXBSZXN1bHRzPSJGYWxzZSIgLz4NCiAgICAgICAgPFF1ZXJ5U3RyaW5nUGFyYW1ldGVyIE5hbWU9Il8iIFZhbHVlPSIxMzk3NDQzNDY5MTc5IiBSZWNvcmRlZFZhbHVlPSIxMzk3NDQzNDY5MTc5IiBDb3JyZWxhdGlvbkJpbmRpbmc9IiIgVXJsRW5jb2RlPSJGYWxzZSIgVXNlVG9Hcm91cFJlc3VsdHM9IkZhbHNlIiAvPg0KICAgICAgPC9RdWVyeVN0cmluZ1BhcmFtZXRlcnM+DQogICAgICA8Rm9ybVBvc3RIdHRwQm9keSAvPg0KICAgIDwvUmVxdWVzdD4NCiAgICA8UmVxdWVzdCBNZXRob2Q9IlBPU1QiIEd1aWQ9IjJiOWIwZmY4LTE4OWEtNDBmYS1iNDZmLTlhOTkzNzk0ZTA3MiIgVmVyc2lvbj0iMS4xIiBVcmw9Imh0dHA6Ly9sb2NhbGhvc3Q6NTY1NjgvTG9naW4iIFRoaW5rVGltZT0iMCIgVGltZW91dD0iMzAwIiBQYXJzZURlcGVuZGVudFJlcXVlc3RzPSJUcnVlIiBGb2xsb3dSZWRpcmVjdHM9IlRydWUiIFJlY29yZFJlc3VsdD0iVHJ1ZSIgQ2FjaGU9IkZhbHNlIiBSZXNwb25zZVRpbWVHb2FsPSIwIiBFbmNvZGluZz0idXRmLTgiIEV4cGVjdGVkSHR0cFN0YXR1c0NvZGU9IjAiIEV4cGVjdGVkUmVzcG9uc2VVcmw9IiIgUmVwb3J0aW5nTmFtZT0iIiBJZ25vcmVIdHRwU3RhdHVzQ29kZT0iRmFsc2UiPg0KICAgICAgPERlcGVuZGVudFJlcXVlc3RzPg0KICAgICAgICA8UmVxdWVzdCBNZXRob2Q9IlBPU1QiIEd1aWQ9IjdlMzk0NTE1LTA2ZjgtNGM2OS04ZTU1LWNjM2Y4NTM3NzExYiIgVmVyc2lvbj0iMS4xIiBVcmw9Imh0dHA6Ly9sb2NhbGhvc3Q6MTU4NS9mMjY3NDM5NWEzZDk0MmNhOWI5Mjg3NGY4OTdhZWY0Yi9hcnRlcnlTaWduYWxSL2Fib3J0IiBUaGlua1RpbWU9IjAiIFRpbWVvdXQ9IjMwMCIgUGFyc2VEZXBlbmRlbnRSZXF1ZXN0cz0iVHJ1ZSIgRm9sbG93UmVkaXJlY3RzPSJUcnVlIiBSZWNvcmRSZXN1bHQ9IlRydWUiIENhY2hlPSJGYWxzZSIgUmVzcG9uc2VUaW1lR29hbD0iMCIgRW5jb2Rpbmc9InV0Zi04IiBFeHBlY3RlZEh0dHBTdGF0dXNDb2RlPSIwIiBFeHBlY3RlZFJlc3BvbnNlVXJsPSIiIFJlcG9ydGluZ05hbWU9IiIgSWdub3JlSHR0cFN0YXR1c0NvZGU9IkZhbHNlIj4NCiAgICAgICAgICA8SGVhZGVycz4NCiAgICAgICAgICAgIDxIZWFkZXIgTmFtZT0iQWNjZXB0IiBWYWx1ZT0idGV4dC9wbGFpbiwgKi8qOyBxPTAuMDEiIC8+DQogICAgICAgICAgICA8SGVhZGVyIE5hbWU9IlJlZmVyZXIiIFZhbHVlPSJodHRwOi8vbG9jYWxob3N0OjU2NTY4L0xvZ2luIiAvPg0KICAgICAgICAgIDwvSGVhZGVycz4NCiAgICAgICAgICA8UXVlcnlTdHJpbmdQYXJhbWV0ZXJzPg0KICAgICAgICAgICAgPFF1ZXJ5U3RyaW5nUGFyYW1ldGVyIE5hbWU9InRyYW5zcG9ydCIgVmFsdWU9ImxvbmdQb2xsaW5nIiBSZWNvcmRlZFZhbHVlPSJsb25nUG9sbGluZyIgQ29ycmVsYXRpb25CaW5kaW5nPSIiIFVybEVuY29kZT0iRmFsc2UiIFVzZVRvR3JvdXBSZXN1bHRzPSJGYWxzZSIgLz4NCiAgICAgICAgICAgIDxRdWVyeVN0cmluZ1BhcmFtZXRlciBOYW1lPSJjb25uZWN0aW9uVG9rZW4iIFZhbHVlPSJBUUFBQU5DTW5kOEJGZEVSakhvQXdFJTJGQ2wlMkJzQkFBQUFmQVN6aEdPTlowdURjdHNsNjN2T3RRQUFBQUFDQUFBQUFBQVFaZ0FBQUFFQUFDQUFBQUJYdk9qemVUTVNZYmRtJTJGc3dEY3h6M0Y3MXp1NnM3aWJ4MmJjOW9QMWgxUkFBQUFBQU9nQUFBQUFJQUFDQUFBQUFOeVdka3dKd0NZS0pVSVklMkJablFwZ09pblZlMmYxR1QyTzNleFgxUXV3Z2pBQUFBREYlMkJFZnRpaUFnSlhoOHEwZTlFd2hoZ1o3Q3hQMUolMkZFajczanlJS2xSNHFkTTAzQ1pvcVRuZ2hxQTNKSHBCRk50QUFBQUFhRDhoVWNZQ3ZGQW8zRkxHTUpRcDhxN3Zwb2U5OFdFeWhWQyUyQnoySjM2TUljMW9BZmpKamNHRDZJRiUyQm81bXpVbEM2Q1RVbXhmZ0tuaGtra00lMkJRSXBjdyUzRCUzRCIgUmVjb3JkZWRWYWx1ZT0iQVFBQUFOQ01uZDhCRmRFUmpIb0F3RSUyRkNsJTJCc0JBQUFBZkFTemhHT05aMHVEY3RzbDYzdk90UUFBQUFBQ0FBQUFBQUFRWmdBQUFBRUFBQ0FBQUFCWHZPanplVE1TWWJkbSUyRnN3RGN4ejNGNzF6dTZzN2lieDJiYzlvUDFoMVJBQUFBQUFPZ0FBQUFBSUFBQ0FBQUFBTnlXZGt3SndDWUtKVUlZJTJCWm5RcGdPaW5WZTJmMUdUMk8zZXhYMVF1d2dqQUFBQURGJTJCRWZ0aWlBZ0pYaDhxMGU5RXdoaGdaN0N4UDFKJTJGRWo3M2p5SUtsUjRxZE0wM0Nab3FUbmdocUEzSkhwQkZOdEFBQUFBYUQ4aFVjWUN2RkFvM0ZMR01KUXA4cTd2cG9lOThXRXloVkMlMkJ6MkozNk1JYzFvQWZqSmpjR0Q2SUYlMkJvNW16VWxDNkNUVW14ZmdLbmhra2tNJTJCUUlwY3clM0QlM0QiIENvcnJlbGF0aW9uQmluZGluZz0iIiBVcmxFbmNvZGU9IkZhbHNlIiBVc2VUb0dyb3VwUmVzdWx0cz0iRmFsc2UiIC8+DQogICAgICAgICAgICA8UXVlcnlTdHJpbmdQYXJhbWV0ZXIgTmFtZT0icmVxdWVzdFVybCIgVmFsdWU9Imh0dHAlM0ElMkYlMkZsb2NhbGhvc3QlM0E1NjU2OCUyRkxvZ2luIiBSZWNvcmRlZFZhbHVlPSJodHRwJTNBJTJGJTJGbG9jYWxob3N0JTNBNTY1NjglMkZMb2dpbiIgQ29ycmVsYXRpb25CaW5kaW5nPSIiIFVybEVuY29kZT0iRmFsc2UiIFVzZVRvR3JvdXBSZXN1bHRzPSJGYWxzZSIgLz4NCiAgICAgICAgICAgIDxRdWVyeVN0cmluZ1BhcmFtZXRlciBOYW1lPSJicm93c2VyTmFtZSIgVmFsdWU9IkludGVybmV0RXhwbG9yZXIiIFJlY29yZGVkVmFsdWU9IkludGVybmV0RXhwbG9yZXIiIENvcnJlbGF0aW9uQmluZGluZz0iIiBVcmxFbmNvZGU9IkZhbHNlIiBVc2VUb0dyb3VwUmVzdWx0cz0iRmFsc2UiIC8+DQogICAgICAgICAgPC9RdWVyeVN0cmluZ1BhcmFtZXRlcnM+DQogICAgICAgICAgPEZvcm1Qb3N0SHR0cEJvZHkgLz4NCiAgICAgICAgPC9SZXF1ZXN0Pg0KICAgICAgPC9EZXBlbmRlbnRSZXF1ZXN0cz4NCiAgICAgIDxIZWFkZXJzPg0KICAgICAgICA8SGVhZGVyIE5hbWU9IlJlZmVyZXIiIFZhbHVlPSJodHRwOi8vbG9jYWxob3N0OjU2NTY4L0xvZ2luIiAvPg0KICAgICAgPC9IZWFkZXJzPg0KICAgICAgPEZvcm1Qb3N0SHR0cEJvZHk+DQogICAgICAgIDxGb3JtUG9zdFBhcmFtZXRlciBOYW1lPSJfX1JlcXVlc3RWZXJpZmljYXRpb25Ub2tlbiIgVmFsdWU9Int7JEhJRERFTjEuX19SZXF1ZXN0VmVyaWZpY2F0aW9uVG9rZW59fSIgUmVjb3JkZWRWYWx1ZT0ic1paaWNLUVowbHVSZW93UHNhblg2anFCbkV3amQybkU1UWVuLXJGWV96OEw0YVFYLTJIdTVva0pPMHd4bFlMZ1JDU0hxcHROLUlPWFRxTWdBNTFBRFBaX1ZTNjBUMG13RnRQYlJtSWwtV0kxIiBDb3JyZWxhdGlvbkJpbmRpbmc9IiIgVXJsRW5jb2RlPSJUcnVlIiAvPg0KICAgICAgICA8Rm9ybVBvc3RQYXJhbWV0ZXIgTmFtZT0iVXNlcm5hbWUiIFZhbHVlPSJzaW5nMTIzMSIgUmVjb3JkZWRWYWx1ZT0ic2luZzEyMzEiIENvcnJlbGF0aW9uQmluZGluZz0iIiBVcmxFbmNvZGU9IlRydWUiIC8+DQogICAgICAgIDxGb3JtUG9zdFBhcmFtZXRlciBOYW1lPSJQYXNzd29yZCIgVmFsdWU9ImRnZGdzZGgiIFJlY29yZGVkVmFsdWU9ImRnZGdzZGgiIENvcnJlbGF0aW9uQmluZGluZz0iIiBVcmxFbmNvZGU9IlRydWUiIC8+DQogICAgICA8L0Zvcm1Qb3N0SHR0cEJvZHk+DQogICAgPC9SZXF1ZXN0Pg0KICAgIDxSZXF1ZXN0IE1ldGhvZD0iUE9TVCIgR3VpZD0iZTU2YWNmMGEtOTdhYS00MjlmLTk3ZGYtNWQxYWNhNjZmZWYwIiBWZXJzaW9uPSIxLjEiIFVybD0iaHR0cDovL2xvY2FsaG9zdDoxNTg1L2YyNjc0Mzk1YTNkOTQyY2E5YjkyODc0Zjg5N2FlZjRiL2FydGVyeVNpZ25hbFIvbmVnb3RpYXRlIiBUaGlua1RpbWU9IjAiIFRpbWVvdXQ9IjMwMCIgUGFyc2VEZXBlbmRlbnRSZXF1ZXN0cz0iVHJ1ZSIgRm9sbG93UmVkaXJlY3RzPSJUcnVlIiBSZWNvcmRSZXN1bHQ9IlRydWUiIENhY2hlPSJGYWxzZSIgUmVzcG9uc2VUaW1lR29hbD0iMCIgRW5jb2Rpbmc9InV0Zi04IiBFeHBlY3RlZEh0dHBTdGF0dXNDb2RlPSIwIiBFeHBlY3RlZFJlc3BvbnNlVXJsPSIiIFJlcG9ydGluZ05hbWU9IiIgSWdub3JlSHR0cFN0YXR1c0NvZGU9IkZhbHNlIj4NCiAgICAgIDxIZWFkZXJzPg0KICAgICAgICA8SGVhZGVyIE5hbWU9IkNvbnRlbnQtVHlwZSIgVmFsdWU9ImFwcGxpY2F0aW9uL3gtd3d3LWZvcm0tdXJsZW5jb2RlZDsgY2hhcnNldD1VVEYtOCIgLz4NCiAgICAgICAgPEhlYWRlciBOYW1lPSJBY2NlcHQiIFZhbHVlPSJ0ZXh0L3BsYWluLCAqLyo7IHE9MC4wMSIgLz4NCiAgICAgICAgPEhlYWRlciBOYW1lPSJSZWZlcmVyIiBWYWx1ZT0iaHR0cDovL2xvY2FsaG9zdDo1NjU2OC9Mb2dpbiIgLz4NCiAgICAgIDwvSGVhZGVycz4NCiAgICAgIDxRdWVyeVN0cmluZ1BhcmFtZXRlcnM+DQogICAgICAgIDxRdWVyeVN0cmluZ1BhcmFtZXRlciBOYW1lPSJyZXF1ZXN0VXJsIiBWYWx1ZT0iaHR0cCUzQSUyRiUyRmxvY2FsaG9zdCUzQTU2NTY4JTJGTG9naW4iIFJlY29yZGVkVmFsdWU9Imh0dHAlM0ElMkYlMkZsb2NhbGhvc3QlM0E1NjU2OCUyRkxvZ2luIiBDb3JyZWxhdGlvbkJpbmRpbmc9IiIgVXJsRW5jb2RlPSJGYWxzZSIgVXNlVG9Hcm91cFJlc3VsdHM9IkZhbHNlIiAvPg0KICAgICAgICA8UXVlcnlTdHJpbmdQYXJhbWV0ZXIgTmFtZT0iYnJvd3Nlck5hbWUiIFZhbHVlPSJJbnRlcm5ldEV4cGxvcmVyIiBSZWNvcmRlZFZhbHVlPSJJbnRlcm5ldEV4cGxvcmVyIiBDb3JyZWxhdGlvbkJpbmRpbmc9IiIgVXJsRW5jb2RlPSJGYWxzZSIgVXNlVG9Hcm91cFJlc3VsdHM9IkZhbHNlIiAvPg0KICAgICAgICA8UXVlcnlTdHJpbmdQYXJhbWV0ZXIgTmFtZT0iY2xpZW50UHJvdG9jb2wiIFZhbHVlPSIxLjMiIFJlY29yZGVkVmFsdWU9IjEuMyIgQ29ycmVsYXRpb25CaW5kaW5nPSIiIFVybEVuY29kZT0iRmFsc2UiIFVzZVRvR3JvdXBSZXN1bHRzPSJGYWxzZSIgLz4NCiAgICAgICAgPFF1ZXJ5U3RyaW5nUGFyYW1ldGVyIE5hbWU9Il8iIFZhbHVlPSIxMzk3NDQzNDc5NTQzIiBSZWNvcmRlZFZhbHVlPSIxMzk3NDQzNDc5NTQzIiBDb3JyZWxhdGlvbkJpbmRpbmc9IiIgVXJsRW5jb2RlPSJGYWxzZSIgVXNlVG9Hcm91cFJlc3VsdHM9IkZhbHNlIiAvPg0KICAgICAgPC9RdWVyeVN0cmluZ1BhcmFtZXRlcnM+DQogICAgICA8Rm9ybVBvc3RIdHRwQm9keSAvPg0KICAgIDwvUmVxdWVzdD4NCiAgICA8UmVxdWVzdCBNZXRob2Q9IlBPU1QiIEd1aWQ9ImI5MzM3YTZiLWVlODEtNGNkZC05YmFmLTU0ODUxNGUyNDRiYSIgVmVyc2lvbj0iMS4xIiBVcmw9Imh0dHA6Ly9sb2NhbGhvc3Q6MTU4NS9mMjY3NDM5NWEzZDk0MmNhOWI5Mjg3NGY4OTdhZWY0Yi9hcnRlcnlTaWduYWxSL2Nvbm5lY3QiIFRoaW5rVGltZT0iMCIgVGltZW91dD0iMzAwIiBQYXJzZURlcGVuZGVudFJlcXVlc3RzPSJUcnVlIiBGb2xsb3dSZWRpcmVjdHM9IlRydWUiIFJlY29yZFJlc3VsdD0iVHJ1ZSIgQ2FjaGU9IkZhbHNlIiBSZXNwb25zZVRpbWVHb2FsPSIwIiBFbmNvZGluZz0idXRmLTgiIEV4cGVjdGVkSHR0cFN0YXR1c0NvZGU9IjAiIEV4cGVjdGVkUmVzcG9uc2VVcmw9IiIgUmVwb3J0aW5nTmFtZT0iIiBJZ25vcmVIdHRwU3RhdHVzQ29kZT0iRmFsc2UiPg0KICAgICAgPEhlYWRlcnM+DQogICAgICAgIDxIZWFkZXIgTmFtZT0iQ29udGVudC1UeXBlIiBWYWx1ZT0iYXBwbGljYXRpb24veC13d3ctZm9ybS11cmxlbmNvZGVkOyBjaGFyc2V0PVVURi04IiAvPg0KICAgICAgICA8SGVhZGVyIE5hbWU9IkFjY2VwdCIgVmFsdWU9InRleHQvcGxhaW4sICovKjsgcT0wLjAxIiAvPg0KICAgICAgICA8SGVhZGVyIE5hbWU9IlJlZmVyZXIiIFZhbHVlPSJodHRwOi8vbG9jYWxob3N0OjU2NTY4L0xvZ2luIiAvPg0KICAgICAgPC9IZWFkZXJzPg0KICAgICAgPFF1ZXJ5U3RyaW5nUGFyYW1ldGVycz4NCiAgICAgICAgPFF1ZXJ5U3RyaW5nUGFyYW1ldGVyIE5hbWU9InRyYW5zcG9ydCIgVmFsdWU9ImxvbmdQb2xsaW5nIiBSZWNvcmRlZFZhbHVlPSJsb25nUG9sbGluZyIgQ29ycmVsYXRpb25CaW5kaW5nPSIiIFVybEVuY29kZT0iRmFsc2UiIFVzZVRvR3JvdXBSZXN1bHRzPSJGYWxzZSIgLz4NCiAgICAgICAgPFF1ZXJ5U3RyaW5nUGFyYW1ldGVyIE5hbWU9ImNvbm5lY3Rpb25Ub2tlbiIgVmFsdWU9IkFRQUFBTkNNbmQ4QkZkRVJqSG9Bd0UlMkZDbCUyQnNCQUFBQWZBU3poR09OWjB1RGN0c2w2M3ZPdFFBQUFBQUNBQUFBQUFBUVpnQUFBQUVBQUNBQUFBRHFyclhMOUw1RFhFUGU0Nkw0SURuUGd6Q1VzSWFWSjJncFlsUzhHdGx6SmdBQUFBQU9nQUFBQUFJQUFDQUFBQUIyYldWdGVlMERJTlpMakdjanhxMkRBa2Z4ZGxzNE1TZ1h2TSUyRndhb0ZQRHpBQUFBQUdMNEJDdGl0NTc3amp2JTJGZ2Z3ZnZNcW52UyUyRlUlMkZla3NpODVweDdMbU1CbHlveEZFNGZ5Nk00N3NhYzhQOEsxYUpBQUFBQWl0aEx4NUY3QTluUEMlMkZtZVM2bFJkMDBuZiUyQkkzYXZKS3JYczhtMTJBRHJ3JTJCMkM2UFlVTG5LUTZsVlBjWCUyRmQlMkZnNjRVQWtsd2NkWUZoTlMzdWJGUFRDZyUzRCUzRCIgUmVjb3JkZWRWYWx1ZT0iQVFBQUFOQ01uZDhCRmRFUmpIb0F3RSUyRkNsJTJCc0JBQUFBZkFTemhHT05aMHVEY3RzbDYzdk90UUFBQUFBQ0FBQUFBQUFRWmdBQUFBRUFBQ0FBQUFEcXJyWEw5TDVEWEVQZTQ2TDRJRG5QZ3pDVXNJYVZKMmdwWWxTOEd0bHpKZ0FBQUFBT2dBQUFBQUlBQUNBQUFBQjJiV1Z0ZWUwRElOWkxqR2NqeHEyREFrZnhkbHM0TVNnWHZNJTJGd2FvRlBEekFBQUFBR0w0QkN0aXQ1NzdqanYlMkZnZndmdk1xbnZTJTJGVSUyRmVrc2k4NXB4N0xtTUJseW94RkU0Znk2TTQ3c2FjOFA4SzFhSkFBQUFBaXRoTHg1RjdBOW5QQyUyRm1lUzZsUmQwMG5mJTJCSTNhdkpLclhzOG0xMkFEcnclMkIyQzZQWVVMbktRNmxWUGNYJTJGZCUyRmc2NFVBa2x3Y2RZRmhOUzN1YkZQVENnJTNEJTNEIiBDb3JyZWxhdGlvbkJpbmRpbmc9IiIgVXJsRW5jb2RlPSJGYWxzZSIgVXNlVG9Hcm91cFJlc3VsdHM9IkZhbHNlIiAvPg0KICAgICAgICA8UXVlcnlTdHJpbmdQYXJhbWV0ZXIgTmFtZT0icmVxdWVzdFVybCIgVmFsdWU9Imh0dHAlM0ElMkYlMkZsb2NhbGhvc3QlM0E1NjU2OCUyRkxvZ2luIiBSZWNvcmRlZFZhbHVlPSJodHRwJTNBJTJGJTJGbG9jYWxob3N0JTNBNTY1NjglMkZMb2dpbiIgQ29ycmVsYXRpb25CaW5kaW5nPSIiIFVybEVuY29kZT0iRmFsc2UiIFVzZVRvR3JvdXBSZXN1bHRzPSJGYWxzZSIgLz4NCiAgICAgICAgPFF1ZXJ5U3RyaW5nUGFyYW1ldGVyIE5hbWU9ImJyb3dzZXJOYW1lIiBWYWx1ZT0iSW50ZXJuZXRFeHBsb3JlciIgUmVjb3JkZWRWYWx1ZT0iSW50ZXJuZXRFeHBsb3JlciIgQ29ycmVsYXRpb25CaW5kaW5nPSIiIFVybEVuY29kZT0iRmFsc2UiIFVzZVRvR3JvdXBSZXN1bHRzPSJGYWxzZSIgLz4NCiAgICAgICAgPFF1ZXJ5U3RyaW5nUGFyYW1ldGVyIE5hbWU9InRpZCIgVmFsdWU9IjQiIFJlY29yZGVkVmFsdWU9IjQiIENvcnJlbGF0aW9uQmluZGluZz0iIiBVcmxFbmNvZGU9IkZhbHNlIiBVc2VUb0dyb3VwUmVzdWx0cz0iRmFsc2UiIC8+DQogICAgICAgIDxRdWVyeVN0cmluZ1BhcmFtZXRlciBOYW1lPSJfIiBWYWx1ZT0iMTM5NzQ0MzQ3OTgzMiIgUmVjb3JkZWRWYWx1ZT0iMTM5NzQ0MzQ3OTgzMiIgQ29ycmVsYXRpb25CaW5kaW5nPSIiIFVybEVuY29kZT0iRmFsc2UiIFVzZVRvR3JvdXBSZXN1bHRzPSJGYWxzZSIgLz4NCiAgICAgIDwvUXVlcnlTdHJpbmdQYXJhbWV0ZXJzPg0KICAgICAgPEZvcm1Qb3N0SHR0cEJvZHkgLz4NCiAgICA8L1JlcXVlc3Q+DQogICAgPFJlcXVlc3QgTWV0aG9kPSJQT1NUIiBHdWlkPSI3MTVhZDY2Yi1hNTg4LTRjOTAtYWQ5MS0yMzZmMzIyMmJkMDgiIFZlcnNpb249IjEuMSIgVXJsPSJodHRwOi8vbG9jYWxob3N0OjE1ODUvZjI2NzQzOTVhM2Q5NDJjYTliOTI4NzRmODk3YWVmNGIvYXJ0ZXJ5U2lnbmFsUi9zZW5kIiBUaGlua1RpbWU9IjAiIFRpbWVvdXQ9IjMwMCIgUGFyc2VEZXBlbmRlbnRSZXF1ZXN0cz0iVHJ1ZSIgRm9sbG93UmVkaXJlY3RzPSJUcnVlIiBSZWNvcmRSZXN1bHQ9IlRydWUiIENhY2hlPSJGYWxzZSIgUmVzcG9uc2VUaW1lR29hbD0iMCIgRW5jb2Rpbmc9InV0Zi04IiBFeHBlY3RlZEh0dHBTdGF0dXNDb2RlPSIwIiBFeHBlY3RlZFJlc3BvbnNlVXJsPSIiIFJlcG9ydGluZ05hbWU9IiIgSWdub3JlSHR0cFN0YXR1c0NvZGU9IkZhbHNlIj4NCiAgICAgIDxIZWFkZXJzPg0KICAgICAgICA8SGVhZGVyIE5hbWU9IkFjY2VwdCIgVmFsdWU9InRleHQvcGxhaW4sICovKjsgcT0wLjAxIiAvPg0KICAgICAgICA8SGVhZGVyIE5hbWU9IlJlZmVyZXIiIFZhbHVlPSJodHRwOi8vbG9jYWxob3N0OjU2NTY4L0xvZ2luIiAvPg0KICAgICAgPC9IZWFkZXJzPg0KICAgICAgPFF1ZXJ5U3RyaW5nUGFyYW1ldGVycz4NCiAgICAgICAgPFF1ZXJ5U3RyaW5nUGFyYW1ldGVyIE5hbWU9InRyYW5zcG9ydCIgVmFsdWU9ImxvbmdQb2xsaW5nIiBSZWNvcmRlZFZhbHVlPSJsb25nUG9sbGluZyIgQ29ycmVsYXRpb25CaW5kaW5nPSIiIFVybEVuY29kZT0iRmFsc2UiIFVzZVRvR3JvdXBSZXN1bHRzPSJGYWxzZSIgLz4NCiAgICAgICAgPFF1ZXJ5U3RyaW5nUGFyYW1ldGVyIE5hbWU9ImNvbm5lY3Rpb25Ub2tlbiIgVmFsdWU9IkFRQUFBTkNNbmQ4QkZkRVJqSG9Bd0UlMkZDbCUyQnNCQUFBQWZBU3poR09OWjB1RGN0c2w2M3ZPdFFBQUFBQUNBQUFBQUFBUVpnQUFBQUVBQUNBQUFBRHFyclhMOUw1RFhFUGU0Nkw0SURuUGd6Q1VzSWFWSjJncFlsUzhHdGx6SmdBQUFBQU9nQUFBQUFJQUFDQUFBQUIyYldWdGVlMERJTlpMakdjanhxMkRBa2Z4ZGxzNE1TZ1h2TSUyRndhb0ZQRHpBQUFBQUdMNEJDdGl0NTc3amp2JTJGZ2Z3ZnZNcW52UyUyRlUlMkZla3NpODVweDdMbU1CbHlveEZFNGZ5Nk00N3NhYzhQOEsxYUpBQUFBQWl0aEx4NUY3QTluUEMlMkZtZVM2bFJkMDBuZiUyQkkzYXZKS3JYczhtMTJBRHJ3JTJCMkM2UFlVTG5LUTZsVlBjWCUyRmQlMkZnNjRVQWtsd2NkWUZoTlMzdWJGUFRDZyUzRCUzRCIgUmVjb3JkZWRWYWx1ZT0iQVFBQUFOQ01uZDhCRmRFUmpIb0F3RSUyRkNsJTJCc0JBQUFBZkFTemhHT05aMHVEY3RzbDYzdk90UUFBQUFBQ0FBQUFBQUFRWmdBQUFBRUFBQ0FBQUFEcXJyWEw5TDVEWEVQZTQ2TDRJRG5QZ3pDVXNJYVZKMmdwWWxTOEd0bHpKZ0FBQUFBT2dBQUFBQUlBQUNBQUFBQjJiV1Z0ZWUwRElOWkxqR2NqeHEyREFrZnhkbHM0TVNnWHZNJTJGd2FvRlBEekFBQUFBR0w0QkN0aXQ1NzdqanYlMkZnZndmdk1xbnZTJTJGVSUyRmVrc2k4NXB4N0xtTUJseW94RkU0Znk2TTQ3c2FjOFA4SzFhSkFBQUFBaXRoTHg1RjdBOW5QQyUyRm1lUzZsUmQwMG5mJTJCSTNhdkpLclhzOG0xMkFEcnclMkIyQzZQWVVMbktRNmxWUGNYJTJGZCUyRmc2NFVBa2x3Y2RZRmhOUzN1YkZQVENnJTNEJTNEIiBDb3JyZWxhdGlvbkJpbmRpbmc9IiIgVXJsRW5jb2RlPSJGYWxzZSIgVXNlVG9Hcm91cFJlc3VsdHM9IkZhbHNlIiAvPg0KICAgICAgICA8UXVlcnlTdHJpbmdQYXJhbWV0ZXIgTmFtZT0icmVxdWVzdFVybCIgVmFsdWU9Imh0dHAlM0ElMkYlMkZsb2NhbGhvc3QlM0E1NjU2OCUyRkxvZ2luIiBSZWNvcmRlZFZhbHVlPSJodHRwJTNBJTJGJTJGbG9jYWxob3N0JTNBNTY1NjglMkZMb2dpbiIgQ29ycmVsYXRpb25CaW5kaW5nPSIiIFVybEVuY29kZT0iRmFsc2UiIFVzZVRvR3JvdXBSZXN1bHRzPSJGYWxzZSIgLz4NCiAgICAgICAgPFF1ZXJ5U3RyaW5nUGFyYW1ldGVyIE5hbWU9ImJyb3dzZXJOYW1lIiBWYWx1ZT0iSW50ZXJuZXRFeHBsb3JlciIgUmVjb3JkZWRWYWx1ZT0iSW50ZXJuZXRFeHBsb3JlciIgQ29ycmVsYXRpb25CaW5kaW5nPSIiIFVybEVuY29kZT0iRmFsc2UiIFVzZVRvR3JvdXBSZXN1bHRzPSJGYWxzZSIgLz4NCiAgICAgIDwvUXVlcnlTdHJpbmdQYXJhbWV0ZXJzPg0KICAgICAgPEZvcm1Qb3N0SHR0cEJvZHkgLz4NCiAgICA8L1JlcXVlc3Q+DQogICAgPFJlcXVlc3QgTWV0aG9kPSJQT1NUIiBHdWlkPSJlMDMyMDE3ZS1jZmEwLTQyNTUtOTIwNi1kNTQ1ZTc0YWE1OTEiIFZlcnNpb249IjEuMSIgVXJsPSJodHRwOi8vbG9jYWxob3N0OjE1ODUvZjI2NzQzOTVhM2Q5NDJjYTliOTI4NzRmODk3YWVmNGIvYXJ0ZXJ5U2lnbmFsUi9wb2xsIiBUaGlua1RpbWU9IjAiIFRpbWVvdXQ9IjMwMCIgUGFyc2VEZXBlbmRlbnRSZXF1ZXN0cz0iVHJ1ZSIgRm9sbG93UmVkaXJlY3RzPSJUcnVlIiBSZWNvcmRSZXN1bHQ9IlRydWUiIENhY2hlPSJGYWxzZSIgUmVzcG9uc2VUaW1lR29hbD0iMCIgRW5jb2Rpbmc9InV0Zi04IiBFeHBlY3RlZEh0dHBTdGF0dXNDb2RlPSIwIiBFeHBlY3RlZFJlc3BvbnNlVXJsPSIiIFJlcG9ydGluZ05hbWU9IiIgSWdub3JlSHR0cFN0YXR1c0NvZGU9IkZhbHNlIj4NCiAgICAgIDxIZWFkZXJzPg0KICAgICAgICA8SGVhZGVyIE5hbWU9IkNvbnRlbnQtVHlwZSIgVmFsdWU9ImFwcGxpY2F0aW9uL3gtd3d3LWZvcm0tdXJsZW5jb2RlZDsgY2hhcnNldD1VVEYtOCIgLz4NCiAgICAgICAgPEhlYWRlciBOYW1lPSJBY2NlcHQiIFZhbHVlPSJ0ZXh0L3BsYWluLCAqLyo7IHE9MC4wMSIgLz4NCiAgICAgICAgPEhlYWRlciBOYW1lPSJSZWZlcmVyIiBWYWx1ZT0iaHR0cDovL2xvY2FsaG9zdDo1NjU2OC9Mb2dpbiIgLz4NCiAgICAgIDwvSGVhZGVycz4NCiAgICAgIDxRdWVyeVN0cmluZ1BhcmFtZXRlcnM+DQogICAgICAgIDxRdWVyeVN0cmluZ1BhcmFtZXRlciBOYW1lPSJ0cmFuc3BvcnQiIFZhbHVlPSJsb25nUG9sbGluZyIgUmVjb3JkZWRWYWx1ZT0ibG9uZ1BvbGxpbmciIENvcnJlbGF0aW9uQmluZGluZz0iIiBVcmxFbmNvZGU9IkZhbHNlIiBVc2VUb0dyb3VwUmVzdWx0cz0iRmFsc2UiIC8+DQogICAgICAgIDxRdWVyeVN0cmluZ1BhcmFtZXRlciBOYW1lPSJjb25uZWN0aW9uVG9rZW4iIFZhbHVlPSJBUUFBQU5DTW5kOEJGZEVSakhvQXdFJTJGQ2wlMkJzQkFBQUFmQVN6aEdPTlowdURjdHNsNjN2T3RRQUFBQUFDQUFBQUFBQVFaZ0FBQUFFQUFDQUFBQURxcnJYTDlMNURYRVBlNDZMNElEblBnekNVc0lhVkoyZ3BZbFM4R3RsekpnQUFBQUFPZ0FBQUFBSUFBQ0FBQUFCMmJXVnRlZTBESU5aTGpHY2p4cTJEQWtmeGRsczRNU2dYdk0lMkZ3YW9GUER6QUFBQUFHTDRCQ3RpdDU3N2pqdiUyRmdmd2Z2TXFudlMlMkZVJTJGZWtzaTg1cHg3TG1NQmx5b3hGRTRmeTZNNDdzYWM4UDhLMWFKQUFBQUFpdGhMeDVGN0E5blBDJTJGbWVTNmxSZDAwbmYlMkJJM2F2SktyWHM4bTEyQURydyUyQjJDNlBZVUxuS1E2bFZQY1glMkZkJTJGZzY0VUFrbHdjZFlGaE5TM3ViRlBUQ2clM0QlM0QiIFJlY29yZGVkVmFsdWU9IkFRQUFBTkNNbmQ4QkZkRVJqSG9Bd0UlMkZDbCUyQnNCQUFBQWZBU3poR09OWjB1RGN0c2w2M3ZPdFFBQUFBQUNBQUFBQUFBUVpnQUFBQUVBQUNBQUFBRHFyclhMOUw1RFhFUGU0Nkw0SURuUGd6Q1VzSWFWSjJncFlsUzhHdGx6SmdBQUFBQU9nQUFBQUFJQUFDQUFBQUIyYldWdGVlMERJTlpMakdjanhxMkRBa2Z4ZGxzNE1TZ1h2TSUyRndhb0ZQRHpBQUFBQUdMNEJDdGl0NTc3amp2JTJGZ2Z3ZnZNcW52UyUyRlUlMkZla3NpODVweDdMbU1CbHlveEZFNGZ5Nk00N3NhYzhQOEsxYUpBQUFBQWl0aEx4NUY3QTluUEMlMkZtZVM2bFJkMDBuZiUyQkkzYXZKS3JYczhtMTJBRHJ3JTJCMkM2UFlVTG5LUTZsVlBjWCUyRmQlMkZnNjRVQWtsd2NkWUZoTlMzdWJGUFRDZyUzRCUzRCIgQ29ycmVsYXRpb25CaW5kaW5nPSIiIFVybEVuY29kZT0iRmFsc2UiIFVzZVRvR3JvdXBSZXN1bHRzPSJGYWxzZSIgLz4NCiAgICAgICAgPFF1ZXJ5U3RyaW5nUGFyYW1ldGVyIE5hbWU9Im1lc3NhZ2VJZCIgVmFsdWU9ImQtQzgzQUYzMjUtayUyQzAlN0M3JTJDMSU3QzglMkMwIiBSZWNvcmRlZFZhbHVlPSJkLUM4M0FGMzI1LWslMkMwJTdDNyUyQzElN0M4JTJDMCIgQ29ycmVsYXRpb25CaW5kaW5nPSIiIFVybEVuY29kZT0iRmFsc2UiIFVzZVRvR3JvdXBSZXN1bHRzPSJGYWxzZSIgLz4NCiAgICAgICAgPFF1ZXJ5U3RyaW5nUGFyYW1ldGVyIE5hbWU9InJlcXVlc3RVcmwiIFZhbHVlPSJodHRwJTNBJTJGJTJGbG9jYWxob3N0JTNBNTY1NjglMkZMb2dpbiIgUmVjb3JkZWRWYWx1ZT0iaHR0cCUzQSUyRiUyRmxvY2FsaG9zdCUzQTU2NTY4JTJGTG9naW4iIENvcnJlbGF0aW9uQmluZGluZz0iIiBVcmxFbmNvZGU9IkZhbHNlIiBVc2VUb0dyb3VwUmVzdWx0cz0iRmFsc2UiIC8+DQogICAgICAgIDxRdWVyeVN0cmluZ1BhcmFtZXRlciBOYW1lPSJicm93c2VyTmFtZSIgVmFsdWU9IkludGVybmV0RXhwbG9yZXIiIFJlY29yZGVkVmFsdWU9IkludGVybmV0RXhwbG9yZXIiIENvcnJlbGF0aW9uQmluZGluZz0iIiBVcmxFbmNvZGU9IkZhbHNlIiBVc2VUb0dyb3VwUmVzdWx0cz0iRmFsc2UiIC8+DQogICAgICAgIDxRdWVyeVN0cmluZ1BhcmFtZXRlciBOYW1lPSJ0aWQiIFZhbHVlPSIwIiBSZWNvcmRlZFZhbHVlPSIwIiBDb3JyZWxhdGlvbkJpbmRpbmc9IiIgVXJsRW5jb2RlPSJGYWxzZSIgVXNlVG9Hcm91cFJlc3VsdHM9IkZhbHNlIiAvPg0KICAgICAgICA8UXVlcnlTdHJpbmdQYXJhbWV0ZXIgTmFtZT0iXyIgVmFsdWU9IjEzOTc0NDM0Nzk4NDAiIFJlY29yZGVkVmFsdWU9IjEzOTc0NDM0Nzk4NDAiIENvcnJlbGF0aW9uQmluZGluZz0iIiBVcmxFbmNvZGU9IkZhbHNlIiBVc2VUb0dyb3VwUmVzdWx0cz0iRmFsc2UiIC8+DQogICAgICA8L1F1ZXJ5U3RyaW5nUGFyYW1ldGVycz4NCiAgICAgIDxGb3JtUG9zdEh0dHBCb2R5IC8+DQogICAgPC9SZXF1ZXN0Pg0KICA8L0l0ZW1zPg0KICA8VmFsaWRhdGlvblJ1bGVzPg0KICAgIDxWYWxpZGF0aW9uUnVsZSBDbGFzc25hbWU9Ik1pY3Jvc29mdC5WaXN1YWxTdHVkaW8uVGVzdFRvb2xzLldlYlRlc3RpbmcuUnVsZXMuVmFsaWRhdGVSZXNwb25zZVVybCwgTWljcm9zb2Z0LlZpc3VhbFN0dWRpby5RdWFsaXR5VG9vbHMuV2ViVGVzdEZyYW1ld29yaywgVmVyc2lvbj0xMC4wLjAuMCwgQ3VsdHVyZT1uZXV0cmFsLCBQdWJsaWNLZXlUb2tlbj1iMDNmNWY3ZjExZDUwYTNhIiBEaXNwbGF5TmFtZT0iUmVzcG9uc2UgVVJMIiBEZXNjcmlwdGlvbj0iVmFsaWRhdGVzIHRoYXQgdGhlIHJlc3BvbnNlIFVSTCBhZnRlciByZWRpcmVjdHMgYXJlIGZvbGxvd2VkIGlzIHRoZSBzYW1lIGFzIHRoZSByZWNvcmRlZCByZXNwb25zZSBVUkwuICBRdWVyeVN0cmluZyBwYXJhbWV0ZXJzIGFyZSBpZ25vcmVkLiIgTGV2ZWw9IkxvdyIgRXhlY3R1aW9uT3JkZXI9IkJlZm9yZURlcGVuZGVudHMiIC8+DQogICAgPFZhbGlkYXRpb25SdWxlIENsYXNzbmFtZT0iTWljcm9zb2Z0LlZpc3VhbFN0dWRpby5UZXN0VG9vbHMuV2ViVGVzdGluZy5SdWxlcy5WYWxpZGF0aW9uUnVsZVJlc3BvbnNlVGltZUdvYWwsIE1pY3Jvc29mdC5WaXN1YWxTdHVkaW8uUXVhbGl0eVRvb2xzLldlYlRlc3RGcmFtZXdvcmssIFZlcnNpb249MTAuMC4wLjAsIEN1bHR1cmU9bmV1dHJhbCwgUHVibGljS2V5VG9rZW49YjAzZjVmN2YxMWQ1MGEzYSIgRGlzcGxheU5hbWU9IlJlc3BvbnNlIFRpbWUgR29hbCIgRGVzY3JpcHRpb249IlZhbGlkYXRlcyB0aGF0IHRoZSByZXNwb25zZSB0aW1lIGZvciB0aGUgcmVxdWVzdCBpcyBsZXNzIHRoYW4gb3IgZXF1YWwgdG8gdGhlIHJlc3BvbnNlIHRpbWUgZ29hbCBhcyBzcGVjaWZpZWQgb24gdGhlIHJlcXVlc3QuICBSZXNwb25zZSB0aW1lIGdvYWxzIG9mIHplcm8gd2lsbCBiZSBpZ25vcmVkLiIgTGV2ZWw9IkxvdyIgRXhlY3R1aW9uT3JkZXI9IkFmdGVyRGVwZW5kZW50cyI+DQogICAgICA8UnVsZVBhcmFtZXRlcnM+DQogICAgICAgIDxSdWxlUGFyYW1ldGVyIE5hbWU9IlRvbGVyYW5jZSIgVmFsdWU9IjAiIC8+DQogICAgICA8L1J1bGVQYXJhbWV0ZXJzPg0KICAgIDwvVmFsaWRhdGlvblJ1bGU+DQogIDwvVmFsaWRhdGlvblJ1bGVzPg0KPC9XZWJUZXN0Pg==">
      <Execution id="e0325b50-e079-4909-8595-e7e63a7823bb" />
    </WebTest>
  </TestDefinitions>
  <TestLists>
    <TestList name="Results Not in a List" id="8c84fa94-04c1-424b-9868-57a2d4851a1d" />
    <TestList name="All Loaded Results" id="19431567-8539-422a-85d7-44ee4e166bda" />
  </TestLists>
  <TestEntries>
    <TestEntry isTransparent="false" testId="f87ed1d5-4d36-4105-b8ce-73ca5520d360" executionId="e0325b50-e079-4909-8595-e7e63a7823bb" testListId="8c84fa94-04c1-424b-9868-57a2d4851a1d" />
  </TestEntries>
  <Results>
    <WebTestResult executionId="e0325b50-e079-4909-8595-e7e63a7823bb" testId="f87ed1d5-4d36-4105-b8ce-73ca5520d360" testName="LoginFailure" computerName="GURVINDER-PC" duration="00:00:22.5284994" startTime="2014-04-13T22:46:04.3112659-04:00" endTime="2014-04-13T22:46:37.5201653-04:00" testType="4e7599fa-5ecb-43e9-a887-cd63cf72d207" outcome="Failed" testListId="8c84fa94-04c1-424b-9868-57a2d4851a1d" relativeResultsDirectory="e0325b50-e079-4909-8595-e7e63a7823bb">
      <Output>
        <ErrorInfo>
          <Message>5 primary requests, 0 dependant requests and 0 conditional rules failed</Message>
        </ErrorInfo>
      </Output>
      <ResultFiles>
        <ResultFile path="LoginFailure.webtestResult" />
      </ResultFiles>
      <TestSettings name="Default Test Settings" id="decca888-1aff-4ebf-8607-327784c28d41">
        <Deployment runDeploymentRoot="Gurvinder_GURVINDER-PC 2014-04-13 22_46_02">
          <DeploymentItem filename="C:\Users\Gurvinder\Documents\Visual Studio 2013\Projects\Phoenix_Project\packages\Microsoft.AspNet.WebApi.Client.5.0.0\lib\net45\System.Net.Http.Formatting.dll" />
          <DeploymentItem filename="C:\Users\Gurvinder\Documents\Visual Studio 2013\Projects\Phoenix_Project\packages\Microsoft.AspNet.WebPages.3.0.0\lib\net45\System.Web.WebPages.Razor.dll" />
          <DeploymentItem filename="C:\Users\Gurvinder\Documents\Visual Studio 2013\Projects\Phoenix_Project\packages\Microsoft.AspNet.Mvc.5.0.0\lib\net45\System.Web.Mvc.dll" />
          <DeploymentItem filename="C:\Users\Gurvinder\Documents\Visual Studio 2013\Projects\Phoenix_Project\packages\Microsoft.AspNet.WebApi.Core.5.0.0\lib\net45\System.Web.Http.dll" />
          <DeploymentItem filename="C:\Users\Gurvinder\Documents\Visual Studio 2013\Projects\Phoenix_Project\packages\Microsoft.AspNet.WebPages.3.0.0\lib\net45\System.Web.Helpers.dll" />
          <DeploymentItem filename="C:\Users\Gurvinder\Documents\Visual Studio 2013\Projects\Phoenix_Project\packages\Newtonsoft.Json.5.0.6\lib\net45\Newtonsoft.Json.dll" />
          <DeploymentItem filename="C:\Users\Gurvinder\Documents\Visual Studio 2013\Projects\Phoenix_Project\packages\Microsoft.AspNet.WebPages.3.0.0\lib\net45\System.Web.WebPages.Deployment.dll" />
          <DeploymentItem filename="C:\Users\Gurvinder\Documents\Visual Studio 2013\Projects\Phoenix_Project\packages\Microsoft.AspNet.WebApi.WebHost.5.0.0\lib\net45\System.Web.Http.WebHost.dll" />
          <DeploymentItem filename="C:\Users\Gurvinder\Documents\Visual Studio 2013\Projects\Phoenix_Project\packages\Microsoft.AspNet.Razor.3.0.0\lib\net45\System.Web.Razor.dll" />
          <DeploymentItem filename="C:\Users\Gurvinder\Documents\Visual Studio 2013\Projects\Phoenix_Project\packages\Microsoft.Web.Infrastructure.1.0.0.0\lib\net40\Microsoft.Web.Infrastructure.dll" />
          <DeploymentItem filename="C:\Users\Gurvinder\Documents\Visual Studio 2013\Projects\Phoenix_Project\Phoenix_Project\bin\Phoenix_Project.dll" />
          <DeploymentItem filename="C:\Users\Gurvinder\Documents\Visual Studio 2013\Projects\Phoenix_Project\packages\CodedUI.jQueryExtensions.1.0.3.0\lib\net40\CodedUI.jQueryExtensions.dll" />
          <DeploymentItem filename="C:\Users\Gurvinder\Documents\Visual Studio 2013\Projects\Phoenix_Project\packages\Microsoft.AspNet.WebPages.3.0.0\lib\net45\System.Web.WebPages.dll" />
        </Deployment>
        <Execution>
          <TestTypeSpecific>
            <WebTestRunConfiguration testTypeId="4e7599fa-5ecb-43e9-a887-cd63cf72d207">
              <Browser name="Internet Explorer 9.0" MaxConnections="6">
                <Headers>
                  <Header name="User-Agent" value="Mozilla/5.0 (compatible; MSIE 9.0; Windows NT 6.1; Trident/5.0)" />
                  <Header name="Accept" value="*/*" />
                  <Header name="Accept-Language" value="{{$IEAcceptLanguage}}" />
                  <Header name="Accept-Encoding" value="GZIP" />
                </Headers>
              </Browser>
            </WebTestRunConfiguration>
          </TestTypeSpecific>
          <AgentRule name="Execution Agents">
          </AgentRule>
        </Execution>
        <Properties />
      </TestSettings>
      <WebTestResultFilePath>Gurvinder_GURVINDER-PC 2014-04-13 22_46_02\In\e0325b50-e079-4909-8595-e7e63a7823bb\LoginFailure.webtestResult</WebTestResultFilePath>
    </WebTestResult>
  </Results>
</TestRun>